#
# There is insufficient memory for the Java Runtime Environment to continue.
# Native memory allocation (mmap) failed to map 46137344 bytes for G1 virtual space
# Possible reasons:
#   The system is out of physical RAM or swap space
#   The process is running with CompressedOops enabled, and the Java Heap may be blocking the growth of the native heap
# Possible solutions:
#   Reduce memory load on the system
#   Increase physical memory or swap space
#   Check if swap backing store is full
#   Decrease Java heap size (-Xmx/-Xms)
#   Decrease number of Java threads
#   Decrease Java thread stack sizes (-Xss)
#   Set larger code cache with -XX:ReservedCodeCacheSize=
#   JVM is running with Unscaled Compressed Oops mode in which the Java heap is
#     placed in the first 4GB address space. The Java Heap base address is the
#     maximum limit for the native heap growth. Please use -XX:HeapBaseMinAddress
#     to set the Java Heap base and to place the Java Heap above 4GB virtual address.
# This output file may be truncated or incomplete.
#
#  Out of Memory Error (./open/src/hotspot/os/windows/os_windows.cpp:3472), pid=12204, tid=20600
#
# JRE version: Java(TM) SE Runtime Environment (15.0.1+9) (build 15.0.1+9-18)
# Java VM: Java HotSpot(TM) 64-Bit Server VM (15.0.1+9-18, mixed mode, sharing, tiered, compressed oops, g1 gc, windows-amd64)
# No core dump will be written. Minidumps are not enabled by default on client versions of Windows
#

---------------  S U M M A R Y ------------

Command Line: --add-opens=java.base/java.util=ALL-UNNAMED --add-opens=java.base/java.lang=ALL-UNNAMED --add-opens=java.base/java.lang.invoke=ALL-UNNAMED --add-opens=java.prefs/java.util.prefs=ALL-UNNAMED -Xmx2048m -Dfile.encoding=UTF-8 -Duser.country=US -Duser.language=en -Duser.variant org.gradle.launcher.daemon.bootstrap.GradleDaemon 6.5

Host: AMD PRO A10-8700B R6, 10 Compute Cores 4C+6G   , 4 cores, 14G,  Windows 10 , 64 bit Build 18362 (10.0.18362.1)
Time: Sat Mar 13 13:55:54 2021 Egypt Standard Time elapsed time: 180.780199 seconds (0d 0h 3m 0s)

---------------  T H R E A D  ---------------

Current thread (0x00000238537cbb90):  VMThread "VM Thread" [stack: 0x00000062e2f00000,0x00000062e3000000] [id=20600]

Stack: [0x00000062e2f00000,0x00000062e3000000]
[error occurred during error reporting (printing stack bounds), id 0xc0000005, EXCEPTION_ACCESS_VIOLATION (0xc0000005) at pc=0x000002383cf510ad]

Native frames: (J=compiled Java code, j=interpreted, Vv=VM code, C=native code)
V  [jvm.dll+0x62ae9a]
V  [jvm.dll+0x781389]
V  [jvm.dll+0x782ae3]
V  [jvm.dll+0x7830a5]
V  [jvm.dll+0x78305b]
V  [jvm.dll+0x62a2b9]
V  [jvm.dll+0x62aa88]
C  [ntdll.dll+0xa119f]
C  [ntdll.dll+0x6a229]
C  [ntdll.dll+0x9fe0e]
C  0x000002383cf510ad

VM_Operation (0x00000062e2bff4e0): G1Concurrent, mode: safepoint, requested by thread 0x0000023833571e20


---------------  P R O C E S S  ---------------

Threads class SMR info:
_java_thread_list=0x000002385c142570, length=51, elements={
0x0000023833521c50, 0x00000238537d0760, 0x00000238537d1240, 0x00000238537e6c20,
0x00000238537ea720, 0x00000238537ec0f0, 0x00000238537ece90, 0x00000238537f0960,
0x00000238537fe360, 0x0000023854218200, 0x0000023854231db0, 0x00000238559e7ca0,
0x00000238553be950, 0x00000238552f5270, 0x0000023854c9b5d0, 0x0000023855396c50,
0x00000238544f52a0, 0x00000238544f9e90, 0x0000023854be85d0, 0x0000023854c74f60,
0x0000023854c76770, 0x0000023854c75dd0, 0x0000023854c72db0, 0x0000023854c740f0,
0x0000023854c73750, 0x0000023856275f60, 0x0000023856276430, 0x0000023856272f40,
0x0000023856273410, 0x0000023856273db0, 0x000002385626fa50, 0x00000238562725a0,
0x000002385626ff20, 0x0000023857ab8a50, 0x0000023857ab98c0, 0x0000023857ab8f20,
0x0000023857ab3d50, 0x0000023857ab93f0, 0x0000023857ab5090, 0x0000023857ab5560,
0x0000023857ab2ee0, 0x00000238559950e0, 0x0000023855997290, 0x00000238559955b0,
0x0000023855998100, 0x0000023855999440, 0x000002385599b120, 0x000002385599ac50,
0x0000023855994270, 0x0000023855995f50, 0x0000023855999910
}
_to_delete_list=0x000002385c78fe60, length=50, elements={
0x0000023833521c50, 0x00000238537d0760, 0x00000238537d1240, 0x00000238537e6c20,
0x00000238537ea720, 0x00000238537ec0f0, 0x00000238537ece90, 0x00000238537f0960,
0x00000238537fe360, 0x0000023854218200, 0x0000023854231db0, 0x00000238559e7ca0,
0x00000238553be950, 0x00000238552f5270, 0x0000023854c9b5d0, 0x0000023855396c50,
0x00000238544f52a0, 0x00000238544f9e90, 0x0000023854be85d0, 0x0000023854c74f60,
0x0000023854c76770, 0x0000023854c75dd0, 0x0000023854c72db0, 0x0000023854c740f0,
0x0000023854c73750, 0x0000023856275f60, 0x0000023856276430, 0x0000023856272f40,
0x0000023856273410, 0x0000023856273db0, 0x000002385626fa50, 0x00000238562725a0,
0x000002385626ff20, 0x0000023857ab8a50, 0x0000023857ab98c0, 0x0000023857ab8f20,
0x0000023857ab3d50, 0x0000023857ab93f0, 0x0000023857ab5090, 0x0000023857ab5560,
0x0000023857ab2ee0, 0x00000238559950e0, 0x0000023855997290, 0x00000238559955b0,
0x0000023855998100, 0x0000023855999440, 0x000002385599b120, 0x000002385599ac50,
0x0000023855994270, 0x0000023855995f50
}

Java Threads: ( => current thread )
  0x0000023833521c50 JavaThread "main" [_thread_blocked, id=30340, stack(0x00000062e2900000,0x00000062e2a00000)]
  0x00000238537d0760 JavaThread "Reference Handler" daemon [_thread_blocked, id=29576, stack(0x00000062e3000000,0x00000062e3100000)]
  0x00000238537d1240 JavaThread "Finalizer" daemon [_thread_blocked, id=24216, stack(0x00000062e3100000,0x00000062e3200000)]
  0x00000238537e6c20 JavaThread "Signal Dispatcher" daemon [_thread_blocked, id=25880, stack(0x00000062e3200000,0x00000062e3300000)]
  0x00000238537ea720 JavaThread "Attach Listener" daemon [_thread_blocked, id=3408, stack(0x00000062e3300000,0x00000062e3400000)]
  0x00000238537ec0f0 JavaThread "Service Thread" daemon [_thread_blocked, id=24976, stack(0x00000062e3400000,0x00000062e3500000)]
  0x00000238537ece90 JavaThread "C2 CompilerThread0" daemon [_thread_blocked, id=30132, stack(0x00000062e3500000,0x00000062e3600000)]
  0x00000238537f0960 JavaThread "C1 CompilerThread0" daemon [_thread_blocked, id=18916, stack(0x00000062e3600000,0x00000062e3700000)]
  0x00000238537fe360 JavaThread "Sweeper thread" daemon [_thread_blocked, id=3272, stack(0x00000062e3700000,0x00000062e3800000)]
  0x0000023854218200 JavaThread "Common-Cleaner" daemon [_thread_blocked, id=27340, stack(0x00000062e3800000,0x00000062e3900000)]
  0x0000023854231db0 JavaThread "Notification Thread" daemon [_thread_blocked, id=15032, stack(0x00000062e3900000,0x00000062e3a00000)]
  0x00000238559e7ca0 JavaThread "Daemon health stats" [_thread_blocked, id=23408, stack(0x00000062e3e00000,0x00000062e3f00000)]
  0x00000238553be950 JavaThread "Incoming local TCP Connector on port 50925" [_thread_in_native, id=21372, stack(0x00000062e4100000,0x00000062e4200000)]
  0x00000238552f5270 JavaThread "Daemon periodic checks" [_thread_blocked, id=16736, stack(0x00000062e4200000,0x00000062e4300000)]
  0x0000023854c9b5d0 JavaThread "Daemon" [_thread_blocked, id=15388, stack(0x00000062e4300000,0x00000062e4400000)]
  0x0000023855396c50 JavaThread "Handler for socket connection from /127.0.0.1:50925 to /127.0.0.1:50926" [_thread_in_native, id=8628, stack(0x00000062e4400000,0x00000062e4500000)]
  0x00000238544f52a0 JavaThread "Cancel handler" [_thread_blocked, id=29528, stack(0x00000062e4500000,0x00000062e4600000)]
  0x00000238544f9e90 JavaThread "Daemon worker" [_thread_blocked, id=6616, stack(0x00000062e4600000,0x00000062e4700000)]
  0x0000023854be85d0 JavaThread "Asynchronous log dispatcher for DefaultDaemonConnection: socket connection from /127.0.0.1:50925 to /127.0.0.1:50926" [_thread_blocked, id=6720, stack(0x00000062e4700000,0x00000062e4800000)]
  0x0000023854c74f60 JavaThread "Thread-8" [_thread_blocked, id=21280, stack(0x00000062e4900000,0x00000062e4a00000)]
  0x0000023854c76770 JavaThread "Cache worker for journal cache (C:\Users\Workstation\.gradle\caches\journal-1)" [_thread_blocked, id=29784, stack(0x00000062e4a00000,0x00000062e4b00000)]
  0x0000023854c75dd0 JavaThread "File lock request listener" [_thread_in_native, id=30756, stack(0x00000062e4b00000,0x00000062e4c00000)]
  0x0000023854c72db0 JavaThread "Cache worker for file hash cache (C:\Users\Workstation\.gradle\caches\6.5\fileHashes)" [_thread_blocked, id=24776, stack(0x00000062e4c00000,0x00000062e4d00000)]
  0x0000023854c740f0 JavaThread "Cache worker for file hash cache (E:\ElBarka\.gradle\6.5\fileHashes)" [_thread_blocked, id=5300, stack(0x00000062e4d00000,0x00000062e4e00000)]
  0x0000023854c73750 JavaThread "Cache worker for checksums cache (E:\ElBarka\.gradle\checksums)" [_thread_blocked, id=19512, stack(0x00000062e4e00000,0x00000062e4f00000)]
  0x0000023856275f60 JavaThread "Cache worker for cache directory md-supplier (C:\Users\Workstation\.gradle\caches\6.5\md-supplier)" [_thread_blocked, id=24024, stack(0x00000062e4f00000,0x00000062e5000000)]
  0x0000023856276430 JavaThread "Cache worker for cache directory md-rule (C:\Users\Workstation\.gradle\caches\6.5\md-rule)" [_thread_blocked, id=5644, stack(0x00000062e5000000,0x00000062e5100000)]
  0x0000023856272f40 JavaThread "Cache worker for execution history cache (C:\Users\Workstation\.gradle\caches\6.5\executionHistory)" [_thread_blocked, id=7304, stack(0x00000062e5100000,0x00000062e5200000)]
  0x0000023856273410 JavaThread "Cache worker for file content cache (C:\Users\Workstation\.gradle\caches\6.5\fileContent)" [_thread_blocked, id=15012, stack(0x00000062e5300000,0x00000062e5400000)]
  0x0000023856273db0 JavaThread "Build operations" [_thread_blocked, id=13672, stack(0x00000062e5400000,0x00000062e5500000)]
  0x000002385626fa50 JavaThread "Build operations Thread 2" [_thread_blocked, id=30428, stack(0x00000062e5500000,0x00000062e5600000)]
  0x00000238562725a0 JavaThread "Build operations Thread 3" [_thread_blocked, id=27528, stack(0x00000062e5600000,0x00000062e5700000)]
  0x000002385626ff20 JavaThread "Build operations Thread 4" [_thread_blocked, id=29024, stack(0x00000062e5700000,0x00000062e5800000)]
  0x0000023857ab8a50 JavaThread "Cache worker for Build Output Cleanup Cache (E:\ElBarka\.gradle\buildOutputCleanup)" [_thread_blocked, id=13872, stack(0x00000062eb500000,0x00000062eb600000)]
  0x0000023857ab98c0 JavaThread "pool-1-thread-1" [_thread_blocked, id=19788, stack(0x00000062eb600000,0x00000062eb700000)]
  0x0000023857ab8f20 JavaThread "Memory manager" [_thread_blocked, id=25692, stack(0x00000062e2600000,0x00000062e2700000)]
  0x0000023857ab3d50 JavaThread "Cache worker for file content cache (E:\ElBarka\.gradle\6.5\fileContent)" [_thread_blocked, id=24112, stack(0x00000062e2700000,0x00000062e2800000)]
  0x0000023857ab93f0 JavaThread "Execution worker for ':'" [_thread_blocked, id=17036, stack(0x00000062e2800000,0x00000062e2900000)]
  0x0000023857ab5090 JavaThread "Execution worker for ':' Thread 2" [_thread_blocked, id=25616, stack(0x00000062e4800000,0x00000062e4900000)]
  0x0000023857ab5560 JavaThread "Execution worker for ':' Thread 3" [_thread_blocked, id=31692, stack(0x00000062eb700000,0x00000062eb800000)]
  0x0000023857ab2ee0 JavaThread "Cache worker for execution history cache (E:\ElBarka\.gradle\6.5\executionHistory)" [_thread_blocked, id=17392, stack(0x00000062eb800000,0x00000062eb900000)]
  0x00000238559950e0 JavaThread "WorkerExecutor Queue" [_thread_blocked, id=16092, stack(0x00000062e5200000,0x00000062e5300000)]
  0x0000023855997290 JavaThread "WorkerExecutor Queue Thread 2" [_thread_blocked, id=6900, stack(0x00000062e5800000,0x00000062e5900000)]
  0x00000238559955b0 JavaThread "pool-2-thread-1" [_thread_blocked, id=16856, stack(0x00000062e5900000,0x00000062e5a00000)]
  0x0000023855998100 JavaThread "stderr" [_thread_in_native, id=21676, stack(0x00000062e5a00000,0x00000062e5b00000)]
  0x0000023855999440 JavaThread "stdout" [_thread_in_native, id=11188, stack(0x00000062e5b00000,0x00000062e5c00000)]
  0x000002385599b120 JavaThread "Cache worker for Java compile cache (C:\Users\Workstation\.gradle\caches\6.5\javaCompile)" [_thread_blocked, id=7616, stack(0x00000062e3f00000,0x00000062e4000000)]
  0x000002385599ac50 JavaThread "Cache worker for Java compile cache (E:\ElBarka\.gradle\6.5\javaCompile)" [_thread_blocked, id=5844, stack(0x00000062e5c00000,0x00000062e5d00000)]
  0x0000023855994270 JavaThread "WorkerExecutor Queue Thread 3" [_thread_blocked, id=10724, stack(0x00000062e5f00000,0x00000062e6000000)]
  0x0000023855995f50 JavaThread "WorkerExecutor Queue Thread 4" [_thread_blocked, id=15068, stack(0x00000062e6000000,0x00000062e6100000)]
  0x0000023855999910 JavaThread "WorkerExecutor Queue Thread 5" [_thread_blocked, id=13972, stack(0x00000062e6100000,0x00000062e6200000)]

Other Threads:
=>0x00000238537cbb90 VMThread "VM Thread" [stack: 0x00000062e2f00000,0x00000062e3000000] [id=20600]
  0x0000023854233ab0 WatcherThread [stack: 0x00000062e3a00000,0x00000062e3b00000] [id=20132]
  0x0000023833560c40 GCTaskThread "GC Thread#0" [stack: 0x00000062e2a00000,0x00000062e2b00000] [id=22964]
  0x000002385496d0b0 GCTaskThread "GC Thread#1" [stack: 0x00000062e3b00000,0x00000062e3c00000] [id=16604]
  0x000002385496bd90 GCTaskThread "GC Thread#2" [stack: 0x00000062e3c00000,0x00000062e3d00000] [id=22464]
  0x000002385496d710 GCTaskThread "GC Thread#3" [stack: 0x00000062e3d00000,0x00000062e3e00000] [id=5380]
  0x0000023833571e20 ConcurrentGCThread "G1 Main Marker" [stack: 0x00000062e2b00000,0x00000062e2c00000] [id=28876]
  0x00000238335729a0 ConcurrentGCThread "G1 Conc#0" [stack: 0x00000062e2c00000,0x00000062e2d00000] [id=6908]
  0x00000238335ee9d0 ConcurrentGCThread "G1 Refine#0" [stack: 0x00000062e2d00000,0x00000062e2e00000] [id=6460]
  0x000002385bd757c0 ConcurrentGCThread "G1 Refine#1" [stack: 0x00000062e5d00000,0x00000062e5e00000] [id=13780]
  0x000002385bd74da0 ConcurrentGCThread "G1 Refine#2" [stack: 0x00000062e5e00000,0x00000062e5f00000] [id=6508]
  0x000002385bd75100 ConcurrentGCThread "G1 Refine#3" [stack: 0x00000062e6200000,0x00000062e6300000] [id=10620]
  0x00000238536447d0 ConcurrentGCThread "G1 Young RemSet Sampling" [stack: 0x00000062e2e00000,0x00000062e2f00000] [id=26792]

Threads with active compile tasks:
C2 CompilerThread0   180817 15217       4       com.android.tools.r8.s.b.q1::b0 (8 bytes)

VM state: at safepoint (normal execution)

VM Mutex/Monitor currently owned by a thread:  ([mutex/lock_event])
[0x000002383351e800] Threads_lock - owner thread: 0x00000238537cbb90
[0x000002383351ea40] Heap_lock - owner thread: 0x0000023833571e20

Heap address: 0x0000000080000000, size: 2048 MB, Compressed Oops mode: 32-bit
CDS archive(s) mapped at: [0x0000000800000000-0x0000000800b50000-0x0000000800b50000), size 11862016, SharedBaseAddress: 0x0000000800000000, ArchiveRelocationMode: 0.
Compressed class space mapped at: 0x0000000800b50000-0x0000000840b50000, size: 1073741824
Narrow klass base: 0x0000000800000000, Narrow klass shift: 3, Narrow klass range: 0x100000000

GC Precious Log:
 CPUs: 4 total, 4 available
 Memory: 15274M
 Large Page Support: Disabled
 NUMA Support: Disabled
 Compressed Oops: Enabled (32-bit)
 Heap Region Size: 1M
 Heap Min Capacity: 8M
 Heap Initial Capacity: 240M
 Heap Max Capacity: 2G
 Pre-touch: Disabled
 Parallel Workers: 4
 Concurrent Workers: 1
 Concurrent Refinement Workers: 4
 Periodic GC: Disabled

Heap:
 garbage-first heap   total 362496K, used 214970K [0x0000000080000000, 0x0000000100000000)
  region size 1024K, 19 young (19456K), 2 survivors (2048K)
 Metaspace       used 96553K, capacity 97899K, committed 98048K, reserved 1134592K
  class space    used 12362K, capacity 12718K, committed 12800K, reserved 1048576K

Heap Regions: E=young(eden), S=young(survivor), O=old, HS=humongous(starts), HC=humongous(continues), CS=collection set, F=free, OA=open archive, CA=closed archive, TAMS=top-at-mark-start (previous, next)
|   0|0x0000000080000000, 0x0000000080100000, 0x0000000080100000|100%| O|  |TAMS 0x0000000080100000, 0x0000000080000000| Updating 
|   1|0x0000000080100000, 0x0000000080200000, 0x0000000080200000|100%| O|  |TAMS 0x0000000080200000, 0x0000000080100000| Updating 
|   2|0x0000000080200000, 0x0000000080300000, 0x0000000080300000|100%|HS|  |TAMS 0x0000000080300000, 0x0000000080200000| Complete 
|   3|0x0000000080300000, 0x0000000080400000, 0x0000000080400000|100%|HS|  |TAMS 0x0000000080400000, 0x0000000080300000| Complete 
|   4|0x0000000080400000, 0x0000000080500000, 0x0000000080500000|100%|HC|  |TAMS 0x0000000080500000, 0x0000000080400000| Complete 
|   5|0x0000000080500000, 0x0000000080600000, 0x0000000080600000|100%|HC|  |TAMS 0x0000000080600000, 0x0000000080500000| Complete 
|   6|0x0000000080600000, 0x0000000080700000, 0x0000000080700000|100%| O|  |TAMS 0x0000000080700000, 0x0000000080600000| Updating 
|   7|0x0000000080700000, 0x0000000080800000, 0x0000000080800000|100%| O|  |TAMS 0x0000000080800000, 0x0000000080700000| Updating 
|   8|0x0000000080800000, 0x0000000080900000, 0x0000000080900000|100%| O|  |TAMS 0x0000000080900000, 0x0000000080800000| Updating 
|   9|0x0000000080900000, 0x0000000080a00000, 0x0000000080a00000|100%| O|  |TAMS 0x0000000080a00000, 0x0000000080900000| Updating 
|  10|0x0000000080a00000, 0x0000000080b00000, 0x0000000080b00000|100%| O|  |TAMS 0x0000000080b00000, 0x0000000080a00000| Updating 
|  11|0x0000000080b00000, 0x0000000080c00000, 0x0000000080c00000|100%|HS|  |TAMS 0x0000000080c00000, 0x0000000080b00000| Complete 
|  12|0x0000000080c00000, 0x0000000080d00000, 0x0000000080d00000|100%| O|  |TAMS 0x0000000080d00000, 0x0000000080c00000| Updating 
|  13|0x0000000080d00000, 0x0000000080e00000, 0x0000000080e00000|100%| O|  |TAMS 0x0000000080e00000, 0x0000000080d00000| Updating 
|  14|0x0000000080e00000, 0x0000000080f00000, 0x0000000080f00000|100%| O|  |TAMS 0x0000000080f00000, 0x0000000080e00000| Updating 
|  15|0x0000000080f00000, 0x0000000081000000, 0x0000000081000000|100%| O|  |TAMS 0x0000000081000000, 0x0000000080f00000| Updating 
|  16|0x0000000081000000, 0x0000000081100000, 0x0000000081100000|100%| O|  |TAMS 0x0000000081100000, 0x0000000081000000| Updating 
|  17|0x0000000081100000, 0x0000000081200000, 0x0000000081200000|100%| O|  |TAMS 0x0000000081200000, 0x0000000081100000| Updating 
|  18|0x0000000081200000, 0x0000000081300000, 0x0000000081300000|100%| O|  |TAMS 0x0000000081300000, 0x0000000081200000| Updating 
|  19|0x0000000081300000, 0x0000000081400000, 0x0000000081400000|100%| O|  |TAMS 0x0000000081400000, 0x0000000081300000| Updating 
|  20|0x0000000081400000, 0x0000000081500000, 0x0000000081500000|100%| O|  |TAMS 0x0000000081500000, 0x0000000081400000| Updating 
|  21|0x0000000081500000, 0x0000000081600000, 0x0000000081600000|100%| O|  |TAMS 0x0000000081600000, 0x0000000081500000| Updating 
|  22|0x0000000081600000, 0x0000000081700000, 0x0000000081700000|100%| O|  |TAMS 0x0000000081700000, 0x0000000081600000| Updating 
|  23|0x0000000081700000, 0x0000000081800000, 0x0000000081800000|100%| O|  |TAMS 0x0000000081800000, 0x0000000081700000| Updating 
|  24|0x0000000081800000, 0x0000000081900000, 0x0000000081900000|100%|HS|  |TAMS 0x0000000081900000, 0x0000000081800000| Complete 
|  25|0x0000000081900000, 0x0000000081a00000, 0x0000000081a00000|100%|HS|  |TAMS 0x0000000081a00000, 0x0000000081900000| Complete 
|  26|0x0000000081a00000, 0x0000000081b00000, 0x0000000081b00000|100%|HC|  |TAMS 0x0000000081b00000, 0x0000000081a00000| Complete 
|  27|0x0000000081b00000, 0x0000000081c00000, 0x0000000081c00000|100%| O|  |TAMS 0x0000000081c00000, 0x0000000081b00000| Updating 
|  28|0x0000000081c00000, 0x0000000081d00000, 0x0000000081d00000|100%| O|  |TAMS 0x0000000081d00000, 0x0000000081c00000| Updating 
|  29|0x0000000081d00000, 0x0000000081e00000, 0x0000000081e00000|100%| O|  |TAMS 0x0000000081e00000, 0x0000000081d00000| Updating 
|  30|0x0000000081e00000, 0x0000000081f00000, 0x0000000081f00000|100%| O|  |TAMS 0x0000000081f00000, 0x0000000081e00000| Updating 
|  31|0x0000000081f00000, 0x0000000082000000, 0x0000000082000000|100%| O|  |TAMS 0x0000000082000000, 0x0000000081f00000| Updating 
|  32|0x0000000082000000, 0x0000000082100000, 0x0000000082100000|100%| O|  |TAMS 0x0000000082100000, 0x0000000082000000| Updating 
|  33|0x0000000082100000, 0x0000000082200000, 0x0000000082200000|100%|HS|  |TAMS 0x0000000082200000, 0x0000000082100000| Complete 
|  34|0x0000000082200000, 0x0000000082300000, 0x0000000082300000|100%| O|  |TAMS 0x0000000082300000, 0x0000000082200000| Updating 
|  35|0x0000000082300000, 0x0000000082400000, 0x0000000082400000|100%|HS|  |TAMS 0x0000000082400000, 0x0000000082300000| Complete 
|  36|0x0000000082400000, 0x0000000082500000, 0x0000000082500000|100%|HC|  |TAMS 0x0000000082500000, 0x0000000082400000| Complete 
|  37|0x0000000082500000, 0x0000000082600000, 0x0000000082600000|100%|HS|  |TAMS 0x0000000082600000, 0x0000000082500000| Complete 
|  38|0x0000000082600000, 0x0000000082700000, 0x0000000082700000|100%| O|  |TAMS 0x0000000082700000, 0x0000000082600000| Updating 
|  39|0x0000000082700000, 0x0000000082800000, 0x0000000082800000|100%| O|  |TAMS 0x0000000082800000, 0x0000000082700000| Updating 
|  40|0x0000000082800000, 0x0000000082900000, 0x0000000082900000|100%| O|  |TAMS 0x0000000082900000, 0x0000000082800000| Updating 
|  41|0x0000000082900000, 0x0000000082a00000, 0x0000000082a00000|100%| O|  |TAMS 0x0000000082a00000, 0x0000000082900000| Updating 
|  42|0x0000000082a00000, 0x0000000082b00000, 0x0000000082b00000|100%| O|  |TAMS 0x0000000082b00000, 0x0000000082a00000| Updating 
|  43|0x0000000082b00000, 0x0000000082c00000, 0x0000000082c00000|100%| O|  |TAMS 0x0000000082c00000, 0x0000000082b00000| Updating 
|  44|0x0000000082c00000, 0x0000000082d00000, 0x0000000082d00000|100%| O|  |TAMS 0x0000000082d00000, 0x0000000082c00000| Updating 
|  45|0x0000000082d00000, 0x0000000082e00000, 0x0000000082e00000|100%| O|  |TAMS 0x0000000082e00000, 0x0000000082d00000| Updating 
|  46|0x0000000082e00000, 0x0000000082f00000, 0x0000000082f00000|100%| O|  |TAMS 0x0000000082f00000, 0x0000000082e00000| Updating 
|  47|0x0000000082f00000, 0x0000000083000000, 0x0000000083000000|100%| O|  |TAMS 0x0000000083000000, 0x0000000082f00000| Updating 
|  48|0x0000000083000000, 0x0000000083100000, 0x0000000083100000|100%| O|  |TAMS 0x0000000083100000, 0x0000000083000000| Updating 
|  49|0x0000000083100000, 0x0000000083200000, 0x0000000083200000|100%| O|  |TAMS 0x0000000083200000, 0x0000000083100000| Updating 
|  50|0x0000000083200000, 0x0000000083300000, 0x0000000083300000|100%| O|  |TAMS 0x0000000083300000, 0x0000000083200000| Updating 
|  51|0x0000000083300000, 0x0000000083400000, 0x0000000083400000|100%| O|  |TAMS 0x0000000083400000, 0x0000000083300000| Updating 
|  52|0x0000000083400000, 0x0000000083500000, 0x0000000083500000|100%| O|  |TAMS 0x0000000083500000, 0x0000000083400000| Updating 
|  53|0x0000000083500000, 0x0000000083600000, 0x0000000083600000|100%| O|  |TAMS 0x0000000083600000, 0x0000000083500000| Updating 
|  54|0x0000000083600000, 0x0000000083700000, 0x0000000083700000|100%| O|  |TAMS 0x0000000083700000, 0x0000000083600000| Updating 
|  55|0x0000000083700000, 0x0000000083800000, 0x0000000083800000|100%| O|  |TAMS 0x0000000083800000, 0x0000000083700000| Updating 
|  56|0x0000000083800000, 0x0000000083900000, 0x0000000083900000|100%| O|  |TAMS 0x0000000083900000, 0x0000000083800000| Updating 
|  57|0x0000000083900000, 0x0000000083a00000, 0x0000000083a00000|100%| O|  |TAMS 0x0000000083a00000, 0x0000000083900000| Updating 
|  58|0x0000000083a00000, 0x0000000083b00000, 0x0000000083b00000|100%| O|  |TAMS 0x0000000083b00000, 0x0000000083a00000| Updating 
|  59|0x0000000083b00000, 0x0000000083c00000, 0x0000000083c00000|100%| O|  |TAMS 0x0000000083c00000, 0x0000000083b00000| Updating 
|  60|0x0000000083c00000, 0x0000000083d00000, 0x0000000083d00000|100%| O|  |TAMS 0x0000000083d00000, 0x0000000083c00000| Updating 
|  61|0x0000000083d00000, 0x0000000083e00000, 0x0000000083e00000|100%| O|  |TAMS 0x0000000083e00000, 0x0000000083d00000| Updating 
|  62|0x0000000083e00000, 0x0000000083f00000, 0x0000000083f00000|100%| O|  |TAMS 0x0000000083f00000, 0x0000000083e00000| Updating 
|  63|0x0000000083f00000, 0x0000000084000000, 0x0000000084000000|100%| O|  |TAMS 0x0000000084000000, 0x0000000083f00000| Updating 
|  64|0x0000000084000000, 0x0000000084100000, 0x0000000084100000|100%| O|  |TAMS 0x0000000084100000, 0x0000000084000000| Updating 
|  65|0x0000000084100000, 0x0000000084200000, 0x0000000084200000|100%| O|  |TAMS 0x0000000084200000, 0x0000000084100000| Updating 
|  66|0x0000000084200000, 0x0000000084300000, 0x0000000084300000|100%| O|  |TAMS 0x0000000084300000, 0x0000000084200000| Updating 
|  67|0x0000000084300000, 0x0000000084400000, 0x0000000084400000|100%| O|  |TAMS 0x0000000084400000, 0x0000000084300000| Updating 
|  68|0x0000000084400000, 0x0000000084500000, 0x0000000084500000|100%| O|  |TAMS 0x0000000084500000, 0x0000000084400000| Updating 
|  69|0x0000000084500000, 0x0000000084600000, 0x0000000084600000|100%| O|  |TAMS 0x0000000084600000, 0x0000000084500000| Updating 
|  70|0x0000000084600000, 0x0000000084700000, 0x0000000084700000|100%| O|  |TAMS 0x0000000084700000, 0x0000000084600000| Updating 
|  71|0x0000000084700000, 0x0000000084800000, 0x0000000084800000|100%| O|  |TAMS 0x0000000084800000, 0x0000000084700000| Updating 
|  72|0x0000000084800000, 0x0000000084900000, 0x0000000084900000|100%| O|  |TAMS 0x0000000084900000, 0x0000000084800000| Updating 
|  73|0x0000000084900000, 0x0000000084a00000, 0x0000000084a00000|100%| O|  |TAMS 0x0000000084a00000, 0x0000000084900000| Updating 
|  74|0x0000000084a00000, 0x0000000084b00000, 0x0000000084b00000|100%| O|  |TAMS 0x0000000084b00000, 0x0000000084a00000| Updating 
|  75|0x0000000084b00000, 0x0000000084c00000, 0x0000000084c00000|100%|HS|  |TAMS 0x0000000084c00000, 0x0000000084b00000| Complete 
|  76|0x0000000084c00000, 0x0000000084d00000, 0x0000000084d00000|100%|HS|  |TAMS 0x0000000084d00000, 0x0000000084c00000| Complete 
|  77|0x0000000084d00000, 0x0000000084e00000, 0x0000000084e00000|100%| O|  |TAMS 0x0000000084e00000, 0x0000000084d00000| Updating 
|  78|0x0000000084e00000, 0x0000000084f00000, 0x0000000084f00000|100%| O|  |TAMS 0x0000000084f00000, 0x0000000084e00000| Updating 
|  79|0x0000000084f00000, 0x0000000085000000, 0x0000000085000000|100%| O|  |TAMS 0x0000000085000000, 0x0000000084f00000| Updating 
|  80|0x0000000085000000, 0x0000000085100000, 0x0000000085100000|100%| O|  |TAMS 0x0000000085100000, 0x0000000085000000| Updating 
|  81|0x0000000085100000, 0x0000000085200000, 0x0000000085200000|100%| O|  |TAMS 0x0000000085200000, 0x0000000085100000| Updating 
|  82|0x0000000085200000, 0x0000000085300000, 0x0000000085300000|100%| O|  |TAMS 0x0000000085300000, 0x0000000085200000| Updating 
|  83|0x0000000085300000, 0x0000000085400000, 0x0000000085400000|100%| O|  |TAMS 0x0000000085400000, 0x0000000085300000| Updating 
|  84|0x0000000085400000, 0x0000000085500000, 0x0000000085500000|100%| O|  |TAMS 0x0000000085500000, 0x0000000085400000| Updating 
|  85|0x0000000085500000, 0x0000000085600000, 0x0000000085600000|100%| O|  |TAMS 0x0000000085600000, 0x0000000085500000| Updating 
|  86|0x0000000085600000, 0x0000000085700000, 0x0000000085700000|100%| O|  |TAMS 0x0000000085700000, 0x0000000085600000| Updating 
|  87|0x0000000085700000, 0x0000000085800000, 0x0000000085800000|100%| O|  |TAMS 0x0000000085800000, 0x0000000085700000| Updating 
|  88|0x0000000085800000, 0x0000000085900000, 0x0000000085900000|100%|HS|  |TAMS 0x0000000085900000, 0x0000000085800000| Complete 
|  89|0x0000000085900000, 0x0000000085a00000, 0x0000000085a00000|100%|HC|  |TAMS 0x0000000085a00000, 0x0000000085900000| Complete 
|  90|0x0000000085a00000, 0x0000000085b00000, 0x0000000085b00000|100%| O|  |TAMS 0x0000000085b00000, 0x0000000085a00000| Updating 
|  91|0x0000000085b00000, 0x0000000085c00000, 0x0000000085c00000|100%| O|  |TAMS 0x0000000085c00000, 0x0000000085b00000| Updating 
|  92|0x0000000085c00000, 0x0000000085d00000, 0x0000000085d00000|100%| O|  |TAMS 0x0000000085d00000, 0x0000000085c00000| Updating 
|  93|0x0000000085d00000, 0x0000000085e00000, 0x0000000085e00000|100%| O|  |TAMS 0x0000000085e00000, 0x0000000085d00000| Updating 
|  94|0x0000000085e00000, 0x0000000085f00000, 0x0000000085f00000|100%| O|  |TAMS 0x0000000085f00000, 0x0000000085e00000| Updating 
|  95|0x0000000085f00000, 0x0000000086000000, 0x0000000086000000|100%| O|  |TAMS 0x0000000086000000, 0x0000000085f00000| Updating 
|  96|0x0000000086000000, 0x0000000086100000, 0x0000000086100000|100%| O|  |TAMS 0x0000000086100000, 0x0000000086000000| Updating 
|  97|0x0000000086100000, 0x0000000086200000, 0x0000000086200000|100%| O|  |TAMS 0x0000000086200000, 0x0000000086100000| Updating 
|  98|0x0000000086200000, 0x0000000086300000, 0x0000000086300000|100%| O|  |TAMS 0x0000000086300000, 0x0000000086200000| Updating 
|  99|0x0000000086300000, 0x0000000086400000, 0x0000000086400000|100%|HS|  |TAMS 0x0000000086400000, 0x0000000086300000| Complete 
| 100|0x0000000086400000, 0x0000000086500000, 0x0000000086500000|100%|HC|  |TAMS 0x0000000086500000, 0x0000000086400000| Complete 
| 101|0x0000000086500000, 0x0000000086600000, 0x0000000086600000|100%| O|  |TAMS 0x0000000086600000, 0x0000000086500000| Updating 
| 102|0x0000000086600000, 0x0000000086700000, 0x0000000086700000|100%| O|  |TAMS 0x0000000086700000, 0x0000000086600000| Updating 
| 103|0x0000000086700000, 0x0000000086800000, 0x0000000086800000|100%| O|  |TAMS 0x0000000086800000, 0x0000000086700000| Updating 
| 104|0x0000000086800000, 0x0000000086900000, 0x0000000086900000|100%| O|  |TAMS 0x0000000086900000, 0x0000000086800000| Updating 
| 105|0x0000000086900000, 0x0000000086a00000, 0x0000000086a00000|100%| O|  |TAMS 0x0000000086a00000, 0x0000000086900000| Updating 
| 106|0x0000000086a00000, 0x0000000086b00000, 0x0000000086b00000|100%| O|  |TAMS 0x0000000086b00000, 0x0000000086a00000| Updating 
| 107|0x0000000086b00000, 0x0000000086c00000, 0x0000000086c00000|100%| O|  |TAMS 0x0000000086c00000, 0x0000000086b00000| Updating 
| 108|0x0000000086c00000, 0x0000000086d00000, 0x0000000086d00000|100%| O|  |TAMS 0x0000000086d00000, 0x0000000086c00000| Updating 
| 109|0x0000000086d00000, 0x0000000086e00000, 0x0000000086e00000|100%| O|  |TAMS 0x0000000086e00000, 0x0000000086d00000| Updating 
| 110|0x0000000086e00000, 0x0000000086f00000, 0x0000000086f00000|100%| O|  |TAMS 0x0000000086f00000, 0x0000000086e00000| Updating 
| 111|0x0000000086f00000, 0x0000000087000000, 0x0000000087000000|100%| O|  |TAMS 0x0000000087000000, 0x0000000086f00000| Updating 
| 112|0x0000000087000000, 0x0000000087100000, 0x0000000087100000|100%| O|  |TAMS 0x0000000087100000, 0x0000000087000000| Updating 
| 113|0x0000000087100000, 0x0000000087200000, 0x0000000087200000|100%| O|  |TAMS 0x0000000087200000, 0x0000000087100000| Updating 
| 114|0x0000000087200000, 0x0000000087300000, 0x0000000087300000|100%| O|  |TAMS 0x0000000087300000, 0x0000000087200000| Updating 
| 115|0x0000000087300000, 0x0000000087400000, 0x0000000087400000|100%| O|  |TAMS 0x0000000087400000, 0x0000000087300000| Updating 
| 116|0x0000000087400000, 0x0000000087500000, 0x0000000087500000|100%| O|  |TAMS 0x0000000087500000, 0x0000000087400000| Updating 
| 117|0x0000000087500000, 0x0000000087600000, 0x0000000087600000|100%| O|  |TAMS 0x0000000087600000, 0x0000000087500000| Updating 
| 118|0x0000000087600000, 0x0000000087700000, 0x0000000087700000|100%| O|  |TAMS 0x0000000087700000, 0x0000000087600000| Updating 
| 119|0x0000000087700000, 0x0000000087800000, 0x0000000087800000|100%| O|  |TAMS 0x0000000087800000, 0x0000000087700000| Updating 
| 120|0x0000000087800000, 0x0000000087900000, 0x0000000087900000|100%|HS|  |TAMS 0x0000000087900000, 0x0000000087800000| Complete 
| 121|0x0000000087900000, 0x0000000087a00000, 0x0000000087a00000|100%| O|  |TAMS 0x0000000087a00000, 0x0000000087900000| Updating 
| 122|0x0000000087a00000, 0x0000000087b00000, 0x0000000087b00000|100%|HS|  |TAMS 0x0000000087b00000, 0x0000000087a00000| Complete 
| 123|0x0000000087b00000, 0x0000000087c00000, 0x0000000087c00000|100%|HC|  |TAMS 0x0000000087c00000, 0x0000000087b00000| Complete 
| 124|0x0000000087c00000, 0x0000000087d00000, 0x0000000087d00000|100%|HC|  |TAMS 0x0000000087d00000, 0x0000000087c00000| Complete 
| 125|0x0000000087d00000, 0x0000000087e00000, 0x0000000087e00000|100%|HS|  |TAMS 0x0000000087e00000, 0x0000000087d00000| Complete 
| 126|0x0000000087e00000, 0x0000000087f00000, 0x0000000087f00000|100%| O|  |TAMS 0x0000000087f00000, 0x0000000087e00000| Updating 
| 127|0x0000000087f00000, 0x0000000088000000, 0x0000000088000000|100%|HS|  |TAMS 0x0000000088000000, 0x0000000087f00000| Complete 
| 128|0x0000000088000000, 0x0000000088100000, 0x0000000088100000|100%| O|  |TAMS 0x0000000088100000, 0x0000000088000000| Updating 
| 129|0x0000000088100000, 0x0000000088200000, 0x0000000088200000|100%| O|  |TAMS 0x0000000088200000, 0x0000000088100000| Updating 
| 130|0x0000000088200000, 0x0000000088300000, 0x0000000088300000|100%| O|  |TAMS 0x0000000088300000, 0x0000000088200000| Updating 
| 131|0x0000000088300000, 0x0000000088400000, 0x0000000088400000|100%|HS|  |TAMS 0x0000000088400000, 0x0000000088300000| Complete 
| 132|0x0000000088400000, 0x0000000088500000, 0x0000000088500000|100%|HC|  |TAMS 0x0000000088500000, 0x0000000088400000| Complete 
| 133|0x0000000088500000, 0x0000000088600000, 0x0000000088600000|100%| O|  |TAMS 0x0000000088600000, 0x0000000088500000| Updating 
| 134|0x0000000088600000, 0x0000000088700000, 0x0000000088700000|100%|HS|  |TAMS 0x0000000088700000, 0x0000000088600000| Complete 
| 135|0x0000000088700000, 0x0000000088800000, 0x0000000088800000|100%| O|  |TAMS 0x0000000088800000, 0x0000000088700000| Updating 
| 136|0x0000000088800000, 0x0000000088900000, 0x0000000088900000|100%| O|  |TAMS 0x0000000088900000, 0x0000000088800000| Updating 
| 137|0x0000000088900000, 0x0000000088a00000, 0x0000000088a00000|100%|HS|  |TAMS 0x0000000088a00000, 0x0000000088900000| Complete 
| 138|0x0000000088a00000, 0x0000000088b00000, 0x0000000088b00000|100%|HC|  |TAMS 0x0000000088b00000, 0x0000000088a00000| Complete 
| 139|0x0000000088b00000, 0x0000000088c00000, 0x0000000088c00000|100%| O|  |TAMS 0x0000000088c00000, 0x0000000088b00000| Updating 
| 140|0x0000000088c00000, 0x0000000088d00000, 0x0000000088d00000|100%| O|  |TAMS 0x0000000088d00000, 0x0000000088c00000| Updating 
| 141|0x0000000088d00000, 0x0000000088e00000, 0x0000000088e00000|100%|HS|  |TAMS 0x0000000088e00000, 0x0000000088d00000| Complete 
| 142|0x0000000088e00000, 0x0000000088f00000, 0x0000000088f00000|100%|HC|  |TAMS 0x0000000088f00000, 0x0000000088e00000| Complete 
| 143|0x0000000088f00000, 0x0000000089000000, 0x0000000089000000|100%| O|  |TAMS 0x0000000089000000, 0x0000000088f00000| Updating 
| 144|0x0000000089000000, 0x0000000089100000, 0x0000000089100000|100%|HS|  |TAMS 0x0000000089100000, 0x0000000089000000| Complete 
| 145|0x0000000089100000, 0x0000000089200000, 0x0000000089200000|100%| O|  |TAMS 0x0000000089200000, 0x0000000089100000| Updating 
| 146|0x0000000089200000, 0x0000000089300000, 0x0000000089300000|100%|HS|  |TAMS 0x0000000089300000, 0x0000000089200000| Complete 
| 147|0x0000000089300000, 0x0000000089400000, 0x0000000089400000|100%| O|  |TAMS 0x0000000089400000, 0x0000000089300000| Updating 
| 148|0x0000000089400000, 0x0000000089500000, 0x0000000089500000|100%|HS|  |TAMS 0x0000000089500000, 0x0000000089400000| Complete 
| 149|0x0000000089500000, 0x0000000089600000, 0x0000000089600000|100%|HS|  |TAMS 0x0000000089600000, 0x0000000089500000| Complete 
| 150|0x0000000089600000, 0x0000000089700000, 0x0000000089700000|100%|HS|  |TAMS 0x0000000089700000, 0x0000000089600000| Complete 
| 151|0x0000000089700000, 0x0000000089800000, 0x0000000089800000|100%|HC|  |TAMS 0x0000000089800000, 0x0000000089700000| Complete 
| 152|0x0000000089800000, 0x0000000089900000, 0x0000000089900000|100%|HC|  |TAMS 0x0000000089900000, 0x0000000089800000| Complete 
| 153|0x0000000089900000, 0x0000000089a00000, 0x0000000089a00000|100%| O|  |TAMS 0x0000000089a00000, 0x0000000089900000| Updating 
| 154|0x0000000089a00000, 0x0000000089b00000, 0x0000000089b00000|100%| O|  |TAMS 0x0000000089b00000, 0x0000000089a00000| Updating 
| 155|0x0000000089b00000, 0x0000000089c00000, 0x0000000089c00000|100%| O|  |TAMS 0x0000000089c00000, 0x0000000089b00000| Updating 
| 156|0x0000000089c00000, 0x0000000089d00000, 0x0000000089d00000|100%| O|  |TAMS 0x0000000089d00000, 0x0000000089c00000| Updating 
| 157|0x0000000089d00000, 0x0000000089e00000, 0x0000000089e00000|100%| O|  |TAMS 0x0000000089e00000, 0x0000000089d00000| Updating 
| 158|0x0000000089e00000, 0x0000000089f00000, 0x0000000089f00000|100%| O|  |TAMS 0x0000000089f00000, 0x0000000089e00000| Updating 
| 159|0x0000000089f00000, 0x000000008a000000, 0x000000008a000000|100%| O|  |TAMS 0x000000008a000000, 0x0000000089f00000| Updating 
| 160|0x000000008a000000, 0x000000008a100000, 0x000000008a100000|100%| O|  |TAMS 0x000000008a100000, 0x000000008a000000| Updating 
| 161|0x000000008a100000, 0x000000008a200000, 0x000000008a200000|100%| O|  |TAMS 0x000000008a200000, 0x000000008a100000| Updating 
| 162|0x000000008a200000, 0x000000008a300000, 0x000000008a300000|100%| O|  |TAMS 0x000000008a300000, 0x000000008a200000| Updating 
| 163|0x000000008a300000, 0x000000008a400000, 0x000000008a400000|100%| O|  |TAMS 0x000000008a400000, 0x000000008a300000| Updating 
| 164|0x000000008a400000, 0x000000008a500000, 0x000000008a500000|100%| O|  |TAMS 0x000000008a500000, 0x000000008a400000| Updating 
| 165|0x000000008a500000, 0x000000008a600000, 0x000000008a600000|100%| O|  |TAMS 0x000000008a600000, 0x000000008a500000| Updating 
| 166|0x000000008a600000, 0x000000008a700000, 0x000000008a700000|100%| O|  |TAMS 0x000000008a700000, 0x000000008a600000| Updating 
| 167|0x000000008a700000, 0x000000008a800000, 0x000000008a800000|100%| O|  |TAMS 0x000000008a800000, 0x000000008a700000| Updating 
| 168|0x000000008a800000, 0x000000008a900000, 0x000000008a900000|100%| O|  |TAMS 0x000000008a900000, 0x000000008a800000| Updating 
| 169|0x000000008a900000, 0x000000008aa00000, 0x000000008aa00000|100%| O|  |TAMS 0x000000008aa00000, 0x000000008a900000| Updating 
| 170|0x000000008aa00000, 0x000000008ab00000, 0x000000008ab00000|100%| O|  |TAMS 0x000000008ab00000, 0x000000008aa00000| Updating 
| 171|0x000000008ab00000, 0x000000008ac00000, 0x000000008ac00000|100%| O|  |TAMS 0x000000008ac00000, 0x000000008ab00000| Updating 
| 172|0x000000008ac00000, 0x000000008ad00000, 0x000000008ad00000|100%| O|  |TAMS 0x000000008ad00000, 0x000000008ac00000| Updating 
| 173|0x000000008ad00000, 0x000000008ae00000, 0x000000008ae00000|100%| O|  |TAMS 0x000000008ae00000, 0x000000008ad00000| Updating 
| 174|0x000000008ae00000, 0x000000008af00000, 0x000000008af00000|100%| O|  |TAMS 0x000000008af00000, 0x000000008ae00000| Updating 
| 175|0x000000008af00000, 0x000000008b000000, 0x000000008b000000|100%| O|  |TAMS 0x000000008b000000, 0x000000008af00000| Updating 
| 176|0x000000008b000000, 0x000000008b100000, 0x000000008b100000|100%| O|  |TAMS 0x000000008b100000, 0x000000008b000000| Updating 
| 177|0x000000008b100000, 0x000000008b200000, 0x000000008b200000|100%| O|  |TAMS 0x000000008b200000, 0x000000008b100000| Updating 
| 178|0x000000008b200000, 0x000000008b300000, 0x000000008b300000|100%| O|  |TAMS 0x000000008b300000, 0x000000008b200000| Updating 
| 179|0x000000008b300000, 0x000000008b400000, 0x000000008b400000|100%| O|  |TAMS 0x000000008b3c3600, 0x000000008b300000| Updating 
| 180|0x000000008b400000, 0x000000008b500000, 0x000000008b500000|100%| O|  |TAMS 0x000000008b400000, 0x000000008b400000| Untracked 
| 181|0x000000008b500000, 0x000000008b600000, 0x000000008b600000|100%| O|  |TAMS 0x000000008b500000, 0x000000008b500000| Untracked 
| 182|0x000000008b600000, 0x000000008b700000, 0x000000008b700000|100%| O|  |TAMS 0x000000008b600000, 0x000000008b600000| Untracked 
| 183|0x000000008b700000, 0x000000008b800000, 0x000000008b800000|100%| O|  |TAMS 0x000000008b700000, 0x000000008b700000| Untracked 
| 184|0x000000008b800000, 0x000000008b900000, 0x000000008b900000|100%| O|  |TAMS 0x000000008b800000, 0x000000008b800000| Untracked 
| 185|0x000000008b900000, 0x000000008ba00000, 0x000000008ba00000|100%| O|  |TAMS 0x000000008b900000, 0x000000008b900000| Untracked 
| 186|0x000000008ba00000, 0x000000008bb00000, 0x000000008bb00000|100%| O|  |TAMS 0x000000008ba00000, 0x000000008ba00000| Untracked 
| 187|0x000000008bb00000, 0x000000008bc00000, 0x000000008bc00000|100%| O|  |TAMS 0x000000008bb00000, 0x000000008bb00000| Untracked 
| 188|0x000000008bc00000, 0x000000008bc8f400, 0x000000008bd00000| 55%| O|  |TAMS 0x000000008bc00000, 0x000000008bc00000| Updating 
| 189|0x000000008bd00000, 0x000000008be00000, 0x000000008be00000|100%|HS|  |TAMS 0x000000008bd00000, 0x000000008bd00000| Complete 
| 190|0x000000008be00000, 0x000000008bf00000, 0x000000008bf00000|100%|HC|  |TAMS 0x000000008be00000, 0x000000008be00000| Complete 
| 191|0x000000008bf00000, 0x000000008c000000, 0x000000008c000000|100%|HS|  |TAMS 0x000000008bf00000, 0x000000008bf00000| Complete 
| 192|0x000000008c000000, 0x000000008c100000, 0x000000008c100000|100%|HC|  |TAMS 0x000000008c000000, 0x000000008c000000| Complete 
| 193|0x000000008c100000, 0x000000008c100000, 0x000000008c200000|  0%| F|  |TAMS 0x000000008c100000, 0x000000008c100000| Untracked 
| 194|0x000000008c200000, 0x000000008c200000, 0x000000008c300000|  0%| F|  |TAMS 0x000000008c200000, 0x000000008c200000| Untracked 
| 195|0x000000008c300000, 0x000000008c300000, 0x000000008c400000|  0%| F|  |TAMS 0x000000008c300000, 0x000000008c300000| Untracked 
| 196|0x000000008c400000, 0x000000008c400000, 0x000000008c500000|  0%| F|  |TAMS 0x000000008c400000, 0x000000008c400000| Untracked 
| 197|0x000000008c500000, 0x000000008c500000, 0x000000008c600000|  0%| F|  |TAMS 0x000000008c500000, 0x000000008c500000| Untracked 
| 198|0x000000008c600000, 0x000000008c600000, 0x000000008c700000|  0%| F|  |TAMS 0x000000008c600000, 0x000000008c600000| Untracked 
| 199|0x000000008c700000, 0x000000008c700000, 0x000000008c800000|  0%| F|  |TAMS 0x000000008c700000, 0x000000008c700000| Untracked 
| 200|0x000000008c800000, 0x000000008c800000, 0x000000008c900000|  0%| F|  |TAMS 0x000000008c800000, 0x000000008c800000| Untracked 
| 201|0x000000008c900000, 0x000000008c900000, 0x000000008ca00000|  0%| F|  |TAMS 0x000000008c900000, 0x000000008c900000| Untracked 
| 202|0x000000008ca00000, 0x000000008ca00000, 0x000000008cb00000|  0%| F|  |TAMS 0x000000008ca00000, 0x000000008ca00000| Untracked 
| 203|0x000000008cb00000, 0x000000008cb00000, 0x000000008cc00000|  0%| F|  |TAMS 0x000000008cb00000, 0x000000008cb00000| Untracked 
| 204|0x000000008cc00000, 0x000000008cc00000, 0x000000008cd00000|  0%| F|  |TAMS 0x000000008cc00000, 0x000000008cc00000| Untracked 
| 205|0x000000008cd00000, 0x000000008cd00000, 0x000000008ce00000|  0%| F|  |TAMS 0x000000008cd00000, 0x000000008cd00000| Untracked 
| 206|0x000000008ce00000, 0x000000008ce00000, 0x000000008cf00000|  0%| F|  |TAMS 0x000000008ce00000, 0x000000008ce00000| Untracked 
| 207|0x000000008cf00000, 0x000000008cf00000, 0x000000008d000000|  0%| F|  |TAMS 0x000000008cf00000, 0x000000008cf00000| Untracked 
| 208|0x000000008d000000, 0x000000008d000000, 0x000000008d100000|  0%| F|  |TAMS 0x000000008d000000, 0x000000008d000000| Untracked 
| 209|0x000000008d100000, 0x000000008d100000, 0x000000008d200000|  0%| F|  |TAMS 0x000000008d100000, 0x000000008d100000| Untracked 
| 210|0x000000008d200000, 0x000000008d200000, 0x000000008d300000|  0%| F|  |TAMS 0x000000008d200000, 0x000000008d200000| Untracked 
| 211|0x000000008d300000, 0x000000008d300000, 0x000000008d400000|  0%| F|  |TAMS 0x000000008d300000, 0x000000008d300000| Untracked 
| 212|0x000000008d400000, 0x000000008d400000, 0x000000008d500000|  0%| F|  |TAMS 0x000000008d400000, 0x000000008d400000| Untracked 
| 213|0x000000008d500000, 0x000000008d500000, 0x000000008d600000|  0%| F|  |TAMS 0x000000008d500000, 0x000000008d500000| Untracked 
| 214|0x000000008d600000, 0x000000008d600000, 0x000000008d700000|  0%| F|  |TAMS 0x000000008d600000, 0x000000008d600000| Untracked 
| 215|0x000000008d700000, 0x000000008d700000, 0x000000008d800000|  0%| F|  |TAMS 0x000000008d700000, 0x000000008d700000| Untracked 
| 216|0x000000008d800000, 0x000000008d800000, 0x000000008d900000|  0%| F|  |TAMS 0x000000008d800000, 0x000000008d800000| Untracked 
| 217|0x000000008d900000, 0x000000008d900000, 0x000000008da00000|  0%| F|  |TAMS 0x000000008d900000, 0x000000008d900000| Untracked 
| 218|0x000000008da00000, 0x000000008da00000, 0x000000008db00000|  0%| F|  |TAMS 0x000000008da00000, 0x000000008da00000| Untracked 
| 219|0x000000008db00000, 0x000000008db00000, 0x000000008dc00000|  0%| F|  |TAMS 0x000000008db00000, 0x000000008db00000| Untracked 
| 220|0x000000008dc00000, 0x000000008dc00000, 0x000000008dd00000|  0%| F|  |TAMS 0x000000008dc00000, 0x000000008dc00000| Untracked 
| 221|0x000000008dd00000, 0x000000008dd00000, 0x000000008de00000|  0%| F|  |TAMS 0x000000008dd00000, 0x000000008dd00000| Untracked 
| 222|0x000000008de00000, 0x000000008de00000, 0x000000008df00000|  0%| F|  |TAMS 0x000000008de00000, 0x000000008de00000| Untracked 
| 223|0x000000008df00000, 0x000000008df00000, 0x000000008e000000|  0%| F|  |TAMS 0x000000008df00000, 0x000000008df00000| Untracked 
| 224|0x000000008e000000, 0x000000008e000000, 0x000000008e100000|  0%| F|  |TAMS 0x000000008e000000, 0x000000008e000000| Untracked 
| 225|0x000000008e100000, 0x000000008e100000, 0x000000008e200000|  0%| F|  |TAMS 0x000000008e100000, 0x000000008e100000| Untracked 
| 226|0x000000008e200000, 0x000000008e200000, 0x000000008e300000|  0%| F|  |TAMS 0x000000008e200000, 0x000000008e200000| Untracked 
| 227|0x000000008e300000, 0x000000008e300000, 0x000000008e400000|  0%| F|  |TAMS 0x000000008e300000, 0x000000008e300000| Untracked 
| 228|0x000000008e400000, 0x000000008e400000, 0x000000008e500000|  0%| F|  |TAMS 0x000000008e400000, 0x000000008e400000| Untracked 
| 229|0x000000008e500000, 0x000000008e500000, 0x000000008e600000|  0%| F|  |TAMS 0x000000008e500000, 0x000000008e500000| Untracked 
| 230|0x000000008e600000, 0x000000008e600000, 0x000000008e700000|  0%| F|  |TAMS 0x000000008e600000, 0x000000008e600000| Untracked 
| 231|0x000000008e700000, 0x000000008e700000, 0x000000008e800000|  0%| F|  |TAMS 0x000000008e700000, 0x000000008e700000| Untracked 
| 232|0x000000008e800000, 0x000000008e800000, 0x000000008e900000|  0%| F|  |TAMS 0x000000008e800000, 0x000000008e800000| Untracked 
| 233|0x000000008e900000, 0x000000008e900000, 0x000000008ea00000|  0%| F|  |TAMS 0x000000008e900000, 0x000000008e900000| Untracked 
| 234|0x000000008ea00000, 0x000000008ea00000, 0x000000008eb00000|  0%| F|  |TAMS 0x000000008ea00000, 0x000000008ea00000| Untracked 
| 235|0x000000008eb00000, 0x000000008eb00000, 0x000000008ec00000|  0%| F|  |TAMS 0x000000008eb00000, 0x000000008eb00000| Untracked 
| 236|0x000000008ec00000, 0x000000008ec00000, 0x000000008ed00000|  0%| F|  |TAMS 0x000000008ec00000, 0x000000008ec00000| Untracked 
| 237|0x000000008ed00000, 0x000000008ed00000, 0x000000008ee00000|  0%| F|  |TAMS 0x000000008ed00000, 0x000000008ed00000| Untracked 
| 238|0x000000008ee00000, 0x000000008ee00000, 0x000000008ef00000|  0%| F|  |TAMS 0x000000008ee00000, 0x000000008ee00000| Untracked 
| 239|0x000000008ef00000, 0x000000008ef00000, 0x000000008f000000|  0%| F|  |TAMS 0x000000008ef00000, 0x000000008ef00000| Untracked 
| 240|0x000000008f000000, 0x000000008f000000, 0x000000008f100000|  0%| F|  |TAMS 0x000000008f000000, 0x000000008f000000| Untracked 
| 241|0x000000008f100000, 0x000000008f100000, 0x000000008f200000|  0%| F|  |TAMS 0x000000008f100000, 0x000000008f100000| Untracked 
| 242|0x000000008f200000, 0x000000008f200000, 0x000000008f300000|  0%| F|  |TAMS 0x000000008f200000, 0x000000008f200000| Untracked 
| 243|0x000000008f300000, 0x000000008f300000, 0x000000008f400000|  0%| F|  |TAMS 0x000000008f300000, 0x000000008f300000| Untracked 
| 244|0x000000008f400000, 0x000000008f400000, 0x000000008f500000|  0%| F|  |TAMS 0x000000008f400000, 0x000000008f400000| Untracked 
| 245|0x000000008f500000, 0x000000008f500000, 0x000000008f600000|  0%| F|  |TAMS 0x000000008f500000, 0x000000008f500000| Untracked 
| 246|0x000000008f600000, 0x000000008f600000, 0x000000008f700000|  0%| F|  |TAMS 0x000000008f600000, 0x000000008f600000| Untracked 
| 247|0x000000008f700000, 0x000000008f700000, 0x000000008f800000|  0%| F|  |TAMS 0x000000008f700000, 0x000000008f700000| Untracked 
| 248|0x000000008f800000, 0x000000008f800000, 0x000000008f900000|  0%| F|  |TAMS 0x000000008f800000, 0x000000008f800000| Untracked 
| 249|0x000000008f900000, 0x000000008f900000, 0x000000008fa00000|  0%| F|  |TAMS 0x000000008f900000, 0x000000008f900000| Untracked 
| 250|0x000000008fa00000, 0x000000008fa00000, 0x000000008fb00000|  0%| F|  |TAMS 0x000000008fa00000, 0x000000008fa00000| Untracked 
| 251|0x000000008fb00000, 0x000000008fb00000, 0x000000008fc00000|  0%| F|  |TAMS 0x000000008fb00000, 0x000000008fb00000| Untracked 
| 252|0x000000008fc00000, 0x000000008fc00000, 0x000000008fd00000|  0%| F|  |TAMS 0x000000008fc00000, 0x000000008fc00000| Untracked 
| 253|0x000000008fd00000, 0x000000008fd00000, 0x000000008fe00000|  0%| F|  |TAMS 0x000000008fd00000, 0x000000008fd00000| Untracked 
| 254|0x000000008fe00000, 0x000000008fe00000, 0x000000008ff00000|  0%| F|  |TAMS 0x000000008fe00000, 0x000000008fe00000| Untracked 
| 255|0x000000008ff00000, 0x000000008ff00000, 0x0000000090000000|  0%| F|  |TAMS 0x000000008ff00000, 0x000000008ff00000| Untracked 
| 256|0x0000000090000000, 0x0000000090000000, 0x0000000090100000|  0%| F|  |TAMS 0x0000000090000000, 0x0000000090000000| Untracked 
| 257|0x0000000090100000, 0x0000000090100000, 0x0000000090200000|  0%| F|  |TAMS 0x0000000090100000, 0x0000000090100000| Untracked 
| 258|0x0000000090200000, 0x0000000090200000, 0x0000000090300000|  0%| F|  |TAMS 0x0000000090200000, 0x0000000090200000| Untracked 
| 259|0x0000000090300000, 0x0000000090300000, 0x0000000090400000|  0%| F|  |TAMS 0x0000000090300000, 0x0000000090300000| Untracked 
| 260|0x0000000090400000, 0x0000000090400000, 0x0000000090500000|  0%| F|  |TAMS 0x0000000090400000, 0x0000000090400000| Untracked 
| 261|0x0000000090500000, 0x0000000090500000, 0x0000000090600000|  0%| F|  |TAMS 0x0000000090500000, 0x0000000090500000| Untracked 
| 262|0x0000000090600000, 0x0000000090600000, 0x0000000090700000|  0%| F|  |TAMS 0x0000000090600000, 0x0000000090600000| Untracked 
| 263|0x0000000090700000, 0x0000000090700000, 0x0000000090800000|  0%| F|  |TAMS 0x0000000090700000, 0x0000000090700000| Untracked 
| 264|0x0000000090800000, 0x0000000090800000, 0x0000000090900000|  0%| F|  |TAMS 0x0000000090800000, 0x0000000090800000| Untracked 
| 265|0x0000000090900000, 0x0000000090900000, 0x0000000090a00000|  0%| F|  |TAMS 0x0000000090900000, 0x0000000090900000| Untracked 
| 266|0x0000000090a00000, 0x0000000090a00000, 0x0000000090b00000|  0%| F|  |TAMS 0x0000000090a00000, 0x0000000090a00000| Untracked 
| 267|0x0000000090b00000, 0x0000000090b00000, 0x0000000090c00000|  0%| F|  |TAMS 0x0000000090b00000, 0x0000000090b00000| Untracked 
| 268|0x0000000090c00000, 0x0000000090c00000, 0x0000000090d00000|  0%| F|  |TAMS 0x0000000090c00000, 0x0000000090c00000| Untracked 
| 269|0x0000000090d00000, 0x0000000090d00000, 0x0000000090e00000|  0%| F|  |TAMS 0x0000000090d00000, 0x0000000090d00000| Untracked 
| 270|0x0000000090e00000, 0x0000000090e00000, 0x0000000090f00000|  0%| F|  |TAMS 0x0000000090e00000, 0x0000000090e00000| Untracked 
| 271|0x0000000090f00000, 0x0000000090f00000, 0x0000000091000000|  0%| F|  |TAMS 0x0000000090f00000, 0x0000000090f00000| Untracked 
| 272|0x0000000091000000, 0x0000000091000000, 0x0000000091100000|  0%| F|  |TAMS 0x0000000091000000, 0x0000000091000000| Untracked 
| 273|0x0000000091100000, 0x0000000091100000, 0x0000000091200000|  0%| F|  |TAMS 0x0000000091100000, 0x0000000091100000| Untracked 
| 274|0x0000000091200000, 0x0000000091200000, 0x0000000091300000|  0%| F|  |TAMS 0x0000000091200000, 0x0000000091200000| Untracked 
| 275|0x0000000091300000, 0x0000000091300000, 0x0000000091400000|  0%| F|  |TAMS 0x0000000091300000, 0x0000000091300000| Untracked 
| 276|0x0000000091400000, 0x0000000091400000, 0x0000000091500000|  0%| F|  |TAMS 0x0000000091400000, 0x0000000091400000| Untracked 
| 277|0x0000000091500000, 0x0000000091500000, 0x0000000091600000|  0%| F|  |TAMS 0x0000000091500000, 0x0000000091500000| Untracked 
| 278|0x0000000091600000, 0x0000000091600000, 0x0000000091700000|  0%| F|  |TAMS 0x0000000091600000, 0x0000000091600000| Untracked 
| 279|0x0000000091700000, 0x0000000091700000, 0x0000000091800000|  0%| F|  |TAMS 0x0000000091700000, 0x0000000091700000| Untracked 
| 280|0x0000000091800000, 0x0000000091800000, 0x0000000091900000|  0%| F|  |TAMS 0x0000000091800000, 0x0000000091800000| Untracked 
| 281|0x0000000091900000, 0x0000000091900000, 0x0000000091a00000|  0%| F|  |TAMS 0x0000000091900000, 0x0000000091900000| Untracked 
| 282|0x0000000091a00000, 0x0000000091a00000, 0x0000000091b00000|  0%| F|  |TAMS 0x0000000091a00000, 0x0000000091a00000| Untracked 
| 283|0x0000000091b00000, 0x0000000091b00000, 0x0000000091c00000|  0%| F|  |TAMS 0x0000000091b00000, 0x0000000091b00000| Untracked 
| 284|0x0000000091c00000, 0x0000000091c00000, 0x0000000091d00000|  0%| F|  |TAMS 0x0000000091c00000, 0x0000000091c00000| Untracked 
| 285|0x0000000091d00000, 0x0000000091d00000, 0x0000000091e00000|  0%| F|  |TAMS 0x0000000091d00000, 0x0000000091d00000| Untracked 
| 286|0x0000000091e00000, 0x0000000091e00000, 0x0000000091f00000|  0%| F|  |TAMS 0x0000000091e00000, 0x0000000091e00000| Untracked 
| 287|0x0000000091f00000, 0x0000000091f00000, 0x0000000092000000|  0%| F|  |TAMS 0x0000000091f00000, 0x0000000091f00000| Untracked 
| 288|0x0000000092000000, 0x0000000092000000, 0x0000000092100000|  0%| F|  |TAMS 0x0000000092000000, 0x0000000092000000| Untracked 
| 289|0x0000000092100000, 0x0000000092100000, 0x0000000092200000|  0%| F|  |TAMS 0x0000000092100000, 0x0000000092100000| Untracked 
| 290|0x0000000092200000, 0x0000000092200000, 0x0000000092300000|  0%| F|  |TAMS 0x0000000092200000, 0x0000000092200000| Untracked 
| 291|0x0000000092300000, 0x00000000923627f0, 0x0000000092400000| 38%| E|  |TAMS 0x0000000092300000, 0x0000000092300000| Complete 
| 292|0x0000000092400000, 0x0000000092500000, 0x0000000092500000|100%| E|CS|TAMS 0x0000000092400000, 0x0000000092400000| Complete 
| 293|0x0000000092500000, 0x0000000092600000, 0x0000000092600000|100%| E|CS|TAMS 0x0000000092500000, 0x0000000092500000| Complete 
| 294|0x0000000092600000, 0x0000000092700000, 0x0000000092700000|100%| E|CS|TAMS 0x0000000092600000, 0x0000000092600000| Complete 
| 295|0x0000000092700000, 0x0000000092800000, 0x0000000092800000|100%| E|CS|TAMS 0x0000000092700000, 0x0000000092700000| Complete 
| 296|0x0000000092800000, 0x0000000092900000, 0x0000000092900000|100%| E|CS|TAMS 0x0000000092800000, 0x0000000092800000| Complete 
| 297|0x0000000092900000, 0x0000000092a00000, 0x0000000092a00000|100%| E|CS|TAMS 0x0000000092900000, 0x0000000092900000| Complete 
| 298|0x0000000092a00000, 0x0000000092b00000, 0x0000000092b00000|100%| E|CS|TAMS 0x0000000092a00000, 0x0000000092a00000| Complete 
| 299|0x0000000092b00000, 0x0000000092c00000, 0x0000000092c00000|100%| E|CS|TAMS 0x0000000092b00000, 0x0000000092b00000| Complete 
| 300|0x0000000092c00000, 0x0000000092d00000, 0x0000000092d00000|100%| E|CS|TAMS 0x0000000092c00000, 0x0000000092c00000| Complete 
| 301|0x0000000092d00000, 0x0000000092e00000, 0x0000000092e00000|100%| E|CS|TAMS 0x0000000092d00000, 0x0000000092d00000| Complete 
| 302|0x0000000092e00000, 0x0000000092f00000, 0x0000000092f00000|100%| E|CS|TAMS 0x0000000092e00000, 0x0000000092e00000| Complete 
| 303|0x0000000092f00000, 0x0000000093000000, 0x0000000093000000|100%| E|CS|TAMS 0x0000000092f00000, 0x0000000092f00000| Complete 
| 304|0x0000000093000000, 0x0000000093100000, 0x0000000093100000|100%| E|CS|TAMS 0x0000000093000000, 0x0000000093000000| Complete 
| 305|0x0000000093100000, 0x0000000093200000, 0x0000000093200000|100%| E|CS|TAMS 0x0000000093100000, 0x0000000093100000| Complete 
| 306|0x0000000093200000, 0x000000009325f678, 0x0000000093300000| 37%| S|CS|TAMS 0x0000000093200000, 0x0000000093200000| Complete 
| 307|0x0000000093300000, 0x0000000093400000, 0x0000000093400000|100%| S|CS|TAMS 0x0000000093300000, 0x0000000093300000| Complete 
| 308|0x0000000093400000, 0x0000000093500000, 0x0000000093500000|100%| E|CS|TAMS 0x0000000093400000, 0x0000000093400000| Complete 
| 309|0x0000000093500000, 0x0000000093600000, 0x0000000093600000|100%| E|CS|TAMS 0x0000000093500000, 0x0000000093500000| Complete 

Card table byte_map: [0x000002384c970000,0x000002384cd70000] _byte_map_base: 0x000002384c570000

Marking Bits (Prev, Next): (CMBitMap*) 0x0000023833561400, (CMBitMap*) 0x00000238335613c0
 Prev Bits: [0x000002384f170000, 0x0000023851170000)
 Next Bits: [0x000002384d170000, 0x000002384f170000)

Polling page: 0x00000238335f0000

Metaspace:

Usage:
  Non-class:     83.18 MB capacity,    82.22 MB ( 99%) used,   855.16 KB (  1%) free+waste,   134.75 KB ( <1%) overhead. 
      Class:     12.42 MB capacity,    12.07 MB ( 97%) used,   303.34 KB (  2%) free+waste,    52.19 KB ( <1%) overhead. 
       Both:     95.60 MB capacity,    94.29 MB ( 99%) used,     1.13 MB (  1%) free+waste,   186.94 KB ( <1%) overhead. 

Virtual space:
  Non-class space:       84.00 MB reserved,      83.25 MB (>99%) committed 
      Class space:        1.00 GB reserved,      12.50 MB (  1%) committed 
             Both:        1.08 GB reserved,      95.75 MB (  9%) committed 

Chunk freelists:
   Non-Class:  67.00 KB
       Class:  18.00 KB
        Both:  85.00 KB

MaxMetaspaceSize: 17179869184.00 GB
CompressedClassSpaceSize: 1.00 GB

CodeHeap 'non-profiled nmethods': size=120000Kb used=7537Kb max_used=7947Kb free=112462Kb
 bounds [0x0000023844a20000, 0x00000238451f0000, 0x000002384bf50000]
CodeHeap 'profiled nmethods': size=120000Kb used=26663Kb max_used=26663Kb free=93337Kb
 bounds [0x000002383d4f0000, 0x000002383ef00000, 0x0000023844a20000]
CodeHeap 'non-nmethods': size=5760Kb used=2442Kb max_used=2474Kb free=3317Kb
 bounds [0x000002383cf50000, 0x000002383d1c0000, 0x000002383d4f0000]
 total_blobs=13658 nmethods=12711 adapters=858
 compilation: enabled
              stopped_count=0, restarted_count=0
 full_count=0

Compilation events (20 events):
Event: 180.662 Thread 0x00000238537f0960 15281       2       com.android.tools.r8.s.b.c0::Q2 (19 bytes)
Event: 180.662 Thread 0x00000238537f0960 nmethod 15281 0x000002383eeef510 code [0x000002383eeef6a0, 0x000002383eeef7c8]
Event: 180.662 Thread 0x00000238537f0960 15284       2       com.android.tools.r8.s.b.q1::D (10 bytes)
Event: 180.663 Thread 0x00000238537f0960 nmethod 15284 0x000002383eeef890 code [0x000002383eeefa20, 0x000002383eeefb38]
Event: 180.663 Thread 0x00000238537f0960 15285       2       com.android.tools.r8.s.b.C::T0 (16 bytes)
Event: 180.664 Thread 0x00000238537f0960 nmethod 15285 0x000002383eeefc10 code [0x000002383eeefda0, 0x000002383eeefeb8]
Event: 180.664 Thread 0x00000238537f0960 15286       2       com.android.tools.r8.s.b.X::c (1154 bytes)
Event: 180.672 Thread 0x00000238537f0960 nmethod 15286 0x000002383eeeff90 code [0x000002383eef0600, 0x000002383eef30c8]
Event: 180.672 Thread 0x00000238537f0960 15288       2       com.android.tools.r8.ir.regalloc.a::i (610 bytes)
Event: 180.679 Thread 0x00000238537f0960 nmethod 15288 0x000002383eef4890 code [0x000002383eef4ea0, 0x000002383eef73c8]
Event: 180.679 Thread 0x00000238537f0960 15290       2       com.android.tools.r8.graph.s::b (108 bytes)
Event: 180.680 Thread 0x00000238537f0960 nmethod 15290 0x000002383eef8c10 code [0x000002383eef8e60, 0x000002383eef92a8]
Event: 180.680 Thread 0x00000238537f0960 15289       2       com.android.tools.r8.s.b.o::c (35 bytes)
Event: 180.681 Thread 0x00000238537f0960 nmethod 15289 0x000002383eef9510 code [0x000002383eef96e0, 0x000002383eef9a38]
Event: 180.681 Thread 0x00000238537f0960 15291       1       com.android.tools.r8.p.n.K::e (2 bytes)
Event: 180.681 Thread 0x00000238537f0960 nmethod 15291 0x0000023845090890 code [0x0000023845090a20, 0x0000023845090ad8]
Event: 180.716 Thread 0x00000238537ece90 nmethod 15187 0x000002384512d390 code [0x000002384512d7c0, 0x0000023845130ef8]
Event: 180.716 Thread 0x00000238537ece90 15244       4       com.android.tools.r8.t.a.a.a.f.X$f::hasNext (13 bytes)
Event: 180.717 Thread 0x00000238537ece90 nmethod 15244 0x000002384512d090 code [0x000002384512d200, 0x000002384512d278]
Event: 180.717 Thread 0x00000238537ece90 15217       4       com.android.tools.r8.s.b.q1::b0 (8 bytes)

GC Heap History (20 events):
Event: 169.636 GC heap before
{Heap before GC invocations=62 (full 0):
 garbage-first heap   total 196608K, used 147153K [0x0000000080000000, 0x0000000100000000)
  region size 1024K, 40 young (40960K), 4 survivors (4096K)
 Metaspace       used 87220K, capacity 88498K, committed 88576K, reserved 1126400K
  class space    used 11122K, capacity 11474K, committed 11520K, reserved 1048576K
}
Event: 169.649 GC heap after
{Heap after GC invocations=63 (full 0):
 garbage-first heap   total 196608K, used 112701K [0x0000000080000000, 0x0000000100000000)
  region size 1024K, 4 young (4096K), 4 survivors (4096K)
 Metaspace       used 87220K, capacity 88498K, committed 88576K, reserved 1126400K
  class space    used 11122K, capacity 11474K, committed 11520K, reserved 1048576K
}
Event: 170.106 GC heap before
{Heap before GC invocations=63 (full 0):
 garbage-first heap   total 196608K, used 116797K [0x0000000080000000, 0x0000000100000000)
  region size 1024K, 9 young (9216K), 4 survivors (4096K)
 Metaspace       used 87249K, capacity 88498K, committed 88576K, reserved 1126400K
  class space    used 11124K, capacity 11474K, committed 11520K, reserved 1048576K
}
Event: 170.147 GC heap after
{Heap after GC invocations=64 (full 0):
 garbage-first heap   total 196608K, used 102243K [0x0000000080000000, 0x0000000100000000)
  region size 1024K, 1 young (1024K), 1 survivors (1024K)
 Metaspace       used 87249K, capacity 88498K, committed 88576K, reserved 1126400K
  class space    used 11124K, capacity 11474K, committed 11520K, reserved 1048576K
}
Event: 172.357 GC heap before
{Heap before GC invocations=64 (full 0):
 garbage-first heap   total 196608K, used 135011K [0x0000000080000000, 0x0000000100000000)
  region size 1024K, 35 young (35840K), 1 survivors (1024K)
 Metaspace       used 87978K, capacity 89246K, committed 89472K, reserved 1126400K
  class space    used 11231K, capacity 11572K, committed 11648K, reserved 1048576K
}
Event: 172.366 GC heap after
{Heap after GC invocations=65 (full 0):
 garbage-first heap   total 196608K, used 103267K [0x0000000080000000, 0x0000000100000000)
  region size 1024K, 2 young (2048K), 2 survivors (2048K)
 Metaspace       used 87978K, capacity 89246K, committed 89472K, reserved 1126400K
  class space    used 11231K, capacity 11572K, committed 11648K, reserved 1048576K
}
Event: 173.010 GC heap before
{Heap before GC invocations=66 (full 0):
 garbage-first heap   total 196608K, used 114531K [0x0000000080000000, 0x0000000100000000)
  region size 1024K, 10 young (10240K), 2 survivors (2048K)
 Metaspace       used 87988K, capacity 89246K, committed 89472K, reserved 1126400K
  class space    used 11231K, capacity 11572K, committed 11648K, reserved 1048576K
}
Event: 173.020 GC heap after
{Heap after GC invocations=67 (full 0):
 garbage-first heap   total 196608K, used 116314K [0x0000000080000000, 0x0000000100000000)
  region size 1024K, 8 young (8192K), 8 survivors (8192K)
 Metaspace       used 87988K, capacity 89246K, committed 89472K, reserved 1126400K
  class space    used 11231K, capacity 11572K, committed 11648K, reserved 1048576K
}
Event: 173.694 GC heap before
{Heap before GC invocations=68 (full 0):
 garbage-first heap   total 201728K, used 128602K [0x0000000080000000, 0x0000000100000000)
  region size 1024K, 13 young (13312K), 8 survivors (8192K)
 Metaspace       used 88077K, capacity 89310K, committed 89472K, reserved 1126400K
  class space    used 11239K, capacity 11572K, committed 11648K, reserved 1048576K
}
Event: 173.706 GC heap after
{Heap after GC invocations=69 (full 0):
 garbage-first heap   total 201728K, used 128958K [0x0000000080000000, 0x0000000100000000)
  region size 1024K, 4 young (4096K), 4 survivors (4096K)
 Metaspace       used 88077K, capacity 89310K, committed 89472K, reserved 1126400K
  class space    used 11239K, capacity 11572K, committed 11648K, reserved 1048576K
}
Event: 174.917 GC heap before
{Heap before GC invocations=70 (full 0):
 garbage-first heap   total 229376K, used 149438K [0x0000000080000000, 0x0000000100000000)
  region size 1024K, 23 young (23552K), 4 survivors (4096K)
 Metaspace       used 90009K, capacity 91331K, committed 91520K, reserved 1128448K
  class space    used 11514K, capacity 11873K, committed 11904K, reserved 1048576K
}
Event: 174.929 GC heap after
{Heap after GC invocations=71 (full 0):
 garbage-first heap   total 229376K, used 128056K [0x0000000080000000, 0x0000000100000000)
  region size 1024K, 3 young (3072K), 3 survivors (3072K)
 Metaspace       used 90009K, capacity 91331K, committed 91520K, reserved 1128448K
  class space    used 11514K, capacity 11873K, committed 11904K, reserved 1048576K
}
Event: 175.880 GC heap before
{Heap before GC invocations=72 (full 0):
 garbage-first heap   total 311296K, used 193592K [0x0000000080000000, 0x0000000100000000)
  region size 1024K, 39 young (39936K), 3 survivors (3072K)
 Metaspace       used 91225K, capacity 92594K, committed 92800K, reserved 1130496K
  class space    used 11656K, capacity 12038K, committed 12160K, reserved 1048576K
}
Event: 175.902 GC heap after
{Heap after GC invocations=73 (full 0):
 garbage-first heap   total 311296K, used 159329K [0x0000000080000000, 0x0000000100000000)
  region size 1024K, 5 young (5120K), 5 survivors (5120K)
 Metaspace       used 91225K, capacity 92594K, committed 92800K, reserved 1130496K
  class space    used 11656K, capacity 12038K, committed 12160K, reserved 1048576K
}
Event: 178.001 GC heap before
{Heap before GC invocations=73 (full 0):
 garbage-first heap   total 311296K, used 215649K [0x0000000080000000, 0x0000000100000000)
  region size 1024K, 62 young (63488K), 5 survivors (5120K)
 Metaspace       used 95346K, capacity 96643K, committed 96896K, reserved 1134592K
  class space    used 12297K, capacity 12662K, committed 12672K, reserved 1048576K
}
Event: 178.070 GC heap after
{Heap after GC invocations=74 (full 0):
 garbage-first heap   total 311296K, used 175318K [0x0000000080000000, 0x0000000100000000)
  region size 1024K, 8 young (8192K), 8 survivors (8192K)
 Metaspace       used 95346K, capacity 96643K, committed 96896K, reserved 1134592K
  class space    used 12297K, capacity 12662K, committed 12672K, reserved 1048576K
}
Event: 179.855 GC heap before
{Heap before GC invocations=75 (full 0):
 garbage-first heap   total 317440K, used 228566K [0x0000000080000000, 0x0000000100000000)
  region size 1024K, 59 young (60416K), 8 survivors (8192K)
 Metaspace       used 96339K, capacity 97667K, committed 97792K, reserved 1134592K
  class space    used 12357K, capacity 12726K, committed 12800K, reserved 1048576K
}
Event: 179.936 GC heap after
{Heap after GC invocations=76 (full 0):
 garbage-first heap   total 317440K, used 192269K [0x0000000080000000, 0x0000000100000000)
  region size 1024K, 8 young (8192K), 8 survivors (8192K)
 Metaspace       used 96339K, capacity 97667K, committed 97792K, reserved 1134592K
  class space    used 12357K, capacity 12726K, committed 12800K, reserved 1048576K
}
Event: 179.989 GC heap before
{Heap before GC invocations=76 (full 0):
 garbage-first heap   total 317440K, used 193293K [0x0000000080000000, 0x0000000100000000)
  region size 1024K, 10 young (10240K), 8 survivors (8192K)
 Metaspace       used 96358K, capacity 97731K, committed 98048K, reserved 1134592K
  class space    used 12358K, capacity 12726K, committed 12800K, reserved 1048576K
}
Event: 180.029 GC heap after
{Heap after GC invocations=77 (full 0):
 garbage-first heap   total 317440K, used 194490K [0x0000000080000000, 0x0000000100000000)
  region size 1024K, 2 young (2048K), 2 survivors (2048K)
 Metaspace       used 96358K, capacity 97731K, committed 98048K, reserved 1134592K
  class space    used 12358K, capacity 12726K, committed 12800K, reserved 1048576K
}

Deoptimization events (20 events):
Event: 179.823 Thread 0x0000023855994270 DEOPT PACKING pc=0x0000023844efc940 sp=0x00000062e5ffc270
Event: 179.823 Thread 0x0000023855994270 DEOPT UNPACKING pc=0x000002383cf9e12f sp=0x00000062e5ffc228 mode 2
Event: 179.843 Thread 0x0000023855994270 Uncommon trap: trap_request=0xffffff45 fr.pc=0x0000023844ca09c8 relative=0x00000000000000a8
Event: 179.843 Thread 0x0000023855994270 Uncommon trap: reason=unstable_if action=reinterpret pc=0x0000023844ca09c8 method=com.android.tools.r8.ir.conversion.o.b(Lcom/android/tools/r8/p/n/A;)Z @ 25 c2
Event: 179.843 Thread 0x0000023855994270 DEOPT PACKING pc=0x0000023844ca09c8 sp=0x00000062e5ffc220
Event: 179.843 Thread 0x0000023855994270 DEOPT UNPACKING pc=0x000002383cf9e12f sp=0x00000062e5ffc1a0 mode 2
Event: 179.844 Thread 0x0000023855994270 Uncommon trap: trap_request=0xffffff45 fr.pc=0x0000023845012a50 relative=0x0000000000002d90
Event: 179.844 Thread 0x0000023855994270 Uncommon trap: reason=unstable_if action=reinterpret pc=0x0000023845012a50 method=com.android.tools.r8.ir.conversion.o.a(Lcom/android/tools/r8/ir/conversion/N;IZ)V @ 426 c2
Event: 179.844 Thread 0x0000023855994270 DEOPT PACKING pc=0x0000023845012a50 sp=0x00000062e5ffc240
Event: 179.844 Thread 0x0000023855994270 DEOPT UNPACKING pc=0x000002383cf9e12f sp=0x00000062e5ffc210 mode 2
Event: 180.278 Thread 0x0000023855995f50 DEOPT PACKING pc=0x000002383edcc494 sp=0x00000062e60fc150
Event: 180.278 Thread 0x0000023855995f50 DEOPT UNPACKING pc=0x000002383cf9df3f sp=0x00000062e60fb920 mode 0
Event: 180.386 Thread 0x00000238559950e0 DEOPT PACKING pc=0x000002383edcc494 sp=0x00000062e52fc160
Event: 180.386 Thread 0x00000238559950e0 DEOPT UNPACKING pc=0x000002383cf9df3f sp=0x00000062e52fb930 mode 0
Event: 180.387 Thread 0x00000238559950e0 DEOPT PACKING pc=0x000002383edccab4 sp=0x00000062e52fc530
Event: 180.387 Thread 0x00000238559950e0 DEOPT UNPACKING pc=0x000002383cf9df3f sp=0x00000062e52fbd00 mode 0
Event: 180.392 Thread 0x00000238559950e0 Uncommon trap: trap_request=0xffffff45 fr.pc=0x0000023844a7ed44 relative=0x0000000000000604
Event: 180.392 Thread 0x00000238559950e0 Uncommon trap: reason=unstable_if action=reinterpret pc=0x0000023844a7ed44 method=java.util.HashMap$HashIterator.<init>(Ljava/util/HashMap;)V @ 45 c2
Event: 180.392 Thread 0x00000238559950e0 DEOPT PACKING pc=0x0000023844a7ed44 sp=0x00000062e52fc920
Event: 180.392 Thread 0x00000238559950e0 DEOPT UNPACKING pc=0x000002383cf9e12f sp=0x00000062e52fc7a8 mode 2

Classes unloaded (10 events):
Event: 97.595 Thread 0x00000238537cbb90 Unloading class 0x00000008013eb840 'java/lang/invoke/LambdaForm$DMH+0x00000008013eb840'
Event: 97.595 Thread 0x00000238537cbb90 Unloading class 0x00000008013ec440 'java/lang/invoke/LambdaForm$DMH+0x00000008013ec440'
Event: 180.746 Thread 0x00000238537cbb90 Unloading class 0x00000008016e3440 'java/lang/invoke/LambdaForm$DMH+0x00000008016e3440'
Event: 180.746 Thread 0x00000238537cbb90 Unloading class 0x00000008016e4440 'java/lang/invoke/LambdaForm$DMH+0x00000008016e4440'
Event: 180.746 Thread 0x00000238537cbb90 Unloading class 0x00000008016e4040 'java/lang/invoke/LambdaForm$DMH+0x00000008016e4040'
Event: 180.746 Thread 0x00000238537cbb90 Unloading class 0x00000008016e4c40 'java/lang/invoke/LambdaForm$DMH+0x00000008016e4c40'
Event: 180.746 Thread 0x00000238537cbb90 Unloading class 0x00000008016e5440 'java/lang/invoke/LambdaForm$DMH+0x00000008016e5440'
Event: 180.746 Thread 0x00000238537cbb90 Unloading class 0x00000008016e5c40 'java/lang/invoke/LambdaForm$DMH+0x00000008016e5c40'
Event: 180.746 Thread 0x00000238537cbb90 Unloading class 0x00000008016e6440 'java/lang/invoke/LambdaForm$DMH+0x00000008016e6440'
Event: 180.746 Thread 0x00000238537cbb90 Unloading class 0x00000008016e6c40 'java/lang/invoke/LambdaForm$DMH+0x00000008016e6c40'

Classes redefined (0 events):
No events

Internal exceptions (20 events):
Event: 174.759 Thread 0x0000023855997290 Implicit null exception at 0x0000023844e6cf9b to 0x0000023844e6d0c0
Event: 175.285 Thread 0x00000238559950e0 Exception <a 'sun/nio/fs/WindowsException'{0x000000008c432498}> (0x000000008c432498) 
thrown [./open/src/hotspot/share/prims/jni.cpp, line 578]
Event: 175.373 Thread 0x0000023855994270 Exception <a 'sun/nio/fs/WindowsException'{0x000000008c3b43f0}> (0x000000008c3b43f0) 
thrown [./open/src/hotspot/share/prims/jni.cpp, line 578]
Event: 175.480 Thread 0x00000238559950e0 Exception <a 'java/lang/NoSuchMethodError'{0x0000000092e5a438}: 'java.lang.Object java.lang.invoke.DirectMethodHandle$Holder.newInvokeSpecial(java.lang.Object, java.lang.Object, int, java.lang.Object, java.lang.Object)'> (0x0000000092e5a438) 
thrown [./open/src/hotspot/share/interpreter/linkResolver.cpp, line 782]
Event: 175.784 Thread 0x00000238559950e0 Exception <a 'java/lang/NoSuchMethodError'{0x0000000092a393f0}: 'void java.lang.invoke.DirectMethodHandle$Holder.invokeStatic(java.lang.Object, java.lang.Object, java.lang.Object, int)'> (0x0000000092a393f0) 
thrown [./open/src/hotspot/share/interpreter/linkResolver.cpp, line 782]
Event: 175.787 Thread 0x00000238559950e0 Exception <a 'java/lang/IncompatibleClassChangeError'{0x0000000092a41f38}: Found class java.lang.Object, but interface was expected> (0x0000000092a41f38) 
thrown [./open/src/hotspot/share/interpreter/linkResolver.cpp, line 848]
Event: 176.599 Thread 0x0000023855994270 Exception <a 'java/lang/NoSuchMethodError'{0x00000000914e5f30}: 'void java.lang.invoke.DirectMethodHandle$Holder.invokeStaticInit(java.lang.Object, java.lang.Object, java.lang.Object, java.lang.Object, java.lang.Object)'> (0x00000000914e5f30) 
thrown [./open/src/hotspot/share/interpreter/linkResolver.cpp, line 782]
Event: 176.599 Thread 0x00000238559950e0 Exception <a 'java/lang/NoSuchMethodError'{0x00000000914a85e0}: 'void java.lang.invoke.DirectMethodHandle$Holder.invokeStaticInit(java.lang.Object, java.lang.Object, java.lang.Object, java.lang.Object, java.lang.Object)'> (0x00000000914a85e0) 
thrown [./open/src/hotspot/share/interpreter/linkResolver.cpp, line 782]
Event: 176.601 Thread 0x00000238559950e0 Exception <a 'java/lang/NoSuchMethodError'{0x00000000914ae308}: 'java.lang.Object java.lang.invoke.DirectMethodHandle$Holder.invokeStatic(java.lang.Object, int, java.lang.Object, java.lang.Object)'> (0x00000000914ae308) 
thrown [./open/src/hotspot/share/interpreter/linkResolver.cpp, line 782]
Event: 176.601 Thread 0x0000023855994270 Exception <a 'java/lang/NoSuchMethodError'{0x00000000914ec5d8}: 'java.lang.Object java.lang.invoke.DirectMethodHandle$Holder.invokeStatic(java.lang.Object, int, java.lang.Object, java.lang.Object)'> (0x00000000914ec5d8) 
thrown [./open/src/hotspot/share/interpreter/linkResolver.cpp, line 782]
Event: 176.678 Thread 0x0000023855995f50 Exception <a 'java/lang/NoSuchMethodError'{0x0000000091100540}: 'long java.lang.invoke.DirectMethodHandle$Holder.invokeStatic(java.lang.Object, java.lang.Object)'> (0x0000000091100540) 
thrown [./open/src/hotspot/share/interpreter/linkResolver.cpp, line 782]
Event: 176.678 Thread 0x00000238559950e0 Exception <a 'java/lang/NoSuchMethodError'{0x0000000091270c28}: 'long java.lang.invoke.DirectMethodHandle$Holder.invokeStatic(java.lang.Object, java.lang.Object)'> (0x0000000091270c28) 
thrown [./open/src/hotspot/share/interpreter/linkResolver.cpp, line 782]
Event: 176.718 Thread 0x0000023855995f50 Exception <a 'java/lang/NoSuchMethodError'{0x000000009111e9e8}: 'void java.lang.invoke.DirectMethodHandle$Holder.invokeSpecial(java.lang.Object, java.lang.Object, int, java.lang.Object)'> (0x000000009111e9e8) 
thrown [./open/src/hotspot/share/interpreter/linkResolver.cpp, line 782]
Event: 176.718 Thread 0x0000023855994270 Exception <a 'java/lang/NoSuchMethodError'{0x000000009100eb00}: 'void java.lang.invoke.DirectMethodHandle$Holder.invokeSpecial(java.lang.Object, java.lang.Object, int, java.lang.Object)'> (0x000000009100eb00) 
thrown [./open/src/hotspot/share/interpreter/linkResolver.cpp, line 782]
Event: 177.061 Thread 0x0000023855995f50 Exception <a 'java/lang/NoSuchMethodError'{0x000000009060fcb8}: 'java.lang.Object java.lang.invoke.DirectMethodHandle$Holder.invokeVirtual(java.lang.Object, java.lang.Object, int, java.lang.Object)'> (0x000000009060fcb8) 
thrown [./open/src/hotspot/share/interpreter/linkResolver.cpp, line 782]
Event: 177.061 Thread 0x00000238559950e0 Exception <a 'java/lang/NoSuchMethodError'{0x0000000090871eb8}: 'java.lang.Object java.lang.invoke.DirectMethodHandle$Holder.invokeVirtual(java.lang.Object, java.lang.Object, int, java.lang.Object)'> (0x0000000090871eb8) 
thrown [./open/src/hotspot/share/interpreter/linkResolver.cpp, line 782]
Event: 177.061 Thread 0x0000023855994270 Exception <a 'java/lang/NoSuchMethodError'{0x00000000907ca118}: 'java.lang.Object java.lang.invoke.DirectMethodHandle$Holder.invokeVirtual(java.lang.Object, java.lang.Object, int, java.lang.Object)'> (0x00000000907ca118) 
thrown [./open/src/hotspot/share/interpreter/linkResolver.cpp, line 782]
Event: 177.309 Thread 0x0000023855995f50 Exception <a 'java/lang/NoSuchMethodError'{0x00000000903fc000}: 'void java.lang.invoke.DirectMethodHandle$Holder.invokeVirtual(java.lang.Object, java.lang.Object, int, java.lang.Object)'> (0x00000000903fc000) 
thrown [./open/src/hotspot/share/interpreter/linkResolver.cpp, line 782]
Event: 177.309 Thread 0x00000238559950e0 Exception <a 'java/lang/NoSuchMethodError'{0x00000000905981e8}: 'void java.lang.invoke.DirectMethodHandle$Holder.invokeVirtual(java.lang.Object, java.lang.Object, int, java.lang.Object)'> (0x00000000905981e8) 
thrown [./open/src/hotspot/share/interpreter/linkResolver.cpp, line 782]
Event: 177.490 Thread 0x0000023855994270 Exception <a 'java/lang/NoSuchMethodError'{0x000000008fe571d8}: 'int java.lang.invoke.DirectMethodHandle$Holder.invokeSpecial(java.lang.Object, java.lang.Object, java.lang.Object, int)'> (0x000000008fe571d8) 
thrown [./open/src/hotspot/share/interpreter/linkResolver.cpp, line 782]

Events (20 events):
Event: 178.531 Executing VM operation: HandshakeAllThreads done
Event: 178.810 Executing VM operation: G1Concurrent
Event: 178.821 Executing VM operation: G1Concurrent done
Event: 178.883 Executing VM operation: HandshakeAllThreads
Event: 178.904 Executing VM operation: HandshakeAllThreads done
Event: 179.221 Executing VM operation: ICBufferFull
Event: 179.263 Executing VM operation: ICBufferFull done
Event: 179.824 Executing VM operation: ICBufferFull
Event: 179.839 Executing VM operation: ICBufferFull done
Event: 179.844 Executing VM operation: G1CollectForAllocation
Event: 179.945 Executing VM operation: G1CollectForAllocation done
Event: 179.988 Executing VM operation: G1TryInitiateConcMark
Event: 180.035 Executing VM operation: G1TryInitiateConcMark done
Event: 180.277 Executing VM operation: HandshakeAllThreads
Event: 180.382 Executing VM operation: HandshakeAllThreads done
Event: 180.478 Executing VM operation: ICBufferFull
Event: 180.567 loading class java/util/IdentityHashMap$ValueIterator
Event: 180.568 Executing VM operation: ICBufferFull done
Event: 180.604 loading class java/util/IdentityHashMap$ValueIterator done
Event: 180.719 Executing VM operation: G1Concurrent


Dynamic libraries:
0x00007ff70c820000 - 0x00007ff70c82f000 	C:\Program Files\Java\jdk-15.0.1\bin\java.exe
0x00007ffb59c20000 - 0x00007ffb59e10000 	C:\Windows\SYSTEM32\ntdll.dll
0x00007ffb58e50000 - 0x00007ffb58f02000 	C:\Windows\System32\KERNEL32.DLL
0x00007ffb576b0000 - 0x00007ffb57952000 	C:\Windows\System32\KERNELBASE.dll
0x00007ffb57a60000 - 0x00007ffb57b5a000 	C:\Windows\System32\ucrtbase.dll
0x00007ffb52300000 - 0x00007ffb52318000 	C:\Program Files\Java\jdk-15.0.1\bin\jli.dll
0x00007ffb58cd0000 - 0x00007ffb58d73000 	C:\Windows\System32\ADVAPI32.dll
0x00007ffb59980000 - 0x00007ffb59a1e000 	C:\Windows\System32\msvcrt.dll
0x00007ffb598e0000 - 0x00007ffb59977000 	C:\Windows\System32\sechost.dll
0x00007ffb595b0000 - 0x00007ffb596d0000 	C:\Windows\System32\RPCRT4.dll
0x00007ffb522e0000 - 0x00007ffb522f9000 	C:\Program Files\Java\jdk-15.0.1\bin\VCRUNTIME140.dll
0x00007ffb584d0000 - 0x00007ffb58663000 	C:\Windows\System32\USER32.dll
0x00007ffb57cb0000 - 0x00007ffb57cd1000 	C:\Windows\System32\win32u.dll
0x00007ffb462d0000 - 0x00007ffb46555000 	C:\Windows\WinSxS\amd64_microsoft.windows.common-controls_6595b64144ccf1df_6.0.18362.30_none_a1435978519dce7f\COMCTL32.dll
0x00007ffb58f10000 - 0x00007ffb58f36000 	C:\Windows\System32\GDI32.dll
0x00007ffb58740000 - 0x00007ffb58a76000 	C:\Windows\System32\combase.dll
0x00007ffb56bb0000 - 0x00007ffb56c31000 	C:\Windows\System32\bcryptPrimitives.dll
0x00007ffb56d70000 - 0x00007ffb56f04000 	C:\Windows\System32\gdi32full.dll
0x00007ffb56ca0000 - 0x00007ffb56d3e000 	C:\Windows\System32\msvcp_win.dll
0x00007ffb50010000 - 0x00007ffb5001a000 	C:\Windows\SYSTEM32\VERSION.dll
0x00007ffb590a0000 - 0x00007ffb590ce000 	C:\Windows\System32\IMM32.DLL
0x00007ffb534b0000 - 0x00007ffb534bc000 	C:\Program Files\Java\jdk-15.0.1\bin\vcruntime140_1.dll
0x00007ffb3feb0000 - 0x00007ffb3ff41000 	C:\Program Files\Java\jdk-15.0.1\bin\msvcp140.dll
0x00007ffafd500000 - 0x00007ffafe05e000 	C:\Program Files\Java\jdk-15.0.1\bin\server\jvm.dll
0x00007ffb57d60000 - 0x00007ffb57d68000 	C:\Windows\System32\PSAPI.DLL
0x00007ffb53440000 - 0x00007ffb53449000 	C:\Windows\SYSTEM32\WSOCK32.dll
0x00007ffb59a40000 - 0x00007ffb59aaf000 	C:\Windows\System32\WS2_32.dll
0x00007ffb54be0000 - 0x00007ffb54c04000 	C:\Windows\SYSTEM32\WINMM.dll
0x00007ffb54bb0000 - 0x00007ffb54bdd000 	C:\Windows\SYSTEM32\WINMMBASE.dll
0x00007ffb57a10000 - 0x00007ffb57a5a000 	C:\Windows\System32\cfgmgr32.dll
0x00007ffb56b00000 - 0x00007ffb56b11000 	C:\Windows\System32\kernel.appcore.dll
0x00007ffb522b0000 - 0x00007ffb522ba000 	C:\Program Files\Java\jdk-15.0.1\bin\jimage.dll
0x00007ffb44670000 - 0x00007ffb44864000 	C:\Windows\SYSTEM32\DBGHELP.DLL
0x00007ffb44430000 - 0x00007ffb4445a000 	C:\Windows\SYSTEM32\dbgcore.DLL
0x00007ffb44310000 - 0x00007ffb44335000 	C:\Program Files\Java\jdk-15.0.1\bin\java.dll
0x00007ffb57df0000 - 0x00007ffb584d0000 	C:\Windows\System32\SHELL32.dll
0x00007ffb58a80000 - 0x00007ffb58b29000 	C:\Windows\System32\shcore.dll
0x00007ffb56f10000 - 0x00007ffb5768b000 	C:\Windows\System32\windows.storage.dll
0x00007ffb56b90000 - 0x00007ffb56baf000 	C:\Windows\System32\profapi.dll
0x00007ffb56b20000 - 0x00007ffb56b6a000 	C:\Windows\System32\powrprof.dll
0x00007ffb56af0000 - 0x00007ffb56b00000 	C:\Windows\System32\UMPDC.dll
0x00007ffb58b30000 - 0x00007ffb58b82000 	C:\Windows\System32\shlwapi.dll
0x00007ffb57690000 - 0x00007ffb576a7000 	C:\Windows\System32\cryptsp.dll
0x00007ffb50a20000 - 0x00007ffb50a39000 	C:\Program Files\Java\jdk-15.0.1\bin\net.dll
0x00007ffb4ff20000 - 0x00007ffb5000f000 	C:\Windows\SYSTEM32\WINHTTP.dll
0x00007ffb56300000 - 0x00007ffb56367000 	C:\Windows\system32\mswsock.dll
0x00007ffb50940000 - 0x00007ffb50952000 	C:\Program Files\Java\jdk-15.0.1\bin\nio.dll
0x00007ffb4ca00000 - 0x00007ffb4ca18000 	C:\Program Files\Java\jdk-15.0.1\bin\zip.dll
0x00007ffb52290000 - 0x00007ffb522a0000 	C:\Program Files\Java\jdk-15.0.1\bin\verify.dll
0x00007ffb4b810000 - 0x00007ffb4b837000 	C:\Users\Workstation\.gradle\native\f6784746aeab05261644944871eae4fe03e0ef1612fff0a4a95f87b438bc6780\windows-amd64\native-platform.dll
0x00007ffb520a0000 - 0x00007ffb520a9000 	C:\Program Files\Java\jdk-15.0.1\bin\management.dll
0x00007ffb52090000 - 0x00007ffb5209b000 	C:\Program Files\Java\jdk-15.0.1\bin\management_ext.dll
0x00007ffb55ec0000 - 0x00007ffb55ef3000 	C:\Windows\system32\rsaenh.dll
0x00007ffb56d40000 - 0x00007ffb56d66000 	C:\Windows\System32\bcrypt.dll
0x00007ffb569e0000 - 0x00007ffb56a05000 	C:\Windows\SYSTEM32\USERENV.dll
0x00007ffb569d0000 - 0x00007ffb569dc000 	C:\Windows\SYSTEM32\CRYPTBASE.dll
0x00007ffb56060000 - 0x00007ffb5609a000 	C:\Windows\SYSTEM32\IPHLPAPI.DLL
0x00007ffb58e40000 - 0x00007ffb58e48000 	C:\Windows\System32\NSI.dll
0x00007ffb493a0000 - 0x00007ffb493b6000 	C:\Windows\SYSTEM32\dhcpcsvc6.DLL
0x00007ffb49580000 - 0x00007ffb4959c000 	C:\Windows\SYSTEM32\dhcpcsvc.DLL
0x00007ffb560a0000 - 0x00007ffb5616a000 	C:\Windows\SYSTEM32\DNSAPI.dll
0x00007ffb499e0000 - 0x00007ffb499eb000 	C:\Windows\SYSTEM32\WINNSI.DLL
0x00007ffb54cd0000 - 0x00007ffb54cdd000 	C:\Program Files\Java\jdk-15.0.1\bin\sunmscapi.dll
0x00007ffb57b60000 - 0x00007ffb57ca9000 	C:\Windows\System32\CRYPT32.dll
0x00007ffb56b70000 - 0x00007ffb56b82000 	C:\Windows\System32\MSASN1.dll
0x00007ffb565c0000 - 0x00007ffb565e6000 	C:\Windows\SYSTEM32\ncrypt.dll
0x00007ffb56580000 - 0x00007ffb565bb000 	C:\Windows\SYSTEM32\NTASN1.dll
0x00007ffb494e0000 - 0x00007ffb494ea000 	C:\Windows\System32\rasadhlp.dll
0x00007ffb492a0000 - 0x00007ffb49317000 	C:\Windows\System32\fwpuclnt.dll

dbghelp: loaded successfully - version: 4.0.5 - missing functions: none
symbol engine: initialized successfully - sym options: 0x614 - pdb path: .;C:\Program Files\Java\jdk-15.0.1\bin;C:\Windows\SYSTEM32;C:\Windows\WinSxS\amd64_microsoft.windows.common-controls_6595b64144ccf1df_6.0.18362.30_none_a1435978519dce7f;C:\Program Files\Java\jdk-15.0.1\bin\server;C:\Users\Workstation\.gradle\native\f6784746aeab05261644944871eae4fe03e0ef1612fff0a4a95f87b438bc6780\windows-amd64

VM Arguments:
jvm_args: --add-opens=java.base/java.util=ALL-UNNAMED --add-opens=java.base/java.lang=ALL-UNNAMED --add-opens=java.base/java.lang.invoke=ALL-UNNAMED --add-opens=java.prefs/java.util.prefs=ALL-UNNAMED -Xmx2048m -Dfile.encoding=UTF-8 -Duser.country=US -Duser.language=en -Duser.variant 
java_command: org.gradle.launcher.daemon.bootstrap.GradleDaemon 6.5
java_class_path (initial): C:\Users\Workstation\.gradle\wrapper\dists\gradle-6.5-bin\6nifqtx7604sqp1q6g8wikw7p\gradle-6.5\lib\gradle-launcher-6.5.jar
Launcher Type: SUN_STANDARD

[Global flags]
     intx CICompilerCount                          = 3                                         {product} {ergonomic}
     uint ConcGCThreads                            = 1                                         {product} {ergonomic}
     uint G1ConcRefinementThreads                  = 4                                         {product} {ergonomic}
   size_t G1HeapRegionSize                         = 1048576                                   {product} {ergonomic}
    uintx GCDrainStackTargetSize                   = 64                                        {product} {ergonomic}
   size_t InitialHeapSize                          = 251658240                                 {product} {ergonomic}
   size_t MarkStackSize                            = 4194304                                   {product} {ergonomic}
   size_t MaxHeapSize                              = 2147483648                                {product} {command line}
   size_t MaxNewSize                               = 1287651328                                {product} {ergonomic}
   size_t MinHeapDeltaBytes                        = 1048576                                   {product} {ergonomic}
   size_t MinHeapSize                              = 8388608                                   {product} {ergonomic}
    uintx NonNMethodCodeHeapSize                   = 5832780                                {pd product} {ergonomic}
    uintx NonProfiledCodeHeapSize                  = 122912730                              {pd product} {ergonomic}
    uintx ProfiledCodeHeapSize                     = 122912730                              {pd product} {ergonomic}
    uintx ReservedCodeCacheSize                    = 251658240                              {pd product} {ergonomic}
     bool SegmentedCodeCache                       = true                                      {product} {ergonomic}
   size_t SoftMaxHeapSize                          = 2147483648                             {manageable} {ergonomic}
     bool UseCompressedClassPointers               = true                                 {lp64_product} {ergonomic}
     bool UseCompressedOops                        = true                                 {lp64_product} {ergonomic}
     bool UseG1GC                                  = true                                      {product} {ergonomic}
     bool UseLargePagesIndividualAllocation        = false                                  {pd product} {ergonomic}

Logging:
Log output configuration:
 #0: stdout all=warning uptime,level,tags
 #1: stderr all=off uptime,level,tags

Environment Variables:
JAVA_HOME=C:\Program Files\Java\jdk-15.0.1
PATH=C:\Program Files\Java\jdk-15.0.1\bin;C:\Program Files\Common Files\Oracle\Java\javapath;C:\Program Files (x86)\Common Files\Oracle\Java\javapath;C:\Windows\system32;C:\Windows;C:\Windows\System32\Wbem;C:\Windows\System32\WindowsPowerShell\v1.0\;C:\Windows\System32\OpenSSH\;C:\flutter\bin;C:\Program Files\Git\cmd;C:\Users\Workstation\AppData\Local\Microsoft\WindowsApps;
USERNAME=Workstation
OS=Windows_NT
PROCESSOR_IDENTIFIER=AMD64 Family 21 Model 96 Stepping 1, AuthenticAMD



---------------  S Y S T E M  ---------------

OS:
 Windows 10 , 64 bit Build 18362 (10.0.18362.1)
OS uptime: 48 days 10:24 hours

CPU: total 4 (initial active 4) (4 cores per cpu, 1 threads per core) family 21 model 96 stepping 1 microcode 0x0, cmov, cx8, fxsr, mmx, sse, sse2, sse3, ssse3, sse4.1, sse4.2, popcnt, vzeroupper, avx, avx2, aes, clmul, 3dnowpref, lzcnt, sse4a, tsc, tscinvbit, tscinv, bmi1, bmi2, fma, clflush

Memory: 4k page, system-wide physical 15274M (230M free)
TotalPageFile size 23274M (AvailPageFile size 30M)
current process WorkingSet (physical memory assigned to process): 568M, peak: 568M
current process commit charge ("private bytes"): 609M, peak: 653M

vm_info: Java HotSpot(TM) 64-Bit Server VM (15.0.1+9-18) for windows-amd64 JRE (15.0.1+9-18), built on Sep 15 2020 14:43:54 by "mach5one" with unknown MS VC++:1925

END.
