#
# There is insufficient memory for the Java Runtime Environment to continue.
# Native memory allocation (mmap) failed to map 38797312 bytes for G1 virtual space
# Possible reasons:
#   The system is out of physical RAM or swap space
#   The process is running with CompressedOops enabled, and the Java Heap may be blocking the growth of the native heap
# Possible solutions:
#   Reduce memory load on the system
#   Increase physical memory or swap space
#   Check if swap backing store is full
#   Decrease Java heap size (-Xmx/-Xms)
#   Decrease number of Java threads
#   Decrease Java thread stack sizes (-Xss)
#   Set larger code cache with -XX:ReservedCodeCacheSize=
#   JVM is running with Unscaled Compressed Oops mode in which the Java heap is
#     placed in the first 4GB address space. The Java Heap base address is the
#     maximum limit for the native heap growth. Please use -XX:HeapBaseMinAddress
#     to set the Java Heap base and to place the Java Heap above 4GB virtual address.
# This output file may be truncated or incomplete.
#
#  Out of Memory Error (./open/src/hotspot/os/windows/os_windows.cpp:3472), pid=11660, tid=24060
#
# JRE version: Java(TM) SE Runtime Environment (15.0.1+9) (build 15.0.1+9-18)
# Java VM: Java HotSpot(TM) 64-Bit Server VM (15.0.1+9-18, mixed mode, sharing, tiered, compressed oops, g1 gc, windows-amd64)
# No core dump will be written. Minidumps are not enabled by default on client versions of Windows
#

---------------  S U M M A R Y ------------

Command Line: --add-opens=java.base/java.util=ALL-UNNAMED --add-opens=java.base/java.lang=ALL-UNNAMED --add-opens=java.base/java.lang.invoke=ALL-UNNAMED --add-opens=java.prefs/java.util.prefs=ALL-UNNAMED -Xmx2048m -Dfile.encoding=UTF-8 -Duser.country=US -Duser.language=en -Duser.variant org.gradle.launcher.daemon.bootstrap.GradleDaemon 6.5

Host: AMD PRO A10-8700B R6, 10 Compute Cores 4C+6G   , 4 cores, 14G,  Windows 10 , 64 bit Build 18362 (10.0.18362.1)
Time: Sat Mar 13 13:57:53 2021 Egypt Standard Time elapsed time: 86.579605 seconds (0d 0h 1m 26s)

---------------  T H R E A D  ---------------

Current thread (0x000001d4c124d500):  VMThread "VM Thread" [stack: 0x000000c566c00000,0x000000c566d00000] [id=24060]

Stack: [0x000000c566c00000,0x000000c566d00000]
[error occurred during error reporting (printing stack bounds), id 0xc0000005, EXCEPTION_ACCESS_VIOLATION (0xc0000005) at pc=0x000001d4ab1510ad]

Native frames: (J=compiled Java code, j=interpreted, Vv=VM code, C=native code)
V  [jvm.dll+0x62ae9a]
V  [jvm.dll+0x781389]
V  [jvm.dll+0x782ae3]
V  [jvm.dll+0x7830a5]
V  [jvm.dll+0x78305b]
V  [jvm.dll+0x62a2b9]
V  [jvm.dll+0x62aa88]
C  [ntdll.dll+0xa119f]
C  [ntdll.dll+0x6a229]
C  [ntdll.dll+0x9fe0e]
C  0x000001d4ab1510ad

VM_Operation (0x000000c5668ff6d0): G1Concurrent, mode: safepoint, requested by thread 0x000001d4a2f73120


---------------  P R O C E S S  ---------------

Threads class SMR info:
_java_thread_list=0x000001d4c3b5b620, length=140, elements={
0x000001d4a2f23a00, 0x000001d4c1251cb0, 0x000001d4c1252790, 0x000001d4c12652f0,
0x000001d4c1269be0, 0x000001d4c126a5a0, 0x000001d4c126d2a0, 0x000001d4c126fd60,
0x000001d4c1270760, 0x000001d4c1ca4710, 0x000001d4c1cbde10, 0x000001d4c2ef7850,
0x000001d4c312c340, 0x000001d4c2776fd0, 0x000001d4c20776b0, 0x000001d4c20fac80,
0x000001d4c344d530, 0x000001d4c3445390, 0x000001d4c3446040, 0x000001d4c3081020,
0x000001d4c3080b50, 0x000001d4c30814f0, 0x000001d4c30801b0, 0x000001d4c3082d00,
0x000001d4c3083b70, 0x000001d4c3e363e0, 0x000001d4c3e2f530, 0x000001d4c3e333c0,
0x000001d4c3e30d40, 0x000001d4c3e33d60, 0x000001d4c3e32a20, 0x000001d4c3e368b0,
0x000001d4c3e2fed0, 0x000001d4c3e33890, 0x000001d4c3e303a0, 0x000001d4c3e30870,
0x000001d4c3e350a0, 0x000001d4c3e31210, 0x000001d4c3e32080, 0x000001d4c3e32ef0,
0x000001d4c3e35570, 0x000001d4c3e32550, 0x000001d4c3e35a40, 0x000001d4c3e35f10,
0x000001d4c40a5230, 0x000001d4c40a4890, 0x000001d4c40a6570, 0x000001d4c40a9a60,
0x000001d4c40a73e0, 0x000001d4c40a8250, 0x000001d4c40a78b0, 0x000001d4c40ab270,
0x000001d4c40aa400, 0x000001d4c40a9f30, 0x000001d4c40abc10, 0x000001d4c40ac0e0,
0x000001d4c40a6a40, 0x000001d4c40a7d80, 0x000001d4c40a60a0, 0x000001d4c40a4d60,
0x000001d4c40a5700, 0x000001d4c40a8720, 0x000001d4c40a8bf0, 0x000001d4c40a6f10,
0x000001d4c40aada0, 0x000001d4c40a5bd0, 0x000001d4c40a90c0, 0x000001d4c40a9590,
0x000001d4c40aa8d0, 0x000001d4c40ab740, 0x000001d4c42b56e0, 0x000001d4c42ba3e0,
0x000001d4c42b6ef0, 0x000001d4c42b6a20, 0x000001d4c42b4d40, 0x000001d4c42b4870,
0x000001d4c42b43a0, 0x000001d4c42b9a40, 0x000001d4c42b5bb0, 0x000001d4c42b7d60,
0x000001d4c42b6080, 0x000001d4c42ba8b0, 0x000001d4c42b3060, 0x000001d4c42b6550,
0x000001d4c42b73c0, 0x000001d4c42b9570, 0x000001d4c42b5210, 0x000001d4c42b7890,
0x000001d4c42b8230, 0x000001d4c42b8700, 0x000001d4c42b8bd0, 0x000001d4c42b3a00,
0x000001d4c42b3530, 0x000001d4c42b90a0, 0x000001d4c42b9f10, 0x000001d4c42b3ed0,
0x000001d4c5fbe490, 0x000001d4c5fbee30, 0x000001d4c5fb92c0, 0x000001d4c5fbd150,
0x000001d4c5fb75e0, 0x000001d4c5fbbe10, 0x000001d4c5fbd620, 0x000001d4c5fbdfc0,
0x000001d4c5fb9c60, 0x000001d4c5fb7ab0, 0x000001d4c5fb9790, 0x000001d4c5fbafa0,
0x000001d4c5fbcc80, 0x000001d4c5fb7f80, 0x000001d4c5fba130, 0x000001d4c5fbdaf0,
0x000001d4c5fba600, 0x000001d4c5fbb470, 0x000001d4c5fbc2e0, 0x000001d4c5fbaad0,
0x000001d4c5fbb940, 0x000001d4c5fbe960, 0x000001d4c5fb8450, 0x000001d4c5fb8920,
0x000001d4c5fbc7b0, 0x000001d4c5fed1c0, 0x000001d4c5fe7ff0, 0x000001d4c5fe8990,
0x000001d4c5fe9800, 0x000001d4c5fec350, 0x000001d4c5fe7b20, 0x000001d4c5feb9b0,
0x000001d4c5fec820, 0x000001d4c5fee9d0, 0x000001d4c5feb010, 0x000001d4c5fee030,
0x000001d4c5fe84c0, 0x000001d4c5fea1a0, 0x000001d4c5fea670, 0x000001d4c5706070,
0x000001d4c5706ee0, 0x000001d4c8932550, 0x000001d4c892f530, 0x000001d4c892fa00
}

Java Threads: ( => current thread )
  0x000001d4a2f23a00 JavaThread "main" [_thread_blocked, id=3104, stack(0x000000c566600000,0x000000c566700000)]
  0x000001d4c1251cb0 JavaThread "Reference Handler" daemon [_thread_blocked, id=28268, stack(0x000000c566d00000,0x000000c566e00000)]
  0x000001d4c1252790 JavaThread "Finalizer" daemon [_thread_blocked, id=29344, stack(0x000000c566e00000,0x000000c566f00000)]
  0x000001d4c12652f0 JavaThread "Signal Dispatcher" daemon [_thread_blocked, id=25324, stack(0x000000c566f00000,0x000000c567000000)]
  0x000001d4c1269be0 JavaThread "Attach Listener" daemon [_thread_blocked, id=27964, stack(0x000000c567000000,0x000000c567100000)]
  0x000001d4c126a5a0 JavaThread "Service Thread" daemon [_thread_blocked, id=17312, stack(0x000000c567100000,0x000000c567200000)]
  0x000001d4c126d2a0 JavaThread "C2 CompilerThread0" daemon [_thread_blocked, id=18184, stack(0x000000c567200000,0x000000c567300000)]
  0x000001d4c126fd60 JavaThread "C1 CompilerThread0" daemon [_thread_blocked, id=652, stack(0x000000c567300000,0x000000c567400000)]
  0x000001d4c1270760 JavaThread "Sweeper thread" daemon [_thread_blocked, id=19080, stack(0x000000c567400000,0x000000c567500000)]
  0x000001d4c1ca4710 JavaThread "Common-Cleaner" daemon [_thread_blocked, id=26560, stack(0x000000c567500000,0x000000c567600000)]
  0x000001d4c1cbde10 JavaThread "Notification Thread" daemon [_thread_blocked, id=17288, stack(0x000000c567600000,0x000000c567700000)]
  0x000001d4c2ef7850 JavaThread "Daemon health stats" [_thread_blocked, id=26348, stack(0x000000c567c00000,0x000000c567d00000)]
  0x000001d4c312c340 JavaThread "Incoming local TCP Connector on port 51010" [_thread_in_native, id=11848, stack(0x000000c567f00000,0x000000c568000000)]
  0x000001d4c2776fd0 JavaThread "Daemon periodic checks" [_thread_blocked, id=12524, stack(0x000000c568000000,0x000000c568100000)]
  0x000001d4c20776b0 JavaThread "Daemon" [_thread_blocked, id=12216, stack(0x000000c568100000,0x000000c568200000)]
  0x000001d4c20fac80 JavaThread "Handler for socket connection from /127.0.0.1:51010 to /127.0.0.1:51012" [_thread_in_native, id=5592, stack(0x000000c568200000,0x000000c568300000)]
  0x000001d4c344d530 JavaThread "Cancel handler" [_thread_blocked, id=15052, stack(0x000000c568300000,0x000000c568400000)]
  0x000001d4c3445390 JavaThread "Daemon worker" [_thread_blocked, id=28368, stack(0x000000c568400000,0x000000c568500000)]
  0x000001d4c3446040 JavaThread "Asynchronous log dispatcher for DefaultDaemonConnection: socket connection from /127.0.0.1:51010 to /127.0.0.1:51012" [_thread_blocked, id=25752, stack(0x000000c568500000,0x000000c568600000)]
  0x000001d4c3081020 JavaThread "Thread-8" [_thread_blocked, id=9544, stack(0x000000c568700000,0x000000c568800000)]
  0x000001d4c3080b50 JavaThread "Cache worker for journal cache (C:\Users\Workstation\.gradle\caches\journal-1)" [_thread_blocked, id=26940, stack(0x000000c568800000,0x000000c568900000)]
  0x000001d4c30814f0 JavaThread "File lock request listener" [_thread_in_native, id=29052, stack(0x000000c568900000,0x000000c568a00000)]
  0x000001d4c30801b0 JavaThread "Cache worker for file hash cache (C:\Users\Workstation\.gradle\caches\6.5\fileHashes)" [_thread_blocked, id=22336, stack(0x000000c568a00000,0x000000c568b00000)]
  0x000001d4c3082d00 JavaThread "Cache worker for file hash cache (E:\ElBarka\.gradle\6.5\fileHashes)" [_thread_blocked, id=5008, stack(0x000000c568c00000,0x000000c568d00000)]
  0x000001d4c3083b70 JavaThread "Cache worker for checksums cache (E:\ElBarka\.gradle\checksums)" [_thread_blocked, id=15560, stack(0x000000c568b00000,0x000000c568c00000)]
  0x000001d4c3e363e0 JavaThread "Cache worker for cache directory md-supplier (C:\Users\Workstation\.gradle\caches\6.5\md-supplier)" [_thread_blocked, id=25400, stack(0x000000c568d00000,0x000000c568e00000)]
  0x000001d4c3e2f530 JavaThread "Cache worker for cache directory md-rule (C:\Users\Workstation\.gradle\caches\6.5\md-rule)" [_thread_blocked, id=25148, stack(0x000000c568e00000,0x000000c568f00000)]
  0x000001d4c3e333c0 JavaThread "Cache worker for execution history cache (C:\Users\Workstation\.gradle\caches\6.5\executionHistory)" [_thread_blocked, id=15548, stack(0x000000c568f00000,0x000000c569000000)]
  0x000001d4c3e30d40 JavaThread "jar transforms" [_thread_blocked, id=2268, stack(0x000000c569000000,0x000000c569100000)]
  0x000001d4c3e33d60 JavaThread "Cache worker for file content cache (C:\Users\Workstation\.gradle\caches\6.5\fileContent)" [_thread_blocked, id=1552, stack(0x000000c569100000,0x000000c569200000)]
  0x000001d4c3e32a20 JavaThread "Build operations" [_thread_blocked, id=4392, stack(0x000000c569200000,0x000000c569300000)]
  0x000001d4c3e368b0 JavaThread "Build operations Thread 2" [_thread_blocked, id=9904, stack(0x000000c569300000,0x000000c569400000)]
  0x000001d4c3e2fed0 JavaThread "Build operations Thread 3" [_thread_blocked, id=7496, stack(0x000000c569400000,0x000000c569500000)]
  0x000001d4c3e33890 JavaThread "Build operations Thread 4" [_thread_blocked, id=16544, stack(0x000000c569500000,0x000000c569600000)]
  0x000001d4c3e303a0 JavaThread "jar transforms Thread 2" [_thread_blocked, id=30096, stack(0x000000c569700000,0x000000c569800000)]
  0x000001d4c3e30870 JavaThread "jar transforms Thread 3" [_thread_blocked, id=9328, stack(0x000000c569800000,0x000000c569900000)]
  0x000001d4c3e350a0 JavaThread "jar transforms Thread 4" [_thread_blocked, id=17248, stack(0x000000c569900000,0x000000c569a00000)]
  0x000001d4c3e31210 JavaThread "jar transforms Thread 5" [_thread_blocked, id=12996, stack(0x000000c569a00000,0x000000c569b00000)]
  0x000001d4c3e32080 JavaThread "jar transforms Thread 6" [_thread_blocked, id=24120, stack(0x000000c569b00000,0x000000c569c00000)]
  0x000001d4c3e32ef0 JavaThread "jar transforms Thread 7" [_thread_blocked, id=10412, stack(0x000000c569c00000,0x000000c569d00000)]
  0x000001d4c3e35570 JavaThread "jar transforms Thread 8" [_thread_blocked, id=7076, stack(0x000000c569d00000,0x000000c569e00000)]
  0x000001d4c3e32550 JavaThread "jar transforms Thread 9" [_thread_blocked, id=18176, stack(0x000000c569e00000,0x000000c569f00000)]
  0x000001d4c3e35a40 JavaThread "jar transforms Thread 10" [_thread_blocked, id=31292, stack(0x000000c569f00000,0x000000c56a000000)]
  0x000001d4c3e35f10 JavaThread "jar transforms Thread 11" [_thread_blocked, id=15540, stack(0x000000c56a000000,0x000000c56a100000)]
  0x000001d4c40a5230 JavaThread "jar transforms Thread 12" [_thread_blocked, id=29744, stack(0x000000c56a100000,0x000000c56a200000)]
  0x000001d4c40a4890 JavaThread "jar transforms Thread 13" [_thread_blocked, id=27368, stack(0x000000c56a200000,0x000000c56a300000)]
  0x000001d4c40a6570 JavaThread "jar transforms Thread 14" [_thread_blocked, id=14648, stack(0x000000c56a300000,0x000000c56a400000)]
  0x000001d4c40a9a60 JavaThread "jar transforms Thread 15" [_thread_blocked, id=6064, stack(0x000000c56a400000,0x000000c56a500000)]
  0x000001d4c40a73e0 JavaThread "jar transforms Thread 16" [_thread_blocked, id=17224, stack(0x000000c56a500000,0x000000c56a600000)]
  0x000001d4c40a8250 JavaThread "jar transforms Thread 17" [_thread_blocked, id=27768, stack(0x000000c56a600000,0x000000c56a700000)]
  0x000001d4c40a78b0 JavaThread "jar transforms Thread 18" [_thread_blocked, id=22592, stack(0x000000c56a700000,0x000000c56a800000)]
  0x000001d4c40ab270 JavaThread "jar transforms Thread 19" [_thread_blocked, id=15788, stack(0x000000c56a800000,0x000000c56a900000)]
  0x000001d4c40aa400 JavaThread "jar transforms Thread 20" [_thread_blocked, id=31448, stack(0x000000c56a900000,0x000000c56aa00000)]
  0x000001d4c40a9f30 JavaThread "jar transforms Thread 21" [_thread_blocked, id=26976, stack(0x000000c56aa00000,0x000000c56ab00000)]
  0x000001d4c40abc10 JavaThread "jar transforms Thread 22" [_thread_blocked, id=13396, stack(0x000000c56ab00000,0x000000c56ac00000)]
  0x000001d4c40ac0e0 JavaThread "jar transforms Thread 23" [_thread_blocked, id=4860, stack(0x000000c56ac00000,0x000000c56ad00000)]
  0x000001d4c40a6a40 JavaThread "jar transforms Thread 24" [_thread_blocked, id=26440, stack(0x000000c56ad00000,0x000000c56ae00000)]
  0x000001d4c40a7d80 JavaThread "jar transforms Thread 25" [_thread_blocked, id=9360, stack(0x000000c56ae00000,0x000000c56af00000)]
  0x000001d4c40a60a0 JavaThread "jar transforms Thread 26" [_thread_blocked, id=30664, stack(0x000000c56af00000,0x000000c56b000000)]
  0x000001d4c40a4d60 JavaThread "jar transforms Thread 27" [_thread_blocked, id=23652, stack(0x000000c56b000000,0x000000c56b100000)]
  0x000001d4c40a5700 JavaThread "jar transforms Thread 28" [_thread_blocked, id=15948, stack(0x000000c56b100000,0x000000c56b200000)]
  0x000001d4c40a8720 JavaThread "jar transforms Thread 29" [_thread_blocked, id=20104, stack(0x000000c56b200000,0x000000c56b300000)]
  0x000001d4c40a8bf0 JavaThread "jar transforms Thread 30" [_thread_blocked, id=25348, stack(0x000000c56b300000,0x000000c56b400000)]
  0x000001d4c40a6f10 JavaThread "jar transforms Thread 31" [_thread_blocked, id=15516, stack(0x000000c56b400000,0x000000c56b500000)]
  0x000001d4c40aada0 JavaThread "jar transforms Thread 32" [_thread_blocked, id=15772, stack(0x000000c56b500000,0x000000c56b600000)]
  0x000001d4c40a5bd0 JavaThread "jar transforms Thread 33" [_thread_blocked, id=20096, stack(0x000000c56b600000,0x000000c56b700000)]
  0x000001d4c40a90c0 JavaThread "jar transforms Thread 34" [_thread_blocked, id=12764, stack(0x000000c56b700000,0x000000c56b800000)]
  0x000001d4c40a9590 JavaThread "jar transforms Thread 35" [_thread_blocked, id=11392, stack(0x000000c56b800000,0x000000c56b900000)]
  0x000001d4c40aa8d0 JavaThread "jar transforms Thread 36" [_thread_blocked, id=23592, stack(0x000000c56b900000,0x000000c56ba00000)]
  0x000001d4c40ab740 JavaThread "jar transforms Thread 37" [_thread_blocked, id=20724, stack(0x000000c56ba00000,0x000000c56bb00000)]
  0x000001d4c42b56e0 JavaThread "jar transforms Thread 38" [_thread_blocked, id=18888, stack(0x000000c56bb00000,0x000000c56bc00000)]
  0x000001d4c42ba3e0 JavaThread "jar transforms Thread 39" [_thread_blocked, id=14056, stack(0x000000c56bc00000,0x000000c56bd00000)]
  0x000001d4c42b6ef0 JavaThread "jar transforms Thread 40" [_thread_blocked, id=24000, stack(0x000000c56bd00000,0x000000c56be00000)]
  0x000001d4c42b6a20 JavaThread "jar transforms Thread 41" [_thread_blocked, id=15404, stack(0x000000c56be00000,0x000000c56bf00000)]
  0x000001d4c42b4d40 JavaThread "jar transforms Thread 42" [_thread_blocked, id=28468, stack(0x000000c56bf00000,0x000000c56c000000)]
  0x000001d4c42b4870 JavaThread "jar transforms Thread 43" [_thread_blocked, id=20208, stack(0x000000c56c000000,0x000000c56c100000)]
  0x000001d4c42b43a0 JavaThread "jar transforms Thread 44" [_thread_blocked, id=3116, stack(0x000000c56c100000,0x000000c56c200000)]
  0x000001d4c42b9a40 JavaThread "jar transforms Thread 45" [_thread_blocked, id=30848, stack(0x000000c56c200000,0x000000c56c300000)]
  0x000001d4c42b5bb0 JavaThread "jar transforms Thread 46" [_thread_blocked, id=30612, stack(0x000000c56c300000,0x000000c56c400000)]
  0x000001d4c42b7d60 JavaThread "jar transforms Thread 47" [_thread_blocked, id=4828, stack(0x000000c56c400000,0x000000c56c500000)]
  0x000001d4c42b6080 JavaThread "jar transforms Thread 48" [_thread_blocked, id=24036, stack(0x000000c56c500000,0x000000c56c600000)]
  0x000001d4c42ba8b0 JavaThread "jar transforms Thread 49" [_thread_blocked, id=30484, stack(0x000000c56c600000,0x000000c56c700000)]
  0x000001d4c42b3060 JavaThread "jar transforms Thread 50" [_thread_blocked, id=6956, stack(0x000000c56c700000,0x000000c56c800000)]
  0x000001d4c42b6550 JavaThread "jar transforms Thread 51" [_thread_blocked, id=11448, stack(0x000000c56c800000,0x000000c56c900000)]
  0x000001d4c42b73c0 JavaThread "jar transforms Thread 52" [_thread_blocked, id=18064, stack(0x000000c56c900000,0x000000c56ca00000)]
  0x000001d4c42b9570 JavaThread "jar transforms Thread 53" [_thread_blocked, id=24636, stack(0x000000c56ca00000,0x000000c56cb00000)]
  0x000001d4c42b5210 JavaThread "jar transforms Thread 54" [_thread_blocked, id=7744, stack(0x000000c56cb00000,0x000000c56cc00000)]
  0x000001d4c42b7890 JavaThread "jar transforms Thread 55" [_thread_blocked, id=20868, stack(0x000000c56cc00000,0x000000c56cd00000)]
  0x000001d4c42b8230 JavaThread "jar transforms Thread 56" [_thread_blocked, id=25892, stack(0x000000c56cd00000,0x000000c56ce00000)]
  0x000001d4c42b8700 JavaThread "jar transforms Thread 57" [_thread_blocked, id=19524, stack(0x000000c56ce00000,0x000000c56cf00000)]
  0x000001d4c42b8bd0 JavaThread "jar transforms Thread 58" [_thread_blocked, id=26808, stack(0x000000c56cf00000,0x000000c56d000000)]
  0x000001d4c42b3a00 JavaThread "jar transforms Thread 59" [_thread_blocked, id=5604, stack(0x000000c56d000000,0x000000c56d100000)]
  0x000001d4c42b3530 JavaThread "jar transforms Thread 60" [_thread_blocked, id=17560, stack(0x000000c56d100000,0x000000c56d200000)]
  0x000001d4c42b90a0 JavaThread "jar transforms Thread 61" [_thread_blocked, id=25972, stack(0x000000c56d200000,0x000000c56d300000)]
  0x000001d4c42b9f10 JavaThread "jar transforms Thread 62" [_thread_blocked, id=11272, stack(0x000000c56d300000,0x000000c56d400000)]
  0x000001d4c42b3ed0 JavaThread "jar transforms Thread 63" [_thread_blocked, id=24708, stack(0x000000c56d400000,0x000000c56d500000)]
  0x000001d4c5fbe490 JavaThread "jar transforms Thread 64" [_thread_blocked, id=19348, stack(0x000000c56d500000,0x000000c56d600000)]
  0x000001d4c5fbee30 JavaThread "jar transforms Thread 65" [_thread_blocked, id=5004, stack(0x000000c56d600000,0x000000c56d700000)]
  0x000001d4c5fb92c0 JavaThread "jar transforms Thread 66" [_thread_blocked, id=24204, stack(0x000000c56d700000,0x000000c56d800000)]
  0x000001d4c5fbd150 JavaThread "jar transforms Thread 67" [_thread_blocked, id=24540, stack(0x000000c56d800000,0x000000c56d900000)]
  0x000001d4c5fb75e0 JavaThread "jar transforms Thread 68" [_thread_blocked, id=8876, stack(0x000000c56d900000,0x000000c56da00000)]
  0x000001d4c5fbbe10 JavaThread "jar transforms Thread 69" [_thread_blocked, id=19604, stack(0x000000c56da00000,0x000000c56db00000)]
  0x000001d4c5fbd620 JavaThread "jar transforms Thread 70" [_thread_blocked, id=20936, stack(0x000000c56db00000,0x000000c56dc00000)]
  0x000001d4c5fbdfc0 JavaThread "jar transforms Thread 71" [_thread_blocked, id=13144, stack(0x000000c56dc00000,0x000000c56dd00000)]
  0x000001d4c5fb9c60 JavaThread "jar transforms Thread 72" [_thread_blocked, id=23820, stack(0x000000c56dd00000,0x000000c56de00000)]
  0x000001d4c5fb7ab0 JavaThread "jar transforms Thread 73" [_thread_blocked, id=11828, stack(0x000000c56de00000,0x000000c56df00000)]
  0x000001d4c5fb9790 JavaThread "jar transforms Thread 74" [_thread_blocked, id=31060, stack(0x000000c56df00000,0x000000c56e000000)]
  0x000001d4c5fbafa0 JavaThread "jar transforms Thread 75" [_thread_blocked, id=28356, stack(0x000000c56e000000,0x000000c56e100000)]
  0x000001d4c5fbcc80 JavaThread "jar transforms Thread 76" [_thread_blocked, id=17956, stack(0x000000c56e100000,0x000000c56e200000)]
  0x000001d4c5fb7f80 JavaThread "jar transforms Thread 77" [_thread_blocked, id=12628, stack(0x000000c56e200000,0x000000c56e300000)]
  0x000001d4c5fba130 JavaThread "jar transforms Thread 78" [_thread_blocked, id=8000, stack(0x000000c569600000,0x000000c569700000)]
  0x000001d4c5fbdaf0 JavaThread "jar transforms Thread 79" [_thread_blocked, id=1468, stack(0x000000c56e300000,0x000000c56e400000)]
  0x000001d4c5fba600 JavaThread "jar transforms Thread 80" [_thread_blocked, id=25172, stack(0x000000c56e400000,0x000000c56e500000)]
  0x000001d4c5fbb470 JavaThread "jar transforms Thread 81" [_thread_blocked, id=5716, stack(0x000000c56e500000,0x000000c56e600000)]
  0x000001d4c5fbc2e0 JavaThread "jar transforms Thread 82" [_thread_blocked, id=31016, stack(0x000000c56e600000,0x000000c56e700000)]
  0x000001d4c5fbaad0 JavaThread "jar transforms Thread 83" [_thread_blocked, id=19568, stack(0x000000c56e700000,0x000000c56e800000)]
  0x000001d4c5fbb940 JavaThread "jar transforms Thread 84" [_thread_blocked, id=21476, stack(0x000000c56e800000,0x000000c56e900000)]
  0x000001d4c5fbe960 JavaThread "jar transforms Thread 85" [_thread_blocked, id=16176, stack(0x000000c56e900000,0x000000c56ea00000)]
  0x000001d4c5fb8450 JavaThread "jar transforms Thread 86" [_thread_blocked, id=28980, stack(0x000000c56ea00000,0x000000c56eb00000)]
  0x000001d4c5fb8920 JavaThread "jar transforms Thread 87" [_thread_blocked, id=24960, stack(0x000000c56eb00000,0x000000c56ec00000)]
  0x000001d4c5fbc7b0 JavaThread "jar transforms Thread 88" [_thread_blocked, id=4940, stack(0x000000c56ec00000,0x000000c56ed00000)]
  0x000001d4c5fed1c0 JavaThread "jar transforms Thread 89" [_thread_blocked, id=24768, stack(0x000000c56ed00000,0x000000c56ee00000)]
  0x000001d4c5fe7ff0 JavaThread "jar transforms Thread 90" [_thread_blocked, id=11256, stack(0x000000c56ee00000,0x000000c56ef00000)]
  0x000001d4c5fe8990 JavaThread "jar transforms Thread 91" [_thread_blocked, id=21100, stack(0x000000c56ef00000,0x000000c56f000000)]
  0x000001d4c5fe9800 JavaThread "jar transforms Thread 92" [_thread_blocked, id=16248, stack(0x000000c56f000000,0x000000c56f100000)]
  0x000001d4c5fec350 JavaThread "jar transforms Thread 93" [_thread_blocked, id=10276, stack(0x000000c56f100000,0x000000c56f200000)]
  0x000001d4c5fe7b20 JavaThread "jar transforms Thread 94" [_thread_blocked, id=6904, stack(0x000000c56f200000,0x000000c56f300000)]
  0x000001d4c5feb9b0 JavaThread "Cache worker for Build Output Cleanup Cache (E:\ElBarka\.gradle\buildOutputCleanup)" [_thread_blocked, id=26820, stack(0x000000c56f300000,0x000000c56f400000)]
  0x000001d4c5fec820 JavaThread "pool-1-thread-1" [_thread_blocked, id=10804, stack(0x000000c56f400000,0x000000c56f500000)]
  0x000001d4c5fee9d0 JavaThread "Memory manager" [_thread_blocked, id=2176, stack(0x000000c56f500000,0x000000c56f600000)]
  0x000001d4c5feb010 JavaThread "Cache worker for file content cache (E:\ElBarka\.gradle\6.5\fileContent)" [_thread_blocked, id=21408, stack(0x000000c56f600000,0x000000c56f700000)]
  0x000001d4c5fee030 JavaThread "Execution worker for ':'" [_thread_blocked, id=1880, stack(0x000000c56f800000,0x000000c56f900000)]
  0x000001d4c5fe84c0 JavaThread "Execution worker for ':' Thread 2" [_thread_blocked, id=26616, stack(0x000000c56f900000,0x000000c56fa00000)]
  0x000001d4c5fea1a0 JavaThread "Execution worker for ':' Thread 3" [_thread_blocked, id=3644, stack(0x000000c56fa00000,0x000000c56fb00000)]
  0x000001d4c5fea670 JavaThread "Cache worker for execution history cache (E:\ElBarka\.gradle\6.5\executionHistory)" [_thread_blocked, id=15784, stack(0x000000c56fb00000,0x000000c56fc00000)]
  0x000001d4c5706070 JavaThread "WorkerExecutor Queue" [_thread_blocked, id=20284, stack(0x000000c566500000,0x000000c566600000)]
  0x000001d4c5706ee0 JavaThread "WorkerExecutor Queue Thread 2" [_thread_blocked, id=20780, stack(0x000000c568600000,0x000000c568700000)]
  0x000001d4c8932550 JavaThread "WorkerExecutor Queue Thread 3" [_thread_blocked, id=18328, stack(0x000000c566400000,0x000000c566500000)]
  0x000001d4c892f530 JavaThread "WorkerExecutor Queue Thread 4" [_thread_blocked, id=17444, stack(0x000000c56f700000,0x000000c56f800000)]
  0x000001d4c892fa00 JavaThread "WorkerExecutor Queue Thread 5" [_thread_blocked, id=21896, stack(0x000000c56fc00000,0x000000c56fd00000)]

Other Threads:
=>0x000001d4c124d500 VMThread "VM Thread" [stack: 0x000000c566c00000,0x000000c566d00000] [id=24060]
  0x000001d4c1cc37c0 WatcherThread [stack: 0x000000c567700000,0x000000c567800000] [id=18792]
  0x000001d4a2f5ff30 GCTaskThread "GC Thread#0" [stack: 0x000000c566700000,0x000000c566800000] [id=29972]
  0x000001d4c1ed32d0 GCTaskThread "GC Thread#1" [stack: 0x000000c567800000,0x000000c567900000] [id=22860]
  0x000001d4c1ecf970 GCTaskThread "GC Thread#2" [stack: 0x000000c567900000,0x000000c567a00000] [id=12240]
  0x000001d4c1ed0fc0 GCTaskThread "GC Thread#3" [stack: 0x000000c567a00000,0x000000c567b00000] [id=22776]
  0x000001d4a2f73120 ConcurrentGCThread "G1 Main Marker" [stack: 0x000000c566800000,0x000000c566900000] [id=28888]
  0x000001d4a2f74440 ConcurrentGCThread "G1 Conc#0" [stack: 0x000000c566900000,0x000000c566a00000] [id=25016]
  0x000001d4a2fedeb0 ConcurrentGCThread "G1 Refine#0" [stack: 0x000000c566a00000,0x000000c566b00000] [id=2204]
  0x000001d4c1fe58a0 ConcurrentGCThread "G1 Refine#1" [stack: 0x000000c567b00000,0x000000c567c00000] [id=23852]
  0x000001d4c885c3e0 ConcurrentGCThread "G1 Refine#2" [stack: 0x000000c56fe00000,0x000000c56ff00000] [id=12200]
  0x000001d4c885a8e0 ConcurrentGCThread "G1 Refine#3" [stack: 0x000000c56ff00000,0x000000c570000000] [id=28280]
  0x000001d4a2feea40 ConcurrentGCThread "G1 Young RemSet Sampling" [stack: 0x000000c566b00000,0x000000c566c00000] [id=31500]

Threads with active compile tasks:

VM state: at safepoint (normal execution)

VM Mutex/Monitor currently owned by a thread:  ([mutex/lock_event])
[0x000001d4a2f1de00] Threads_lock - owner thread: 0x000001d4c124d500
[0x000001d4a2f1e040] Heap_lock - owner thread: 0x000001d4a2f73120

Heap address: 0x0000000080000000, size: 2048 MB, Compressed Oops mode: 32-bit
CDS archive(s) mapped at: [0x0000000800000000-0x0000000800b50000-0x0000000800b50000), size 11862016, SharedBaseAddress: 0x0000000800000000, ArchiveRelocationMode: 0.
Compressed class space mapped at: 0x0000000800b50000-0x0000000840b50000, size: 1073741824
Narrow klass base: 0x0000000800000000, Narrow klass shift: 3, Narrow klass range: 0x100000000

GC Precious Log:
 CPUs: 4 total, 4 available
 Memory: 15274M
 Large Page Support: Disabled
 NUMA Support: Disabled
 Compressed Oops: Enabled (32-bit)
 Heap Region Size: 1M
 Heap Min Capacity: 8M
 Heap Initial Capacity: 240M
 Heap Max Capacity: 2G
 Pre-touch: Disabled
 Parallel Workers: 4
 Concurrent Workers: 1
 Concurrent Refinement Workers: 4
 Periodic GC: Disabled

Heap:
 garbage-first heap   total 319488K, used 188734K [0x0000000080000000, 0x0000000100000000)
  region size 1024K, 17 young (17408K), 7 survivors (7168K)
 Metaspace       used 76384K, capacity 77578K, committed 77696K, reserved 1116160K
  class space    used 9960K, capacity 10268K, committed 10368K, reserved 1048576K

Heap Regions: E=young(eden), S=young(survivor), O=old, HS=humongous(starts), HC=humongous(continues), CS=collection set, F=free, OA=open archive, CA=closed archive, TAMS=top-at-mark-start (previous, next)
|   0|0x0000000080000000, 0x0000000080100000, 0x0000000080100000|100%| O|  |TAMS 0x0000000080100000, 0x0000000080000000| Updating 
|   1|0x0000000080100000, 0x0000000080200000, 0x0000000080200000|100%| O|  |TAMS 0x0000000080200000, 0x0000000080100000| Updating 
|   2|0x0000000080200000, 0x0000000080300000, 0x0000000080300000|100%| O|  |TAMS 0x0000000080300000, 0x0000000080200000| Updating 
|   3|0x0000000080300000, 0x0000000080400000, 0x0000000080400000|100%|HS|  |TAMS 0x0000000080400000, 0x0000000080300000| Complete 
|   4|0x0000000080400000, 0x0000000080500000, 0x0000000080500000|100%|HC|  |TAMS 0x0000000080500000, 0x0000000080400000| Complete 
|   5|0x0000000080500000, 0x0000000080600000, 0x0000000080600000|100%|HC|  |TAMS 0x0000000080600000, 0x0000000080500000| Complete 
|   6|0x0000000080600000, 0x0000000080700000, 0x0000000080700000|100%| O|  |TAMS 0x0000000080700000, 0x0000000080600000| Updating 
|   7|0x0000000080700000, 0x0000000080800000, 0x0000000080800000|100%| O|  |TAMS 0x0000000080800000, 0x0000000080700000| Updating 
|   8|0x0000000080800000, 0x0000000080900000, 0x0000000080900000|100%| O|  |TAMS 0x0000000080900000, 0x0000000080800000| Updating 
|   9|0x0000000080900000, 0x000000008099a600, 0x0000000080a00000| 60%| O|  |TAMS 0x000000008099a600, 0x0000000080900000| Updating 
|  10|0x0000000080a00000, 0x0000000080b00000, 0x0000000080b00000|100%| O|  |TAMS 0x0000000080b00000, 0x0000000080a00000| Updating 
|  11|0x0000000080b00000, 0x0000000080c00000, 0x0000000080c00000|100%| O|  |TAMS 0x0000000080c00000, 0x0000000080b00000| Updating 
|  12|0x0000000080c00000, 0x0000000080d00000, 0x0000000080d00000|100%| O|  |TAMS 0x0000000080d00000, 0x0000000080c00000| Updating 
|  13|0x0000000080d00000, 0x0000000080e00000, 0x0000000080e00000|100%| O|  |TAMS 0x0000000080e00000, 0x0000000080d00000| Updating 
|  14|0x0000000080e00000, 0x0000000080f00000, 0x0000000080f00000|100%| O|  |TAMS 0x0000000080f00000, 0x0000000080e00000| Updating 
|  15|0x0000000080f00000, 0x0000000081000000, 0x0000000081000000|100%| O|  |TAMS 0x0000000081000000, 0x0000000080f00000| Updating 
|  16|0x0000000081000000, 0x0000000081100000, 0x0000000081100000|100%| O|  |TAMS 0x0000000081100000, 0x0000000081000000| Updating 
|  17|0x0000000081100000, 0x0000000081200000, 0x0000000081200000|100%| O|  |TAMS 0x0000000081200000, 0x0000000081100000| Updating 
|  18|0x0000000081200000, 0x0000000081300000, 0x0000000081300000|100%| O|  |TAMS 0x0000000081300000, 0x0000000081200000| Updating 
|  19|0x0000000081300000, 0x0000000081400000, 0x0000000081400000|100%| O|  |TAMS 0x0000000081400000, 0x0000000081300000| Updating 
|  20|0x0000000081400000, 0x0000000081500000, 0x0000000081500000|100%| O|  |TAMS 0x0000000081500000, 0x0000000081400000| Updating 
|  21|0x0000000081500000, 0x0000000081600000, 0x0000000081600000|100%| O|  |TAMS 0x0000000081600000, 0x0000000081500000| Updating 
|  22|0x0000000081600000, 0x0000000081700000, 0x0000000081700000|100%| O|  |TAMS 0x0000000081700000, 0x0000000081600000| Updating 
|  23|0x0000000081700000, 0x0000000081800000, 0x0000000081800000|100%| O|  |TAMS 0x0000000081800000, 0x0000000081700000| Updating 
|  24|0x0000000081800000, 0x0000000081900000, 0x0000000081900000|100%| O|  |TAMS 0x0000000081900000, 0x0000000081800000| Updating 
|  25|0x0000000081900000, 0x0000000081a00000, 0x0000000081a00000|100%|HS|  |TAMS 0x0000000081a00000, 0x0000000081900000| Complete 
|  26|0x0000000081a00000, 0x0000000081b00000, 0x0000000081b00000|100%|HS|  |TAMS 0x0000000081b00000, 0x0000000081a00000| Complete 
|  27|0x0000000081b00000, 0x0000000081c00000, 0x0000000081c00000|100%|HC|  |TAMS 0x0000000081c00000, 0x0000000081b00000| Complete 
|  28|0x0000000081c00000, 0x0000000081d00000, 0x0000000081d00000|100%| O|  |TAMS 0x0000000081d00000, 0x0000000081c00000| Updating 
|  29|0x0000000081d00000, 0x0000000081e00000, 0x0000000081e00000|100%| O|  |TAMS 0x0000000081e00000, 0x0000000081d00000| Updating 
|  30|0x0000000081e00000, 0x0000000081f00000, 0x0000000081f00000|100%| O|  |TAMS 0x0000000081f00000, 0x0000000081e00000| Updating 
|  31|0x0000000081f00000, 0x0000000082000000, 0x0000000082000000|100%| O|  |TAMS 0x0000000082000000, 0x0000000081f00000| Updating 
|  32|0x0000000082000000, 0x0000000082100000, 0x0000000082100000|100%| O|  |TAMS 0x0000000082100000, 0x0000000082000000| Updating 
|  33|0x0000000082100000, 0x0000000082200000, 0x0000000082200000|100%| O|  |TAMS 0x0000000082200000, 0x0000000082100000| Updating 
|  34|0x0000000082200000, 0x0000000082300000, 0x0000000082300000|100%| O|  |TAMS 0x0000000082300000, 0x0000000082200000| Updating 
|  35|0x0000000082300000, 0x0000000082400000, 0x0000000082400000|100%| O|  |TAMS 0x0000000082400000, 0x0000000082300000| Updating 
|  36|0x0000000082400000, 0x0000000082500000, 0x0000000082500000|100%| O|  |TAMS 0x0000000082500000, 0x0000000082400000| Updating 
|  37|0x0000000082500000, 0x0000000082600000, 0x0000000082600000|100%| O|  |TAMS 0x0000000082600000, 0x0000000082500000| Updating 
|  38|0x0000000082600000, 0x0000000082700000, 0x0000000082700000|100%| O|  |TAMS 0x0000000082700000, 0x0000000082600000| Updating 
|  39|0x0000000082700000, 0x0000000082800000, 0x0000000082800000|100%| O|  |TAMS 0x0000000082800000, 0x0000000082700000| Updating 
|  40|0x0000000082800000, 0x0000000082900000, 0x0000000082900000|100%| O|  |TAMS 0x0000000082900000, 0x0000000082800000| Updating 
|  41|0x0000000082900000, 0x0000000082a00000, 0x0000000082a00000|100%| O|  |TAMS 0x0000000082a00000, 0x0000000082900000| Updating 
|  42|0x0000000082a00000, 0x0000000082b00000, 0x0000000082b00000|100%| O|  |TAMS 0x0000000082b00000, 0x0000000082a00000| Updating 
|  43|0x0000000082b00000, 0x0000000082c00000, 0x0000000082c00000|100%| O|  |TAMS 0x0000000082c00000, 0x0000000082b00000| Updating 
|  44|0x0000000082c00000, 0x0000000082d00000, 0x0000000082d00000|100%| O|  |TAMS 0x0000000082d00000, 0x0000000082c00000| Updating 
|  45|0x0000000082d00000, 0x0000000082e00000, 0x0000000082e00000|100%| O|  |TAMS 0x0000000082e00000, 0x0000000082d00000| Updating 
|  46|0x0000000082e00000, 0x0000000082f00000, 0x0000000082f00000|100%| O|  |TAMS 0x0000000082f00000, 0x0000000082e00000| Updating 
|  47|0x0000000082f00000, 0x0000000083000000, 0x0000000083000000|100%| O|  |TAMS 0x0000000083000000, 0x0000000082f00000| Updating 
|  48|0x0000000083000000, 0x0000000083100000, 0x0000000083100000|100%| O|  |TAMS 0x0000000083100000, 0x0000000083000000| Updating 
|  49|0x0000000083100000, 0x0000000083200000, 0x0000000083200000|100%| O|  |TAMS 0x0000000083200000, 0x0000000083100000| Updating 
|  50|0x0000000083200000, 0x0000000083300000, 0x0000000083300000|100%| O|  |TAMS 0x0000000083300000, 0x0000000083200000| Updating 
|  51|0x0000000083300000, 0x0000000083400000, 0x0000000083400000|100%| O|  |TAMS 0x0000000083400000, 0x0000000083300000| Updating 
|  52|0x0000000083400000, 0x0000000083500000, 0x0000000083500000|100%| O|  |TAMS 0x0000000083500000, 0x0000000083400000| Updating 
|  53|0x0000000083500000, 0x0000000083600000, 0x0000000083600000|100%| O|  |TAMS 0x0000000083600000, 0x0000000083500000| Updating 
|  54|0x0000000083600000, 0x0000000083700000, 0x0000000083700000|100%| O|  |TAMS 0x0000000083700000, 0x0000000083600000| Updating 
|  55|0x0000000083700000, 0x0000000083800000, 0x0000000083800000|100%| O|  |TAMS 0x0000000083800000, 0x0000000083700000| Updating 
|  56|0x0000000083800000, 0x0000000083900000, 0x0000000083900000|100%| O|  |TAMS 0x0000000083900000, 0x0000000083800000| Updating 
|  57|0x0000000083900000, 0x0000000083a00000, 0x0000000083a00000|100%| O|  |TAMS 0x0000000083a00000, 0x0000000083900000| Updating 
|  58|0x0000000083a00000, 0x0000000083b00000, 0x0000000083b00000|100%| O|  |TAMS 0x0000000083b00000, 0x0000000083a00000| Updating 
|  59|0x0000000083b00000, 0x0000000083c00000, 0x0000000083c00000|100%| O|  |TAMS 0x0000000083c00000, 0x0000000083b00000| Updating 
|  60|0x0000000083c00000, 0x0000000083d00000, 0x0000000083d00000|100%| O|  |TAMS 0x0000000083d00000, 0x0000000083c00000| Updating 
|  61|0x0000000083d00000, 0x0000000083e00000, 0x0000000083e00000|100%| O|  |TAMS 0x0000000083e00000, 0x0000000083d00000| Updating 
|  62|0x0000000083e00000, 0x0000000083f00000, 0x0000000083f00000|100%| O|  |TAMS 0x0000000083f00000, 0x0000000083e00000| Updating 
|  63|0x0000000083f00000, 0x0000000084000000, 0x0000000084000000|100%| O|  |TAMS 0x0000000084000000, 0x0000000083f00000| Updating 
|  64|0x0000000084000000, 0x0000000084100000, 0x0000000084100000|100%| O|  |TAMS 0x0000000084100000, 0x0000000084000000| Updating 
|  65|0x0000000084100000, 0x0000000084200000, 0x0000000084200000|100%| O|  |TAMS 0x0000000084200000, 0x0000000084100000| Updating 
|  66|0x0000000084200000, 0x0000000084300000, 0x0000000084300000|100%| O|  |TAMS 0x0000000084300000, 0x0000000084200000| Updating 
|  67|0x0000000084300000, 0x0000000084400000, 0x0000000084400000|100%| O|  |TAMS 0x0000000084400000, 0x0000000084300000| Updating 
|  68|0x0000000084400000, 0x0000000084500000, 0x0000000084500000|100%| O|  |TAMS 0x0000000084500000, 0x0000000084400000| Updating 
|  69|0x0000000084500000, 0x0000000084600000, 0x0000000084600000|100%| O|  |TAMS 0x0000000084600000, 0x0000000084500000| Updating 
|  70|0x0000000084600000, 0x0000000084700000, 0x0000000084700000|100%| O|  |TAMS 0x0000000084700000, 0x0000000084600000| Updating 
|  71|0x0000000084700000, 0x0000000084800000, 0x0000000084800000|100%| O|  |TAMS 0x0000000084800000, 0x0000000084700000| Updating 
|  72|0x0000000084800000, 0x0000000084900000, 0x0000000084900000|100%| O|  |TAMS 0x0000000084900000, 0x0000000084800000| Updating 
|  73|0x0000000084900000, 0x0000000084a00000, 0x0000000084a00000|100%| O|  |TAMS 0x0000000084a00000, 0x0000000084900000| Updating 
|  74|0x0000000084a00000, 0x0000000084b00000, 0x0000000084b00000|100%|HS|  |TAMS 0x0000000084b00000, 0x0000000084a00000| Complete 
|  75|0x0000000084b00000, 0x0000000084c00000, 0x0000000084c00000|100%|HS|  |TAMS 0x0000000084c00000, 0x0000000084b00000| Complete 
|  76|0x0000000084c00000, 0x0000000084d00000, 0x0000000084d00000|100%|HS|  |TAMS 0x0000000084d00000, 0x0000000084c00000| Complete 
|  77|0x0000000084d00000, 0x0000000084e00000, 0x0000000084e00000|100%|HS|  |TAMS 0x0000000084e00000, 0x0000000084d00000| Complete 
|  78|0x0000000084e00000, 0x0000000084f00000, 0x0000000084f00000|100%|HC|  |TAMS 0x0000000084f00000, 0x0000000084e00000| Complete 
|  79|0x0000000084f00000, 0x0000000085000000, 0x0000000085000000|100%| O|  |TAMS 0x0000000085000000, 0x0000000084f00000| Updating 
|  80|0x0000000085000000, 0x0000000085100000, 0x0000000085100000|100%| O|  |TAMS 0x0000000085100000, 0x0000000085000000| Updating 
|  81|0x0000000085100000, 0x0000000085200000, 0x0000000085200000|100%| O|  |TAMS 0x0000000085200000, 0x0000000085100000| Updating 
|  82|0x0000000085200000, 0x0000000085300000, 0x0000000085300000|100%| O|  |TAMS 0x0000000085300000, 0x0000000085200000| Updating 
|  83|0x0000000085300000, 0x0000000085400000, 0x0000000085400000|100%| O|  |TAMS 0x0000000085400000, 0x0000000085300000| Updating 
|  84|0x0000000085400000, 0x0000000085500000, 0x0000000085500000|100%| O|  |TAMS 0x0000000085500000, 0x0000000085400000| Updating 
|  85|0x0000000085500000, 0x0000000085600000, 0x0000000085600000|100%| O|  |TAMS 0x0000000085600000, 0x0000000085500000| Updating 
|  86|0x0000000085600000, 0x0000000085700000, 0x0000000085700000|100%| O|  |TAMS 0x0000000085700000, 0x0000000085600000| Updating 
|  87|0x0000000085700000, 0x0000000085800000, 0x0000000085800000|100%|HS|  |TAMS 0x0000000085800000, 0x0000000085700000| Complete 
|  88|0x0000000085800000, 0x0000000085900000, 0x0000000085900000|100%|HS|  |TAMS 0x0000000085900000, 0x0000000085800000| Complete 
|  89|0x0000000085900000, 0x0000000085a00000, 0x0000000085a00000|100%|HC|  |TAMS 0x0000000085a00000, 0x0000000085900000| Complete 
|  90|0x0000000085a00000, 0x0000000085b00000, 0x0000000085b00000|100%|HS|  |TAMS 0x0000000085b00000, 0x0000000085a00000| Complete 
|  91|0x0000000085b00000, 0x0000000085c00000, 0x0000000085c00000|100%|HC|  |TAMS 0x0000000085c00000, 0x0000000085b00000| Complete 
|  92|0x0000000085c00000, 0x0000000085d00000, 0x0000000085d00000|100%|HS|  |TAMS 0x0000000085d00000, 0x0000000085c00000| Complete 
|  93|0x0000000085d00000, 0x0000000085e00000, 0x0000000085e00000|100%|HS|  |TAMS 0x0000000085e00000, 0x0000000085d00000| Complete 
|  94|0x0000000085e00000, 0x0000000085f00000, 0x0000000085f00000|100%|HS|  |TAMS 0x0000000085f00000, 0x0000000085e00000| Complete 
|  95|0x0000000085f00000, 0x0000000086000000, 0x0000000086000000|100%|HC|  |TAMS 0x0000000086000000, 0x0000000085f00000| Complete 
|  96|0x0000000086000000, 0x0000000086100000, 0x0000000086100000|100%|HC|  |TAMS 0x0000000086100000, 0x0000000086000000| Complete 
|  97|0x0000000086100000, 0x0000000086200000, 0x0000000086200000|100%| O|  |TAMS 0x0000000086200000, 0x0000000086100000| Updating 
|  98|0x0000000086200000, 0x0000000086300000, 0x0000000086300000|100%| O|  |TAMS 0x0000000086300000, 0x0000000086200000| Updating 
|  99|0x0000000086300000, 0x0000000086400000, 0x0000000086400000|100%| O|  |TAMS 0x0000000086400000, 0x0000000086300000| Updating 
| 100|0x0000000086400000, 0x0000000086500000, 0x0000000086500000|100%| O|  |TAMS 0x0000000086500000, 0x0000000086400000| Updating 
| 101|0x0000000086500000, 0x0000000086600000, 0x0000000086600000|100%| O|  |TAMS 0x0000000086600000, 0x0000000086500000| Updating 
| 102|0x0000000086600000, 0x0000000086700000, 0x0000000086700000|100%| O|  |TAMS 0x0000000086700000, 0x0000000086600000| Updating 
| 103|0x0000000086700000, 0x0000000086800000, 0x0000000086800000|100%| O|  |TAMS 0x0000000086800000, 0x0000000086700000| Updating 
| 104|0x0000000086800000, 0x0000000086900000, 0x0000000086900000|100%|HS|  |TAMS 0x0000000086900000, 0x0000000086800000| Complete 
| 105|0x0000000086900000, 0x0000000086a00000, 0x0000000086a00000|100%| O|  |TAMS 0x0000000086a00000, 0x0000000086900000| Updating 
| 106|0x0000000086a00000, 0x0000000086b00000, 0x0000000086b00000|100%|HS|  |TAMS 0x0000000086b00000, 0x0000000086a00000| Complete 
| 107|0x0000000086b00000, 0x0000000086c00000, 0x0000000086c00000|100%| O|  |TAMS 0x0000000086c00000, 0x0000000086b00000| Updating 
| 108|0x0000000086c00000, 0x0000000086d00000, 0x0000000086d00000|100%|HS|  |TAMS 0x0000000086d00000, 0x0000000086c00000| Complete 
| 109|0x0000000086d00000, 0x0000000086e00000, 0x0000000086e00000|100%| O|  |TAMS 0x0000000086e00000, 0x0000000086d00000| Updating 
| 110|0x0000000086e00000, 0x0000000086f00000, 0x0000000086f00000|100%| O|  |TAMS 0x0000000086f00000, 0x0000000086e00000| Updating 
| 111|0x0000000086f00000, 0x0000000087000000, 0x0000000087000000|100%|HS|  |TAMS 0x0000000087000000, 0x0000000086f00000| Complete 
| 112|0x0000000087000000, 0x0000000087100000, 0x0000000087100000|100%|HC|  |TAMS 0x0000000087100000, 0x0000000087000000| Complete 
| 113|0x0000000087100000, 0x0000000087200000, 0x0000000087200000|100%| O|  |TAMS 0x0000000087200000, 0x0000000087100000| Updating 
| 114|0x0000000087200000, 0x0000000087300000, 0x0000000087300000|100%|HS|  |TAMS 0x0000000087300000, 0x0000000087200000| Complete 
| 115|0x0000000087300000, 0x0000000087400000, 0x0000000087400000|100%| O|  |TAMS 0x0000000087400000, 0x0000000087300000| Updating 
| 116|0x0000000087400000, 0x0000000087500000, 0x0000000087500000|100%| O|  |TAMS 0x0000000087500000, 0x0000000087400000| Updating 
| 117|0x0000000087500000, 0x0000000087600000, 0x0000000087600000|100%|HS|  |TAMS 0x0000000087600000, 0x0000000087500000| Complete 
| 118|0x0000000087600000, 0x0000000087700000, 0x0000000087700000|100%|HC|  |TAMS 0x0000000087700000, 0x0000000087600000| Complete 
| 119|0x0000000087700000, 0x0000000087800000, 0x0000000087800000|100%| O|  |TAMS 0x0000000087800000, 0x0000000087700000| Updating 
| 120|0x0000000087800000, 0x0000000087900000, 0x0000000087900000|100%| O|  |TAMS 0x0000000087900000, 0x0000000087800000| Updating 
| 121|0x0000000087900000, 0x0000000087a00000, 0x0000000087a00000|100%|HS|  |TAMS 0x0000000087a00000, 0x0000000087900000| Complete 
| 122|0x0000000087a00000, 0x0000000087b00000, 0x0000000087b00000|100%|HC|  |TAMS 0x0000000087b00000, 0x0000000087a00000| Complete 
| 123|0x0000000087b00000, 0x0000000087c00000, 0x0000000087c00000|100%| O|  |TAMS 0x0000000087c00000, 0x0000000087b00000| Updating 
| 124|0x0000000087c00000, 0x0000000087d00000, 0x0000000087d00000|100%|HS|  |TAMS 0x0000000087d00000, 0x0000000087c00000| Complete 
| 125|0x0000000087d00000, 0x0000000087e00000, 0x0000000087e00000|100%| O|  |TAMS 0x0000000087e00000, 0x0000000087d00000| Updating 
| 126|0x0000000087e00000, 0x0000000087f00000, 0x0000000087f00000|100%|HS|  |TAMS 0x0000000087f00000, 0x0000000087e00000| Complete 
| 127|0x0000000087f00000, 0x0000000088000000, 0x0000000088000000|100%| O|  |TAMS 0x0000000088000000, 0x0000000087f00000| Updating 
| 128|0x0000000088000000, 0x0000000088100000, 0x0000000088100000|100%| O|  |TAMS 0x0000000088100000, 0x0000000088000000| Updating 
| 129|0x0000000088100000, 0x0000000088200000, 0x0000000088200000|100%| O|  |TAMS 0x0000000088200000, 0x0000000088100000| Updating 
| 130|0x0000000088200000, 0x0000000088300000, 0x0000000088300000|100%|HS|  |TAMS 0x0000000088300000, 0x0000000088200000| Complete 
| 131|0x0000000088300000, 0x0000000088400000, 0x0000000088400000|100%|HC|  |TAMS 0x0000000088400000, 0x0000000088300000| Complete 
| 132|0x0000000088400000, 0x0000000088500000, 0x0000000088500000|100%|HC|  |TAMS 0x0000000088500000, 0x0000000088400000| Complete 
| 133|0x0000000088500000, 0x0000000088600000, 0x0000000088600000|100%| O|  |TAMS 0x0000000088600000, 0x0000000088500000| Updating 
| 134|0x0000000088600000, 0x0000000088700000, 0x0000000088700000|100%| O|  |TAMS 0x0000000088700000, 0x0000000088600000| Updating 
| 135|0x0000000088700000, 0x0000000088800000, 0x0000000088800000|100%| O|  |TAMS 0x0000000088800000, 0x0000000088700000| Updating 
| 136|0x0000000088800000, 0x0000000088900000, 0x0000000088900000|100%| O|  |TAMS 0x0000000088900000, 0x0000000088800000| Updating 
| 137|0x0000000088900000, 0x0000000088a00000, 0x0000000088a00000|100%| O|  |TAMS 0x0000000088a00000, 0x0000000088900000| Updating 
| 138|0x0000000088a00000, 0x0000000088b00000, 0x0000000088b00000|100%| O|  |TAMS 0x0000000088b00000, 0x0000000088a00000| Updating 
| 139|0x0000000088b00000, 0x0000000088c00000, 0x0000000088c00000|100%| O|  |TAMS 0x0000000088c00000, 0x0000000088b00000| Updating 
| 140|0x0000000088c00000, 0x0000000088d00000, 0x0000000088d00000|100%| O|  |TAMS 0x0000000088d00000, 0x0000000088c00000| Updating 
| 141|0x0000000088d00000, 0x0000000088e00000, 0x0000000088e00000|100%| O|  |TAMS 0x0000000088e00000, 0x0000000088d00000| Updating 
| 142|0x0000000088e00000, 0x0000000088f00000, 0x0000000088f00000|100%| O|  |TAMS 0x0000000088f00000, 0x0000000088e00000| Updating 
| 143|0x0000000088f00000, 0x0000000089000000, 0x0000000089000000|100%| O|  |TAMS 0x0000000089000000, 0x0000000088f00000| Updating 
| 144|0x0000000089000000, 0x0000000089100000, 0x0000000089100000|100%| O|  |TAMS 0x0000000089100000, 0x0000000089000000| Updating 
| 145|0x0000000089100000, 0x0000000089200000, 0x0000000089200000|100%| O|  |TAMS 0x0000000089200000, 0x0000000089100000| Updating 
| 146|0x0000000089200000, 0x0000000089300000, 0x0000000089300000|100%| O|  |TAMS 0x0000000089300000, 0x0000000089200000| Updating 
| 147|0x0000000089300000, 0x0000000089400000, 0x0000000089400000|100%| O|  |TAMS 0x0000000089400000, 0x0000000089300000| Updating 
| 148|0x0000000089400000, 0x0000000089500000, 0x0000000089500000|100%| O|  |TAMS 0x0000000089500000, 0x0000000089400000| Updating 
| 149|0x0000000089500000, 0x0000000089600000, 0x0000000089600000|100%| O|  |TAMS 0x0000000089600000, 0x0000000089500000| Updating 
| 150|0x0000000089600000, 0x0000000089700000, 0x0000000089700000|100%|HS|  |TAMS 0x0000000089700000, 0x0000000089600000| Complete 
| 151|0x0000000089700000, 0x0000000089800000, 0x0000000089800000|100%|HS|  |TAMS 0x0000000089800000, 0x0000000089700000| Complete 
| 152|0x0000000089800000, 0x0000000089900000, 0x0000000089900000|100%| O|  |TAMS 0x0000000089900000, 0x0000000089800000| Updating 
| 153|0x0000000089900000, 0x0000000089a00000, 0x0000000089a00000|100%| O|  |TAMS 0x0000000089a00000, 0x0000000089900000| Updating 
| 154|0x0000000089a00000, 0x0000000089b00000, 0x0000000089b00000|100%| O|  |TAMS 0x0000000089b00000, 0x0000000089a00000| Updating 
| 155|0x0000000089b00000, 0x0000000089c00000, 0x0000000089c00000|100%| O|  |TAMS 0x0000000089c00000, 0x0000000089b00000| Updating 
| 156|0x0000000089c00000, 0x0000000089d00000, 0x0000000089d00000|100%| O|  |TAMS 0x0000000089d00000, 0x0000000089c00000| Updating 
| 157|0x0000000089d00000, 0x0000000089e00000, 0x0000000089e00000|100%| O|  |TAMS 0x0000000089e00000, 0x0000000089d00000| Updating 
| 158|0x0000000089e00000, 0x0000000089f00000, 0x0000000089f00000|100%| O|  |TAMS 0x0000000089f00000, 0x0000000089e00000| Updating 
| 159|0x0000000089f00000, 0x000000008a000000, 0x000000008a000000|100%| O|  |TAMS 0x000000008a000000, 0x0000000089f00000| Updating 
| 160|0x000000008a000000, 0x000000008a100000, 0x000000008a100000|100%| O|  |TAMS 0x000000008a000000, 0x000000008a000000| Untracked 
| 161|0x000000008a100000, 0x000000008a200000, 0x000000008a200000|100%| O|  |TAMS 0x000000008a100000, 0x000000008a100000| Untracked 
| 162|0x000000008a200000, 0x000000008a300000, 0x000000008a300000|100%| O|  |TAMS 0x000000008a200000, 0x000000008a200000| Untracked 
| 163|0x000000008a300000, 0x000000008a400000, 0x000000008a400000|100%| O|  |TAMS 0x000000008a300000, 0x000000008a300000| Untracked 
| 164|0x000000008a400000, 0x000000008a4b5200, 0x000000008a500000| 70%| O|  |TAMS 0x000000008a400000, 0x000000008a400000| Updating 
| 165|0x000000008a500000, 0x000000008a600000, 0x000000008a600000|100%|HS|  |TAMS 0x000000008a500000, 0x000000008a500000| Complete 
| 166|0x000000008a600000, 0x000000008a700000, 0x000000008a700000|100%|HC|  |TAMS 0x000000008a600000, 0x000000008a600000| Complete 
| 167|0x000000008a700000, 0x000000008a800000, 0x000000008a800000|100%|HS|  |TAMS 0x000000008a700000, 0x000000008a700000| Complete 
| 168|0x000000008a800000, 0x000000008a900000, 0x000000008a900000|100%|HC|  |TAMS 0x000000008a800000, 0x000000008a800000| Complete 
| 169|0x000000008a900000, 0x000000008a900000, 0x000000008aa00000|  0%| F|  |TAMS 0x000000008a900000, 0x000000008a900000| Untracked 
| 170|0x000000008aa00000, 0x000000008aa00000, 0x000000008ab00000|  0%| F|  |TAMS 0x000000008aa00000, 0x000000008aa00000| Untracked 
| 171|0x000000008ab00000, 0x000000008ab00000, 0x000000008ac00000|  0%| F|  |TAMS 0x000000008ab00000, 0x000000008ab00000| Untracked 
| 172|0x000000008ac00000, 0x000000008ac00000, 0x000000008ad00000|  0%| F|  |TAMS 0x000000008ac00000, 0x000000008ac00000| Untracked 
| 173|0x000000008ad00000, 0x000000008ae00000, 0x000000008ae00000|100%| O|  |TAMS 0x000000008ae00000, 0x000000008ad00000| Updating 
| 174|0x000000008ae00000, 0x000000008ae00000, 0x000000008af00000|  0%| F|  |TAMS 0x000000008ae00000, 0x000000008ae00000| Untracked 
| 175|0x000000008af00000, 0x000000008af00000, 0x000000008b000000|  0%| F|  |TAMS 0x000000008af00000, 0x000000008af00000| Untracked 
| 176|0x000000008b000000, 0x000000008b000000, 0x000000008b100000|  0%| F|  |TAMS 0x000000008b000000, 0x000000008b000000| Untracked 
| 177|0x000000008b100000, 0x000000008b100000, 0x000000008b200000|  0%| F|  |TAMS 0x000000008b100000, 0x000000008b100000| Untracked 
| 178|0x000000008b200000, 0x000000008b200000, 0x000000008b300000|  0%| F|  |TAMS 0x000000008b200000, 0x000000008b200000| Untracked 
| 179|0x000000008b300000, 0x000000008b300000, 0x000000008b400000|  0%| F|  |TAMS 0x000000008b300000, 0x000000008b300000| Untracked 
| 180|0x000000008b400000, 0x000000008b400000, 0x000000008b500000|  0%| F|  |TAMS 0x000000008b400000, 0x000000008b400000| Untracked 
| 181|0x000000008b500000, 0x000000008b500000, 0x000000008b600000|  0%| F|  |TAMS 0x000000008b500000, 0x000000008b500000| Untracked 
| 182|0x000000008b600000, 0x000000008b600000, 0x000000008b700000|  0%| F|  |TAMS 0x000000008b600000, 0x000000008b600000| Untracked 
| 183|0x000000008b700000, 0x000000008b700000, 0x000000008b800000|  0%| F|  |TAMS 0x000000008b700000, 0x000000008b700000| Untracked 
| 184|0x000000008b800000, 0x000000008b800000, 0x000000008b900000|  0%| F|  |TAMS 0x000000008b800000, 0x000000008b800000| Untracked 
| 185|0x000000008b900000, 0x000000008b900000, 0x000000008ba00000|  0%| F|  |TAMS 0x000000008b900000, 0x000000008b900000| Untracked 
| 186|0x000000008ba00000, 0x000000008ba00000, 0x000000008bb00000|  0%| F|  |TAMS 0x000000008ba00000, 0x000000008ba00000| Untracked 
| 187|0x000000008bb00000, 0x000000008bb00000, 0x000000008bc00000|  0%| F|  |TAMS 0x000000008bb00000, 0x000000008bb00000| Untracked 
| 188|0x000000008bc00000, 0x000000008bc00000, 0x000000008bd00000|  0%| F|  |TAMS 0x000000008bc00000, 0x000000008bc00000| Untracked 
| 189|0x000000008bd00000, 0x000000008bd00000, 0x000000008be00000|  0%| F|  |TAMS 0x000000008bd00000, 0x000000008bd00000| Untracked 
| 190|0x000000008be00000, 0x000000008be00000, 0x000000008bf00000|  0%| F|  |TAMS 0x000000008be00000, 0x000000008be00000| Untracked 
| 191|0x000000008bf00000, 0x000000008bf00000, 0x000000008c000000|  0%| F|  |TAMS 0x000000008bf00000, 0x000000008bf00000| Untracked 
| 192|0x000000008c000000, 0x000000008c000000, 0x000000008c100000|  0%| F|  |TAMS 0x000000008c000000, 0x000000008c000000| Untracked 
| 193|0x000000008c100000, 0x000000008c100000, 0x000000008c200000|  0%| F|  |TAMS 0x000000008c100000, 0x000000008c100000| Untracked 
| 194|0x000000008c200000, 0x000000008c200000, 0x000000008c300000|  0%| F|  |TAMS 0x000000008c200000, 0x000000008c200000| Untracked 
| 195|0x000000008c300000, 0x000000008c300000, 0x000000008c400000|  0%| F|  |TAMS 0x000000008c300000, 0x000000008c300000| Untracked 
| 196|0x000000008c400000, 0x000000008c400000, 0x000000008c500000|  0%| F|  |TAMS 0x000000008c400000, 0x000000008c400000| Untracked 
| 197|0x000000008c500000, 0x000000008c500000, 0x000000008c600000|  0%| F|  |TAMS 0x000000008c500000, 0x000000008c500000| Untracked 
| 198|0x000000008c600000, 0x000000008c600000, 0x000000008c700000|  0%| F|  |TAMS 0x000000008c600000, 0x000000008c600000| Untracked 
| 199|0x000000008c700000, 0x000000008c700000, 0x000000008c800000|  0%| F|  |TAMS 0x000000008c700000, 0x000000008c700000| Untracked 
| 200|0x000000008c800000, 0x000000008c800000, 0x000000008c900000|  0%| F|  |TAMS 0x000000008c800000, 0x000000008c800000| Untracked 
| 201|0x000000008c900000, 0x000000008c900000, 0x000000008ca00000|  0%| F|  |TAMS 0x000000008c900000, 0x000000008c900000| Untracked 
| 202|0x000000008ca00000, 0x000000008ca00000, 0x000000008cb00000|  0%| F|  |TAMS 0x000000008ca00000, 0x000000008ca00000| Untracked 
| 203|0x000000008cb00000, 0x000000008cb00000, 0x000000008cc00000|  0%| F|  |TAMS 0x000000008cb00000, 0x000000008cb00000| Untracked 
| 204|0x000000008cc00000, 0x000000008cc00000, 0x000000008cd00000|  0%| F|  |TAMS 0x000000008cc00000, 0x000000008cc00000| Untracked 
| 205|0x000000008cd00000, 0x000000008cd00000, 0x000000008ce00000|  0%| F|  |TAMS 0x000000008cd00000, 0x000000008cd00000| Untracked 
| 206|0x000000008ce00000, 0x000000008ce00000, 0x000000008cf00000|  0%| F|  |TAMS 0x000000008ce00000, 0x000000008ce00000| Untracked 
| 207|0x000000008cf00000, 0x000000008cf00000, 0x000000008d000000|  0%| F|  |TAMS 0x000000008cf00000, 0x000000008cf00000| Untracked 
| 208|0x000000008d000000, 0x000000008d000000, 0x000000008d100000|  0%| F|  |TAMS 0x000000008d000000, 0x000000008d000000| Untracked 
| 209|0x000000008d100000, 0x000000008d100000, 0x000000008d200000|  0%| F|  |TAMS 0x000000008d100000, 0x000000008d100000| Untracked 
| 210|0x000000008d200000, 0x000000008d200000, 0x000000008d300000|  0%| F|  |TAMS 0x000000008d200000, 0x000000008d200000| Untracked 
| 211|0x000000008d300000, 0x000000008d300000, 0x000000008d400000|  0%| F|  |TAMS 0x000000008d300000, 0x000000008d300000| Untracked 
| 212|0x000000008d400000, 0x000000008d400000, 0x000000008d500000|  0%| F|  |TAMS 0x000000008d400000, 0x000000008d400000| Untracked 
| 213|0x000000008d500000, 0x000000008d500000, 0x000000008d600000|  0%| F|  |TAMS 0x000000008d500000, 0x000000008d500000| Untracked 
| 214|0x000000008d600000, 0x000000008d600000, 0x000000008d700000|  0%| F|  |TAMS 0x000000008d600000, 0x000000008d600000| Untracked 
| 215|0x000000008d700000, 0x000000008d700000, 0x000000008d800000|  0%| F|  |TAMS 0x000000008d700000, 0x000000008d700000| Untracked 
| 216|0x000000008d800000, 0x000000008d800000, 0x000000008d900000|  0%| F|  |TAMS 0x000000008d800000, 0x000000008d800000| Untracked 
| 217|0x000000008d900000, 0x000000008d900000, 0x000000008da00000|  0%| F|  |TAMS 0x000000008d900000, 0x000000008d900000| Untracked 
| 218|0x000000008da00000, 0x000000008da00000, 0x000000008db00000|  0%| F|  |TAMS 0x000000008da00000, 0x000000008da00000| Untracked 
| 219|0x000000008db00000, 0x000000008db00000, 0x000000008dc00000|  0%| F|  |TAMS 0x000000008db00000, 0x000000008db00000| Untracked 
| 220|0x000000008dc00000, 0x000000008dc00000, 0x000000008dd00000|  0%| F|  |TAMS 0x000000008dc00000, 0x000000008dc00000| Untracked 
| 221|0x000000008dd00000, 0x000000008dd00000, 0x000000008de00000|  0%| F|  |TAMS 0x000000008dd00000, 0x000000008dd00000| Untracked 
| 222|0x000000008de00000, 0x000000008de00000, 0x000000008df00000|  0%| F|  |TAMS 0x000000008de00000, 0x000000008de00000| Untracked 
| 223|0x000000008df00000, 0x000000008df00000, 0x000000008e000000|  0%| F|  |TAMS 0x000000008df00000, 0x000000008df00000| Untracked 
| 224|0x000000008e000000, 0x000000008e000000, 0x000000008e100000|  0%| F|  |TAMS 0x000000008e000000, 0x000000008e000000| Untracked 
| 225|0x000000008e100000, 0x000000008e100000, 0x000000008e200000|  0%| F|  |TAMS 0x000000008e100000, 0x000000008e100000| Untracked 
| 226|0x000000008e200000, 0x000000008e200000, 0x000000008e300000|  0%| F|  |TAMS 0x000000008e200000, 0x000000008e200000| Untracked 
| 227|0x000000008e300000, 0x000000008e300000, 0x000000008e400000|  0%| F|  |TAMS 0x000000008e300000, 0x000000008e300000| Untracked 
| 228|0x000000008e400000, 0x000000008e400000, 0x000000008e500000|  0%| F|  |TAMS 0x000000008e400000, 0x000000008e400000| Untracked 
| 229|0x000000008e500000, 0x000000008e500000, 0x000000008e600000|  0%| F|  |TAMS 0x000000008e500000, 0x000000008e500000| Untracked 
| 230|0x000000008e600000, 0x000000008e600000, 0x000000008e700000|  0%| F|  |TAMS 0x000000008e600000, 0x000000008e600000| Untracked 
| 231|0x000000008e700000, 0x000000008e700000, 0x000000008e800000|  0%| F|  |TAMS 0x000000008e700000, 0x000000008e700000| Untracked 
| 232|0x000000008e800000, 0x000000008e800000, 0x000000008e900000|  0%| F|  |TAMS 0x000000008e800000, 0x000000008e800000| Untracked 
| 233|0x000000008e900000, 0x000000008e900000, 0x000000008ea00000|  0%| F|  |TAMS 0x000000008e900000, 0x000000008e900000| Untracked 
| 234|0x000000008ea00000, 0x000000008ea00000, 0x000000008eb00000|  0%| F|  |TAMS 0x000000008ea00000, 0x000000008ea00000| Untracked 
| 235|0x000000008eb00000, 0x000000008eb00000, 0x000000008ec00000|  0%| F|  |TAMS 0x000000008eb00000, 0x000000008eb00000| Untracked 
| 236|0x000000008ec00000, 0x000000008ec00000, 0x000000008ed00000|  0%| F|  |TAMS 0x000000008ec00000, 0x000000008ec00000| Untracked 
| 237|0x000000008ed00000, 0x000000008ed00000, 0x000000008ee00000|  0%| F|  |TAMS 0x000000008ed00000, 0x000000008ed00000| Untracked 
| 238|0x000000008ee00000, 0x000000008ee00000, 0x000000008ef00000|  0%| F|  |TAMS 0x000000008ee00000, 0x000000008ee00000| Untracked 
| 239|0x000000008ef00000, 0x000000008ef00000, 0x000000008f000000|  0%| F|  |TAMS 0x000000008ef00000, 0x000000008ef00000| Untracked 
| 240|0x000000008f000000, 0x000000008f000000, 0x000000008f100000|  0%| F|  |TAMS 0x000000008f000000, 0x000000008f000000| Untracked 
| 241|0x000000008f100000, 0x000000008f200000, 0x000000008f200000|100%| S|CS|TAMS 0x000000008f100000, 0x000000008f100000| Complete 
| 242|0x000000008f200000, 0x000000008f300000, 0x000000008f300000|100%| S|CS|TAMS 0x000000008f200000, 0x000000008f200000| Complete 
| 243|0x000000008f300000, 0x000000008f400000, 0x000000008f400000|100%| S|CS|TAMS 0x000000008f300000, 0x000000008f300000| Complete 
| 244|0x000000008f400000, 0x000000008f500000, 0x000000008f500000|100%| S|CS|TAMS 0x000000008f400000, 0x000000008f400000| Complete 
| 245|0x000000008f500000, 0x000000008f600000, 0x000000008f600000|100%| S|CS|TAMS 0x000000008f500000, 0x000000008f500000| Complete 
| 246|0x000000008f600000, 0x000000008f700000, 0x000000008f700000|100%| S|CS|TAMS 0x000000008f600000, 0x000000008f600000| Complete 
| 247|0x000000008f700000, 0x000000008f800000, 0x000000008f800000|100%| S|CS|TAMS 0x000000008f700000, 0x000000008f700000| Complete 
| 248|0x000000008f800000, 0x000000008f800000, 0x000000008f900000|  0%| F|  |TAMS 0x000000008f800000, 0x000000008f800000| Untracked 
| 249|0x000000008f900000, 0x000000008f900000, 0x000000008fa00000|  0%| F|  |TAMS 0x000000008f900000, 0x000000008f900000| Untracked 
| 250|0x000000008fa00000, 0x000000008fa00000, 0x000000008fb00000|  0%| F|  |TAMS 0x000000008fa00000, 0x000000008fa00000| Untracked 
| 251|0x000000008fb00000, 0x000000008fb00000, 0x000000008fc00000|  0%| F|  |TAMS 0x000000008fb00000, 0x000000008fb00000| Untracked 
| 252|0x000000008fc00000, 0x000000008fc00000, 0x000000008fd00000|  0%| F|  |TAMS 0x000000008fc00000, 0x000000008fc00000| Untracked 
| 253|0x000000008fd00000, 0x000000008fd00000, 0x000000008fe00000|  0%| F|  |TAMS 0x000000008fd00000, 0x000000008fd00000| Untracked 
| 254|0x000000008fe00000, 0x000000008fe00000, 0x000000008ff00000|  0%| F|  |TAMS 0x000000008fe00000, 0x000000008fe00000| Untracked 
| 255|0x000000008ff00000, 0x000000008ff00000, 0x0000000090000000|  0%| F|  |TAMS 0x000000008ff00000, 0x000000008ff00000| Untracked 
| 256|0x0000000090000000, 0x0000000090000000, 0x0000000090100000|  0%| F|  |TAMS 0x0000000090000000, 0x0000000090000000| Untracked 
| 257|0x0000000090100000, 0x0000000090100000, 0x0000000090200000|  0%| F|  |TAMS 0x0000000090100000, 0x0000000090100000| Untracked 
| 258|0x0000000090200000, 0x0000000090200000, 0x0000000090300000|  0%| F|  |TAMS 0x0000000090200000, 0x0000000090200000| Untracked 
| 259|0x0000000090300000, 0x0000000090300000, 0x0000000090400000|  0%| F|  |TAMS 0x0000000090300000, 0x0000000090300000| Untracked 
| 260|0x0000000090400000, 0x0000000090400000, 0x0000000090500000|  0%| F|  |TAMS 0x0000000090400000, 0x0000000090400000| Untracked 
| 261|0x0000000090500000, 0x0000000090500000, 0x0000000090600000|  0%| F|  |TAMS 0x0000000090500000, 0x0000000090500000| Untracked 
| 262|0x0000000090600000, 0x0000000090600000, 0x0000000090700000|  0%| F|  |TAMS 0x0000000090600000, 0x0000000090600000| Untracked 
| 263|0x0000000090700000, 0x0000000090700000, 0x0000000090800000|  0%| F|  |TAMS 0x0000000090700000, 0x0000000090700000| Untracked 
| 264|0x0000000090800000, 0x0000000090800000, 0x0000000090900000|  0%| F|  |TAMS 0x0000000090800000, 0x0000000090800000| Untracked 
| 265|0x0000000090900000, 0x0000000090950168, 0x0000000090a00000| 31%| E|  |TAMS 0x0000000090900000, 0x0000000090900000| Complete 
| 266|0x0000000090a00000, 0x0000000090b00000, 0x0000000090b00000|100%| E|CS|TAMS 0x0000000090a00000, 0x0000000090a00000| Complete 
| 267|0x0000000090b00000, 0x0000000090c00000, 0x0000000090c00000|100%| E|CS|TAMS 0x0000000090b00000, 0x0000000090b00000| Complete 
| 268|0x0000000090c00000, 0x0000000090d00000, 0x0000000090d00000|100%| E|CS|TAMS 0x0000000090c00000, 0x0000000090c00000| Complete 
| 269|0x0000000090d00000, 0x0000000090e00000, 0x0000000090e00000|100%| E|CS|TAMS 0x0000000090d00000, 0x0000000090d00000| Complete 
| 270|0x0000000090e00000, 0x0000000090f00000, 0x0000000090f00000|100%| E|CS|TAMS 0x0000000090e00000, 0x0000000090e00000| Complete 
| 271|0x0000000090f00000, 0x0000000091000000, 0x0000000091000000|100%| E|CS|TAMS 0x0000000090f00000, 0x0000000090f00000| Complete 
| 272|0x0000000091000000, 0x0000000091100000, 0x0000000091100000|100%| E|  |TAMS 0x0000000091000000, 0x0000000091000000| Complete 
| 273|0x0000000091100000, 0x0000000091200000, 0x0000000091200000|100%| E|CS|TAMS 0x0000000091100000, 0x0000000091100000| Complete 
| 274|0x0000000091200000, 0x0000000091300000, 0x0000000091300000|100%| E|CS|TAMS 0x0000000091200000, 0x0000000091200000| Complete 

Card table byte_map: [0x000001d4ba550000,0x000001d4ba950000] _byte_map_base: 0x000001d4ba150000

Marking Bits (Prev, Next): (CMBitMap*) 0x000001d4a2f62700, (CMBitMap*) 0x000001d4a2f626c0
 Prev Bits: [0x000001d4bcd50000, 0x000001d4bed50000)
 Next Bits: [0x000001d4bad50000, 0x000001d4bcd50000)

Polling page: 0x000001d4a0d70000

Metaspace:

Usage:
  Non-class:     65.73 MB capacity,    64.87 MB ( 99%) used,   775.00 KB (  1%) free+waste,   111.13 KB ( <1%) overhead. 
      Class:     10.03 MB capacity,     9.73 MB ( 97%) used,   262.63 KB (  3%) free+waste,    44.44 KB ( <1%) overhead. 
       Both:     75.76 MB capacity,    74.59 MB ( 98%) used,     1.01 MB (  1%) free+waste,   155.56 KB ( <1%) overhead. 

Virtual space:
  Non-class space:       66.00 MB reserved,      65.75 MB (>99%) committed 
      Class space:        1.00 GB reserved,      10.13 MB ( <1%) committed 
             Both:        1.06 GB reserved,      75.88 MB (  7%) committed 

Chunk freelists:
   Non-Class:  18.00 KB
       Class:  36.00 KB
        Both:  54.00 KB

MaxMetaspaceSize: 17179869184.00 GB
CompressedClassSpaceSize: 1.00 GB

CodeHeap 'non-profiled nmethods': size=120000Kb used=7073Kb max_used=7073Kb free=112926Kb
 bounds [0x000001d4b2c20000, 0x000001d4b3310000, 0x000001d4ba150000]
CodeHeap 'profiled nmethods': size=120000Kb used=22172Kb max_used=22172Kb free=97827Kb
 bounds [0x000001d4ab6f0000, 0x000001d4acca0000, 0x000001d4b2c20000]
CodeHeap 'non-nmethods': size=5760Kb used=2389Kb max_used=2439Kb free=3370Kb
 bounds [0x000001d4ab150000, 0x000001d4ab3c0000, 0x000001d4ab6f0000]
 total_blobs=11362 nmethods=10481 adapters=793
 compilation: enabled
              stopped_count=0, restarted_count=0
 full_count=0

Compilation events (20 events):
Event: 86.506 Thread 0x000001d4c126fd60 12201       1       java.util.stream.ReferencePipeline$StatefulOp::opIsStateful (2 bytes)
Event: 86.506 Thread 0x000001d4c126fd60 nmethod 12201 0x000001d4b3307890 code [0x000001d4b3307a20, 0x000001d4b3307ad8]
Event: 86.506 Thread 0x000001d4c126fd60 12202       3       com.android.tools.r8.s.b.h0::f (44 bytes)
Event: 86.507 Thread 0x000001d4c126fd60 nmethod 12202 0x000001d4acc91c90 code [0x000001d4acc91e40, 0x000001d4acc92128]
Event: 86.512 Thread 0x000001d4c126fd60 12203       3       java.util.Collections$UnmodifiableList::indexOf (11 bytes)
Event: 86.512 Thread 0x000001d4c126fd60 nmethod 12203 0x000001d4acc92210 code [0x000001d4acc923c0, 0x000001d4acc92588]
Event: 86.513 Thread 0x000001d4c126d2a0 12204       4       com.android.tools.r8.s.b.W0::equals (85 bytes)
Event: 86.516 Thread 0x000001d4c126fd60 12205       3       com.android.tools.r8.ir.regalloc.a$$Lambda$1007/0x0000000801535db0::test (8 bytes)
Event: 86.516 Thread 0x000001d4c126fd60 nmethod 12205 0x000001d4acc92690 code [0x000001d4acc92860, 0x000001d4acc92c58]
Event: 86.516 Thread 0x000001d4c126fd60 12206       3       com.android.tools.r8.ir.regalloc.a::b (20 bytes)
Event: 86.517 Thread 0x000001d4c126fd60 nmethod 12206 0x000001d4acc92d90 code [0x000001d4acc92f40, 0x000001d4acc931b8]
Event: 86.517 Thread 0x000001d4c126fd60 12207       3       com.android.tools.r8.ir.conversion.N::a (711 bytes)
Event: 86.518 Thread 0x000001d4c126d2a0 nmethod 12204 0x000001d4b3307b90 code [0x000001d4b3307d40, 0x000001d4b3307f88]
Event: 86.519 Thread 0x000001d4c126d2a0 12209       4       com.android.tools.r8.graph.W::t (25 bytes)
Event: 86.519 Thread 0x000001d4c126d2a0 nmethod 12209 0x000001d4b3308190 code [0x000001d4b3308300, 0x000001d4b3308358]
Event: 86.520 Thread 0x000001d4c126fd60 nmethod 12207 0x000001d4acc93290 code [0x000001d4acc93700, 0x000001d4acc959e8]
Event: 86.520 Thread 0x000001d4c126fd60 12208       3       java.util.Collections$SetFromMap::forEach (11 bytes)
Event: 86.521 Thread 0x000001d4c126fd60 nmethod 12208 0x000001d4acc96690 code [0x000001d4acc96840, 0x000001d4acc96a08]
Event: 86.522 Thread 0x000001d4c126fd60 12210       3       com.android.tools.r8.s.a.p.t::<init> (33 bytes)
Event: 86.523 Thread 0x000001d4c126fd60 nmethod 12210 0x000001d4acc96b10 code [0x000001d4acc96ce0, 0x000001d4acc971f8]

GC Heap History (20 events):
Event: 75.012 GC heap before
{Heap before GC invocations=49 (full 0):
 garbage-first heap   total 142336K, used 109553K [0x0000000080000000, 0x0000000100000000)
  region size 1024K, 36 young (36864K), 3 survivors (3072K)
 Metaspace       used 66395K, capacity 67538K, committed 67712K, reserved 1107968K
  class space    used 8661K, capacity 8985K, committed 9088K, reserved 1048576K
}
Event: 75.023 GC heap after
{Heap after GC invocations=50 (full 0):
 garbage-first heap   total 142336K, used 78264K [0x0000000080000000, 0x0000000100000000)
  region size 1024K, 3 young (3072K), 3 survivors (3072K)
 Metaspace       used 66395K, capacity 67538K, committed 67712K, reserved 1107968K
  class space    used 8661K, capacity 8985K, committed 9088K, reserved 1048576K
}
Event: 77.329 GC heap before
{Heap before GC invocations=50 (full 0):
 garbage-first heap   total 142336K, used 118200K [0x0000000080000000, 0x0000000100000000)
  region size 1024K, 43 young (44032K), 3 survivors (3072K)
 Metaspace       used 66826K, capacity 68016K, committed 68224K, reserved 1107968K
  class space    used 8725K, capacity 9055K, committed 9088K, reserved 1048576K
}
Event: 77.343 GC heap after
{Heap after GC invocations=51 (full 0):
 garbage-first heap   total 142336K, used 79989K [0x0000000080000000, 0x0000000100000000)
  region size 1024K, 5 young (5120K), 5 survivors (5120K)
 Metaspace       used 66826K, capacity 68016K, committed 68224K, reserved 1107968K
  class space    used 8725K, capacity 9055K, committed 9088K, reserved 1048576K
}
Event: 78.264 GC heap before
{Heap before GC invocations=52 (full 0):
 garbage-first heap   total 142336K, used 93301K [0x0000000080000000, 0x0000000100000000)
  region size 1024K, 13 young (13312K), 5 survivors (5120K)
 Metaspace       used 68068K, capacity 69266K, committed 69504K, reserved 1110016K
  class space    used 8909K, capacity 9226K, committed 9344K, reserved 1048576K
}
Event: 78.278 GC heap after
{Heap after GC invocations=53 (full 0):
 garbage-first heap   total 142336K, used 80758K [0x0000000080000000, 0x0000000100000000)
  region size 1024K, 4 young (4096K), 4 survivors (4096K)
 Metaspace       used 68068K, capacity 69266K, committed 69504K, reserved 1110016K
  class space    used 8909K, capacity 9226K, committed 9344K, reserved 1048576K
}
Event: 78.985 GC heap before
{Heap before GC invocations=54 (full 0):
 garbage-first heap   total 165888K, used 103286K [0x0000000080000000, 0x0000000100000000)
  region size 1024K, 23 young (23552K), 4 survivors (4096K)
 Metaspace       used 69241K, capacity 70453K, committed 70656K, reserved 1110016K
  class space    used 9066K, capacity 9387K, committed 9472K, reserved 1048576K
}
Event: 79.004 GC heap after
{Heap after GC invocations=55 (full 0):
 garbage-first heap   total 165888K, used 94351K [0x0000000080000000, 0x0000000100000000)
  region size 1024K, 6 young (6144K), 6 survivors (6144K)
 Metaspace       used 69241K, capacity 70453K, committed 70656K, reserved 1110016K
  class space    used 9066K, capacity 9387K, committed 9472K, reserved 1048576K
}
Event: 79.910 GC heap before
{Heap before GC invocations=56 (full 0):
 garbage-first heap   total 178176K, used 119951K [0x0000000080000000, 0x0000000100000000)
  region size 1024K, 23 young (23552K), 6 survivors (6144K)
 Metaspace       used 70583K, capacity 71792K, committed 72064K, reserved 1112064K
  class space    used 9225K, capacity 9556K, committed 9600K, reserved 1048576K
}
Event: 79.930 GC heap after
{Heap after GC invocations=57 (full 0):
 garbage-first heap   total 178176K, used 111123K [0x0000000080000000, 0x0000000100000000)
  region size 1024K, 6 young (6144K), 6 survivors (6144K)
 Metaspace       used 70583K, capacity 71792K, committed 72064K, reserved 1112064K
  class space    used 9225K, capacity 9556K, committed 9600K, reserved 1048576K
}
Event: 80.498 GC heap before
{Heap before GC invocations=57 (full 0):
 garbage-first heap   total 240640K, used 170515K [0x0000000080000000, 0x0000000100000000)
  region size 1024K, 35 young (35840K), 6 survivors (6144K)
 Metaspace       used 70954K, capacity 72145K, committed 72320K, reserved 1112064K
  class space    used 9275K, capacity 9588K, committed 9600K, reserved 1048576K
}
Event: 80.523 GC heap after
{Heap after GC invocations=58 (full 0):
 garbage-first heap   total 240640K, used 141345K [0x0000000080000000, 0x0000000100000000)
  region size 1024K, 5 young (5120K), 5 survivors (5120K)
 Metaspace       used 70954K, capacity 72145K, committed 72320K, reserved 1112064K
  class space    used 9275K, capacity 9588K, committed 9600K, reserved 1048576K
}
Event: 82.754 GC heap before
{Heap before GC invocations=59 (full 0):
 garbage-first heap   total 240640K, used 184353K [0x0000000080000000, 0x0000000100000000)
  region size 1024K, 48 young (49152K), 5 survivors (5120K)
 Metaspace       used 75055K, capacity 76197K, committed 76288K, reserved 1116160K
  class space    used 9902K, capacity 10213K, committed 10240K, reserved 1048576K
}
Event: 82.803 GC heap after
{Heap after GC invocations=60 (full 0):
 garbage-first heap   total 240640K, used 153340K [0x0000000080000000, 0x0000000100000000)
  region size 1024K, 6 young (6144K), 6 survivors (6144K)
 Metaspace       used 75055K, capacity 76197K, committed 76288K, reserved 1116160K
  class space    used 9902K, capacity 10213K, committed 10240K, reserved 1048576K
}
Event: 83.267 GC heap before
{Heap before GC invocations=60 (full 0):
 garbage-first heap   total 240640K, used 165628K [0x0000000080000000, 0x0000000100000000)
  region size 1024K, 20 young (20480K), 6 survivors (6144K)
 Metaspace       used 75387K, capacity 76645K, committed 76928K, reserved 1116160K
  class space    used 9947K, capacity 10277K, committed 10368K, reserved 1048576K
}
Event: 83.310 GC heap after
{Heap after GC invocations=61 (full 0):
 garbage-first heap   total 240640K, used 159078K [0x0000000080000000, 0x0000000100000000)
  region size 1024K, 5 young (5120K), 5 survivors (5120K)
 Metaspace       used 75387K, capacity 76645K, committed 76928K, reserved 1116160K
  class space    used 9947K, capacity 10277K, committed 10368K, reserved 1048576K
}
Event: 84.667 GC heap before
{Heap before GC invocations=62 (full 0):
 garbage-first heap   total 281600K, used 188774K [0x0000000080000000, 0x0000000100000000)
  region size 1024K, 32 young (32768K), 5 survivors (5120K)
 Metaspace       used 75949K, capacity 77157K, committed 77440K, reserved 1116160K
  class space    used 9956K, capacity 10277K, committed 10368K, reserved 1048576K
}
Event: 84.734 GC heap after
{Heap after GC invocations=63 (full 0):
 garbage-first heap   total 281600K, used 168553K [0x0000000080000000, 0x0000000100000000)
  region size 1024K, 4 young (4096K), 4 survivors (4096K)
 Metaspace       used 75949K, capacity 77157K, committed 77440K, reserved 1116160K
  class space    used 9956K, capacity 10277K, committed 10368K, reserved 1048576K
}
Event: 85.822 GC heap before
{Heap before GC invocations=63 (full 0):
 garbage-first heap   total 281600K, used 191081K [0x0000000080000000, 0x0000000100000000)
  region size 1024K, 27 young (27648K), 4 survivors (4096K)
 Metaspace       used 76336K, capacity 77541K, committed 77696K, reserved 1116160K
  class space    used 9962K, capacity 10277K, committed 10368K, reserved 1048576K
}
Event: 85.882 GC heap after
{Heap after GC invocations=64 (full 0):
 garbage-first heap   total 281600K, used 176446K [0x0000000080000000, 0x0000000100000000)
  region size 1024K, 7 young (7168K), 7 survivors (7168K)
 Metaspace       used 76336K, capacity 77541K, committed 77696K, reserved 1116160K
  class space    used 9962K, capacity 10277K, committed 10368K, reserved 1048576K
}

Deoptimization events (20 events):
Event: 85.917 Thread 0x000001d4c8932550 Uncommon trap: trap_request=0xffffff45 fr.pc=0x000001d4b2fa29ec relative=0x000000000000062c
Event: 85.917 Thread 0x000001d4c8932550 Uncommon trap: reason=unstable_if action=reinterpret pc=0x000001d4b2fa29ec method=java.util.HashMap$HashIterator.<init>(Ljava/util/HashMap;)V @ 45 c2
Event: 85.917 Thread 0x000001d4c8932550 DEOPT PACKING pc=0x000001d4b2fa29ec sp=0x000000c5664fc560
Event: 85.917 Thread 0x000001d4c8932550 DEOPT UNPACKING pc=0x000001d4ab19e12f sp=0x000000c5664fc3e8 mode 2
Event: 85.959 Thread 0x000001d4c8932550 Uncommon trap: trap_request=0xffffff45 fr.pc=0x000001d4b32cbe44 relative=0x00000000000000a4
Event: 85.959 Thread 0x000001d4c8932550 Uncommon trap: reason=unstable_if action=reinterpret pc=0x000001d4b32cbe44 method=com.android.tools.r8.s.b.q1.R()Z @ 17 c2
Event: 85.959 Thread 0x000001d4c8932550 DEOPT PACKING pc=0x000001d4b32cbe44 sp=0x000000c5664fc590
Event: 85.960 Thread 0x000001d4c8932550 DEOPT UNPACKING pc=0x000001d4ab19e12f sp=0x000000c5664fc528 mode 2
Event: 85.972 Thread 0x000001d4c8932550 Uncommon trap: trap_request=0xffffffde fr.pc=0x000001d4b32913c4 relative=0x0000000000000d44
Event: 85.972 Thread 0x000001d4c8932550 Uncommon trap: reason=class_check action=maybe_recompile pc=0x000001d4b32913c4 method=com.android.tools.r8.s.b.Z.next()Ljava/lang/Object; @ 100 c2
Event: 85.972 Thread 0x000001d4c8932550 DEOPT PACKING pc=0x000001d4b32913c4 sp=0x000000c5664fbfd0
Event: 85.972 Thread 0x000001d4c8932550 DEOPT UNPACKING pc=0x000001d4ab19e12f sp=0x000000c5664fbfb0 mode 2
Event: 85.972 Thread 0x000001d4c8932550 Uncommon trap: trap_request=0xffffffde fr.pc=0x000001d4b32913c4 relative=0x0000000000000d44
Event: 85.972 Thread 0x000001d4c8932550 Uncommon trap: reason=class_check action=maybe_recompile pc=0x000001d4b32913c4 method=com.android.tools.r8.s.b.Z.next()Ljava/lang/Object; @ 100 c2
Event: 85.972 Thread 0x000001d4c8932550 DEOPT PACKING pc=0x000001d4b32913c4 sp=0x000000c5664fbfd0
Event: 85.972 Thread 0x000001d4c8932550 DEOPT UNPACKING pc=0x000001d4ab19e12f sp=0x000000c5664fbfb0 mode 2
Event: 86.429 Thread 0x000001d4c5706ee0 Uncommon trap: trap_request=0xffffff45 fr.pc=0x000001d4b32d0754 relative=0x0000000000001174
Event: 86.429 Thread 0x000001d4c5706ee0 Uncommon trap: reason=unstable_if action=reinterpret pc=0x000001d4b32d0754 method=com.android.tools.r8.s.a.p.u.G()Z @ 18 c2
Event: 86.430 Thread 0x000001d4c5706ee0 DEOPT PACKING pc=0x000001d4b32d0754 sp=0x000000c5686fc0c0
Event: 86.430 Thread 0x000001d4c5706ee0 DEOPT UNPACKING pc=0x000001d4ab19e12f sp=0x000000c5686fc030 mode 2

Classes unloaded (11 events):
Event: 62.554 Thread 0x000001d4c124d500 Unloading class 0x00000008013e6440 'java/lang/invoke/LambdaForm$DMH+0x00000008013e6440'
Event: 62.554 Thread 0x000001d4c124d500 Unloading class 0x00000008013e6c40 'java/lang/invoke/LambdaForm$DMH+0x00000008013e6c40'
Event: 86.550 Thread 0x000001d4c124d500 Unloading class 0x0000000801527040 'java/lang/invoke/LambdaForm$DMH+0x0000000801527040'
Event: 86.550 Thread 0x000001d4c124d500 Unloading class 0x0000000801527840 'java/lang/invoke/LambdaForm$DMH+0x0000000801527840'
Event: 86.550 Thread 0x000001d4c124d500 Unloading class 0x0000000801442840 'java/lang/invoke/LambdaForm$DMH+0x0000000801442840'
Event: 86.550 Thread 0x000001d4c124d500 Unloading class 0x0000000801443040 'java/lang/invoke/LambdaForm$DMH+0x0000000801443040'
Event: 86.550 Thread 0x000001d4c124d500 Unloading class 0x0000000801443c40 'java/lang/invoke/LambdaForm$DMH+0x0000000801443c40'
Event: 86.550 Thread 0x000001d4c124d500 Unloading class 0x0000000801444440 'java/lang/invoke/LambdaForm$DMH+0x0000000801444440'
Event: 86.550 Thread 0x000001d4c124d500 Unloading class 0x0000000801444040 'java/lang/invoke/LambdaForm$DMH+0x0000000801444040'
Event: 86.550 Thread 0x000001d4c124d500 Unloading class 0x0000000801444840 'java/lang/invoke/LambdaForm$DMH+0x0000000801444840'
Event: 86.550 Thread 0x000001d4c124d500 Unloading class 0x0000000801445440 'java/lang/invoke/LambdaForm$DMH+0x0000000801445440'

Classes redefined (0 events):
No events

Internal exceptions (20 events):
Event: 79.473 Thread 0x000001d4c8932550 Exception <a 'java/lang/NoSuchMethodError'{0x000000008ab33440}: 'java.lang.Object java.lang.invoke.DirectMethodHandle$Holder.newInvokeSpecial(java.lang.Object, java.lang.Object, int, java.lang.Object, java.lang.Object)'> (0x000000008ab33440) 
thrown [./open/src/hotspot/share/interpreter/linkResolver.cpp, line 782]
Event: 79.614 Thread 0x000001d4c5706ee0 Exception <a 'sun/nio/fs/WindowsException'{0x000000008a9f1d60}> (0x000000008a9f1d60) 
thrown [./open/src/hotspot/share/prims/jni.cpp, line 578]
Event: 79.821 Thread 0x000001d4c5706070 Exception <a 'sun/nio/fs/WindowsException'{0x000000008a42c470}> (0x000000008a42c470) 
thrown [./open/src/hotspot/share/prims/jni.cpp, line 578]
Event: 79.836 Thread 0x000001d4c8932550 Exception <a 'java/lang/NoSuchMethodError'{0x000000008a370cf0}: 'void java.lang.invoke.DirectMethodHandle$Holder.invokeStatic(java.lang.Object, java.lang.Object, java.lang.Object, int)'> (0x000000008a370cf0) 
thrown [./open/src/hotspot/share/interpreter/linkResolver.cpp, line 782]
Event: 79.838 Thread 0x000001d4c8932550 Exception <a 'java/lang/IncompatibleClassChangeError'{0x000000008a3b7348}: Found class java.lang.Object, but interface was expected> (0x000000008a3b7348) 
thrown [./open/src/hotspot/share/interpreter/linkResolver.cpp, line 848]
Event: 80.873 Thread 0x000001d4c892f530 Exception <a 'java/lang/NoSuchMethodError'{0x000000008e3a5ed8}: 'void java.lang.invoke.DirectMethodHandle$Holder.invokeStaticInit(java.lang.Object, java.lang.Object, java.lang.Object, java.lang.Object, java.lang.Object)'> (0x000000008e3a5ed8) 
thrown [./open/src/hotspot/share/interpreter/linkResolver.cpp, line 782]
Event: 80.874 Thread 0x000001d4c5706ee0 Exception <a 'java/lang/NoSuchMethodError'{0x000000008e2617a8}: 'void java.lang.invoke.DirectMethodHandle$Holder.invokeStaticInit(java.lang.Object, java.lang.Object, java.lang.Object, java.lang.Object, java.lang.Object)'> (0x000000008e2617a8) 
thrown [./open/src/hotspot/share/interpreter/linkResolver.cpp, line 782]
Event: 80.877 Thread 0x000001d4c8932550 Exception <a 'java/lang/NoSuchMethodError'{0x000000008e26c350}: 'void java.lang.invoke.DirectMethodHandle$Holder.invokeStaticInit(java.lang.Object, java.lang.Object, java.lang.Object, java.lang.Object, java.lang.Object)'> (0x000000008e26c350) 
thrown [./open/src/hotspot/share/interpreter/linkResolver.cpp, line 782]
Event: 80.878 Thread 0x000001d4c892f530 Exception <a 'java/lang/NoSuchMethodError'{0x000000008e27a3e0}: 'java.lang.Object java.lang.invoke.DirectMethodHandle$Holder.invokeStatic(java.lang.Object, int, java.lang.Object, java.lang.Object)'> (0x000000008e27a3e0) 
thrown [./open/src/hotspot/share/interpreter/linkResolver.cpp, line 782]
Event: 80.878 Thread 0x000001d4c5706ee0 Exception <a 'java/lang/NoSuchMethodError'{0x000000008e2915a0}: 'java.lang.Object java.lang.invoke.DirectMethodHandle$Holder.invokeStatic(java.lang.Object, int, java.lang.Object, java.lang.Object)'> (0x000000008e2915a0) 
thrown [./open/src/hotspot/share/interpreter/linkResolver.cpp, line 782]
Event: 80.878 Thread 0x000001d4c8932550 Exception <a 'java/lang/NoSuchMethodError'{0x000000008e272050}: 'java.lang.Object java.lang.invoke.DirectMethodHandle$Holder.invokeStatic(java.lang.Object, int, java.lang.Object, java.lang.Object)'> (0x000000008e272050) 
thrown [./open/src/hotspot/share/interpreter/linkResolver.cpp, line 782]
Event: 80.986 Thread 0x000001d4c5706ee0 Exception <a 'java/lang/NoSuchMethodError'{0x000000008dbe6700}: 'long java.lang.invoke.DirectMethodHandle$Holder.invokeStatic(java.lang.Object, java.lang.Object)'> (0x000000008dbe6700) 
thrown [./open/src/hotspot/share/interpreter/linkResolver.cpp, line 782]
Event: 80.986 Thread 0x000001d4c892f530 Exception <a 'java/lang/NoSuchMethodError'{0x000000008e1e0a90}: 'long java.lang.invoke.DirectMethodHandle$Holder.invokeStatic(java.lang.Object, java.lang.Object)'> (0x000000008e1e0a90) 
thrown [./open/src/hotspot/share/interpreter/linkResolver.cpp, line 782]
Event: 80.986 Thread 0x000001d4c8932550 Exception <a 'java/lang/NoSuchMethodError'{0x000000008e1d0810}: 'long java.lang.invoke.DirectMethodHandle$Holder.invokeStatic(java.lang.Object, java.lang.Object)'> (0x000000008e1d0810) 
thrown [./open/src/hotspot/share/interpreter/linkResolver.cpp, line 782]
Event: 81.018 Thread 0x000001d4c5706ee0 Exception <a 'java/lang/NoSuchMethodError'{0x000000008da3f898}: 'void java.lang.invoke.DirectMethodHandle$Holder.invokeSpecial(java.lang.Object, java.lang.Object, int, java.lang.Object)'> (0x000000008da3f898) 
thrown [./open/src/hotspot/share/interpreter/linkResolver.cpp, line 782]
Event: 81.537 Thread 0x000001d4c5706ee0 Exception <a 'java/lang/NoSuchMethodError'{0x000000008cf0b408}: 'java.lang.Object java.lang.invoke.DirectMethodHandle$Holder.invokeVirtual(java.lang.Object, java.lang.Object, int, java.lang.Object)'> (0x000000008cf0b408) 
thrown [./open/src/hotspot/share/interpreter/linkResolver.cpp, line 782]
Event: 81.538 Thread 0x000001d4c892f530 Exception <a 'java/lang/NoSuchMethodError'{0x000000008cf12338}: 'java.lang.Object java.lang.invoke.DirectMethodHandle$Holder.invokeVirtual(java.lang.Object, java.lang.Object, int, java.lang.Object)'> (0x000000008cf12338) 
thrown [./open/src/hotspot/share/interpreter/linkResolver.cpp, line 782]
Event: 81.610 Thread 0x000001d4c892f530 Exception <a 'java/lang/NoSuchMethodError'{0x000000008ce1f208}: 'void java.lang.invoke.DirectMethodHandle$Holder.invokeVirtual(java.lang.Object, java.lang.Object, int, java.lang.Object)'> (0x000000008ce1f208) 
thrown [./open/src/hotspot/share/interpreter/linkResolver.cpp, line 782]
Event: 81.853 Thread 0x000001d4c5706ee0 Exception <a 'java/lang/NoSuchMethodError'{0x000000008c7cc338}: 'int java.lang.invoke.DirectMethodHandle$Holder.invokeSpecial(java.lang.Object, java.lang.Object, java.lang.Object, int)'> (0x000000008c7cc338) 
thrown [./open/src/hotspot/share/interpreter/linkResolver.cpp, line 782]
Event: 81.873 Thread 0x000001d4c5706ee0 Exception <a 'java/lang/NoSuchMethodError'{0x000000008c6205f8}: 'int java.lang.invoke.DirectMethodHandle$Holder.invokeSpecial(java.lang.Object, java.lang.Object, java.lang.Object, int, java.lang.Object)'> (0x000000008c6205f8) 
thrown [./open/src/hotspot/share/interpreter/linkResolver.cpp, line 782]

Events (20 events):
Event: 83.738 Executing VM operation: G1Concurrent
Event: 83.754 Executing VM operation: G1Concurrent done
Event: 83.858 Executing VM operation: HandshakeAllThreads
Event: 83.905 Executing VM operation: HandshakeAllThreads done
Event: 84.033 Executing VM operation: G1Concurrent
Event: 84.099 Executing VM operation: G1Concurrent done
Event: 84.656 Executing VM operation: G1CollectForAllocation
Event: 84.798 Executing VM operation: G1CollectForAllocation done
Event: 85.559 Executing VM operation: HandshakeAllThreads
Event: 85.634 Executing VM operation: HandshakeAllThreads done
Event: 85.643 Executing VM operation: ICBufferFull
Event: 85.700 Executing VM operation: ICBufferFull done
Event: 85.700 Executing VM operation: G1TryInitiateConcMark
Event: 86.002 Executing VM operation: G1TryInitiateConcMark done
Event: 86.379 Thread 0x000001d4c5ced020 Thread exited: 0x000001d4c5ced020
Event: 86.384 Executing VM operation: ICBufferFull
Event: 86.403 Executing VM operation: ICBufferFull done
Event: 86.487 loading class java/util/IdentityHashMap$ValueIterator
Event: 86.493 loading class java/util/IdentityHashMap$ValueIterator done
Event: 86.534 Executing VM operation: G1Concurrent


Dynamic libraries:
0x00007ff70c820000 - 0x00007ff70c82f000 	C:\Program Files\Java\jdk-15.0.1\bin\java.exe
0x00007ffb59c20000 - 0x00007ffb59e10000 	C:\Windows\SYSTEM32\ntdll.dll
0x00007ffb58e50000 - 0x00007ffb58f02000 	C:\Windows\System32\KERNEL32.DLL
0x00007ffb576b0000 - 0x00007ffb57952000 	C:\Windows\System32\KERNELBASE.dll
0x00007ffb57a60000 - 0x00007ffb57b5a000 	C:\Windows\System32\ucrtbase.dll
0x00007ffb52300000 - 0x00007ffb52318000 	C:\Program Files\Java\jdk-15.0.1\bin\jli.dll
0x00007ffb58cd0000 - 0x00007ffb58d73000 	C:\Windows\System32\ADVAPI32.dll
0x00007ffb522e0000 - 0x00007ffb522f9000 	C:\Program Files\Java\jdk-15.0.1\bin\VCRUNTIME140.dll
0x00007ffb59980000 - 0x00007ffb59a1e000 	C:\Windows\System32\msvcrt.dll
0x00007ffb598e0000 - 0x00007ffb59977000 	C:\Windows\System32\sechost.dll
0x00007ffb595b0000 - 0x00007ffb596d0000 	C:\Windows\System32\RPCRT4.dll
0x00007ffb584d0000 - 0x00007ffb58663000 	C:\Windows\System32\USER32.dll
0x00007ffb57cb0000 - 0x00007ffb57cd1000 	C:\Windows\System32\win32u.dll
0x00007ffb58f10000 - 0x00007ffb58f36000 	C:\Windows\System32\GDI32.dll
0x00007ffb56d70000 - 0x00007ffb56f04000 	C:\Windows\System32\gdi32full.dll
0x00007ffb462d0000 - 0x00007ffb46555000 	C:\Windows\WinSxS\amd64_microsoft.windows.common-controls_6595b64144ccf1df_6.0.18362.30_none_a1435978519dce7f\COMCTL32.dll
0x00007ffb56ca0000 - 0x00007ffb56d3e000 	C:\Windows\System32\msvcp_win.dll
0x00007ffb58740000 - 0x00007ffb58a76000 	C:\Windows\System32\combase.dll
0x00007ffb56bb0000 - 0x00007ffb56c31000 	C:\Windows\System32\bcryptPrimitives.dll
0x00007ffb50010000 - 0x00007ffb5001a000 	C:\Windows\SYSTEM32\VERSION.dll
0x00007ffb590a0000 - 0x00007ffb590ce000 	C:\Windows\System32\IMM32.DLL
0x00007ffb534b0000 - 0x00007ffb534bc000 	C:\Program Files\Java\jdk-15.0.1\bin\vcruntime140_1.dll
0x00007ffb13840000 - 0x00007ffb138d1000 	C:\Program Files\Java\jdk-15.0.1\bin\msvcp140.dll
0x00007ffafd500000 - 0x00007ffafe05e000 	C:\Program Files\Java\jdk-15.0.1\bin\server\jvm.dll
0x00007ffb57d60000 - 0x00007ffb57d68000 	C:\Windows\System32\PSAPI.DLL
0x00007ffb53440000 - 0x00007ffb53449000 	C:\Windows\SYSTEM32\WSOCK32.dll
0x00007ffb59a40000 - 0x00007ffb59aaf000 	C:\Windows\System32\WS2_32.dll
0x00007ffb54be0000 - 0x00007ffb54c04000 	C:\Windows\SYSTEM32\WINMM.dll
0x00007ffb54bb0000 - 0x00007ffb54bdd000 	C:\Windows\SYSTEM32\WINMMBASE.dll
0x00007ffb57a10000 - 0x00007ffb57a5a000 	C:\Windows\System32\cfgmgr32.dll
0x00007ffb56b00000 - 0x00007ffb56b11000 	C:\Windows\System32\kernel.appcore.dll
0x00007ffb522b0000 - 0x00007ffb522ba000 	C:\Program Files\Java\jdk-15.0.1\bin\jimage.dll
0x00007ffb44670000 - 0x00007ffb44864000 	C:\Windows\SYSTEM32\DBGHELP.DLL
0x00007ffb44430000 - 0x00007ffb4445a000 	C:\Windows\SYSTEM32\dbgcore.DLL
0x00007ffb44310000 - 0x00007ffb44335000 	C:\Program Files\Java\jdk-15.0.1\bin\java.dll
0x00007ffb57df0000 - 0x00007ffb584d0000 	C:\Windows\System32\SHELL32.dll
0x00007ffb58a80000 - 0x00007ffb58b29000 	C:\Windows\System32\shcore.dll
0x00007ffb56f10000 - 0x00007ffb5768b000 	C:\Windows\System32\windows.storage.dll
0x00007ffb56b90000 - 0x00007ffb56baf000 	C:\Windows\System32\profapi.dll
0x00007ffb56b20000 - 0x00007ffb56b6a000 	C:\Windows\System32\powrprof.dll
0x00007ffb56af0000 - 0x00007ffb56b00000 	C:\Windows\System32\UMPDC.dll
0x00007ffb58b30000 - 0x00007ffb58b82000 	C:\Windows\System32\shlwapi.dll
0x00007ffb57690000 - 0x00007ffb576a7000 	C:\Windows\System32\cryptsp.dll
0x00007ffb50a20000 - 0x00007ffb50a39000 	C:\Program Files\Java\jdk-15.0.1\bin\net.dll
0x00007ffb4ff20000 - 0x00007ffb5000f000 	C:\Windows\SYSTEM32\WINHTTP.dll
0x00007ffb56300000 - 0x00007ffb56367000 	C:\Windows\system32\mswsock.dll
0x00007ffb50940000 - 0x00007ffb50952000 	C:\Program Files\Java\jdk-15.0.1\bin\nio.dll
0x00007ffb4ca00000 - 0x00007ffb4ca18000 	C:\Program Files\Java\jdk-15.0.1\bin\zip.dll
0x00007ffb52290000 - 0x00007ffb522a0000 	C:\Program Files\Java\jdk-15.0.1\bin\verify.dll
0x00007ffb4b810000 - 0x00007ffb4b837000 	C:\Users\Workstation\.gradle\native\f6784746aeab05261644944871eae4fe03e0ef1612fff0a4a95f87b438bc6780\windows-amd64\native-platform.dll
0x00007ffb4b690000 - 0x00007ffb4b699000 	C:\Program Files\Java\jdk-15.0.1\bin\management.dll
0x00007ffb4b680000 - 0x00007ffb4b68b000 	C:\Program Files\Java\jdk-15.0.1\bin\management_ext.dll
0x00007ffb55ec0000 - 0x00007ffb55ef3000 	C:\Windows\system32\rsaenh.dll
0x00007ffb56d40000 - 0x00007ffb56d66000 	C:\Windows\System32\bcrypt.dll
0x00007ffb569e0000 - 0x00007ffb56a05000 	C:\Windows\SYSTEM32\USERENV.dll
0x00007ffb569d0000 - 0x00007ffb569dc000 	C:\Windows\SYSTEM32\CRYPTBASE.dll
0x00007ffb56060000 - 0x00007ffb5609a000 	C:\Windows\SYSTEM32\IPHLPAPI.DLL
0x00007ffb58e40000 - 0x00007ffb58e48000 	C:\Windows\System32\NSI.dll
0x00007ffb493a0000 - 0x00007ffb493b6000 	C:\Windows\SYSTEM32\dhcpcsvc6.DLL
0x00007ffb49580000 - 0x00007ffb4959c000 	C:\Windows\SYSTEM32\dhcpcsvc.DLL
0x00007ffb560a0000 - 0x00007ffb5616a000 	C:\Windows\SYSTEM32\DNSAPI.dll
0x00007ffb499e0000 - 0x00007ffb499eb000 	C:\Windows\SYSTEM32\WINNSI.DLL

dbghelp: loaded successfully - version: 4.0.5 - missing functions: none
symbol engine: initialized successfully - sym options: 0x614 - pdb path: .;C:\Program Files\Java\jdk-15.0.1\bin;C:\Windows\SYSTEM32;C:\Windows\WinSxS\amd64_microsoft.windows.common-controls_6595b64144ccf1df_6.0.18362.30_none_a1435978519dce7f;C:\Program Files\Java\jdk-15.0.1\bin\server;C:\Users\Workstation\.gradle\native\f6784746aeab05261644944871eae4fe03e0ef1612fff0a4a95f87b438bc6780\windows-amd64

VM Arguments:
jvm_args: --add-opens=java.base/java.util=ALL-UNNAMED --add-opens=java.base/java.lang=ALL-UNNAMED --add-opens=java.base/java.lang.invoke=ALL-UNNAMED --add-opens=java.prefs/java.util.prefs=ALL-UNNAMED -Xmx2048m -Dfile.encoding=UTF-8 -Duser.country=US -Duser.language=en -Duser.variant 
java_command: org.gradle.launcher.daemon.bootstrap.GradleDaemon 6.5
java_class_path (initial): C:\Users\Workstation\.gradle\wrapper\dists\gradle-6.5-bin\6nifqtx7604sqp1q6g8wikw7p\gradle-6.5\lib\gradle-launcher-6.5.jar
Launcher Type: SUN_STANDARD

[Global flags]
     intx CICompilerCount                          = 3                                         {product} {ergonomic}
     uint ConcGCThreads                            = 1                                         {product} {ergonomic}
     uint G1ConcRefinementThreads                  = 4                                         {product} {ergonomic}
   size_t G1HeapRegionSize                         = 1048576                                   {product} {ergonomic}
    uintx GCDrainStackTargetSize                   = 64                                        {product} {ergonomic}
   size_t InitialHeapSize                          = 251658240                                 {product} {ergonomic}
   size_t MarkStackSize                            = 4194304                                   {product} {ergonomic}
   size_t MaxHeapSize                              = 2147483648                                {product} {command line}
   size_t MaxNewSize                               = 1287651328                                {product} {ergonomic}
   size_t MinHeapDeltaBytes                        = 1048576                                   {product} {ergonomic}
   size_t MinHeapSize                              = 8388608                                   {product} {ergonomic}
    uintx NonNMethodCodeHeapSize                   = 5832780                                {pd product} {ergonomic}
    uintx NonProfiledCodeHeapSize                  = 122912730                              {pd product} {ergonomic}
    uintx ProfiledCodeHeapSize                     = 122912730                              {pd product} {ergonomic}
    uintx ReservedCodeCacheSize                    = 251658240                              {pd product} {ergonomic}
     bool SegmentedCodeCache                       = true                                      {product} {ergonomic}
   size_t SoftMaxHeapSize                          = 2147483648                             {manageable} {ergonomic}
     bool UseCompressedClassPointers               = true                                 {lp64_product} {ergonomic}
     bool UseCompressedOops                        = true                                 {lp64_product} {ergonomic}
     bool UseG1GC                                  = true                                      {product} {ergonomic}
     bool UseLargePagesIndividualAllocation        = false                                  {pd product} {ergonomic}

Logging:
Log output configuration:
 #0: stdout all=warning uptime,level,tags
 #1: stderr all=off uptime,level,tags

Environment Variables:
JAVA_HOME=C:\Program Files\Java\jdk-15.0.1
PATH=C:\Program Files\Java\jdk-15.0.1\bin;C:\Program Files\Common Files\Oracle\Java\javapath;C:\Program Files (x86)\Common Files\Oracle\Java\javapath;C:\Windows\system32;C:\Windows;C:\Windows\System32\Wbem;C:\Windows\System32\WindowsPowerShell\v1.0\;C:\Windows\System32\OpenSSH\;C:\flutter\bin;C:\Program Files\Git\cmd;C:\Users\Workstation\AppData\Local\Microsoft\WindowsApps;
USERNAME=Workstation
OS=Windows_NT
PROCESSOR_IDENTIFIER=AMD64 Family 21 Model 96 Stepping 1, AuthenticAMD



---------------  S Y S T E M  ---------------

OS:
 Windows 10 , 64 bit Build 18362 (10.0.18362.1)
OS uptime: 48 days 10:26 hours

CPU: total 4 (initial active 4) (4 cores per cpu, 1 threads per core) family 21 model 96 stepping 1 microcode 0x0, cmov, cx8, fxsr, mmx, sse, sse2, sse3, ssse3, sse4.1, sse4.2, popcnt, vzeroupper, avx, avx2, aes, clmul, 3dnowpref, lzcnt, sse4a, tsc, tscinvbit, tscinv, bmi1, bmi2, fma, clflush

Memory: 4k page, system-wide physical 15274M (470M free)
TotalPageFile size 23274M (AvailPageFile size 13M)
current process WorkingSet (physical memory assigned to process): 515M, peak: 515M
current process commit charge ("private bytes"): 569M, peak: 606M

vm_info: Java HotSpot(TM) 64-Bit Server VM (15.0.1+9-18) for windows-amd64 JRE (15.0.1+9-18), built on Sep 15 2020 14:43:54 by "mach5one" with unknown MS VC++:1925

END.
